#! /opt/homebrew/Cellar/icarus-verilog/11.0/bin/vvp
:ivl_version "11.0 (stable)";
:ivl_delay_selection "TYPICAL";
:vpi_time_precision - 12;
:vpi_module "/opt/homebrew/Cellar/icarus-verilog/11.0/lib/ivl/system.vpi";
:vpi_module "/opt/homebrew/Cellar/icarus-verilog/11.0/lib/ivl/vhdl_sys.vpi";
:vpi_module "/opt/homebrew/Cellar/icarus-verilog/11.0/lib/ivl/vhdl_textio.vpi";
:vpi_module "/opt/homebrew/Cellar/icarus-verilog/11.0/lib/ivl/v2005_math.vpi";
:vpi_module "/opt/homebrew/Cellar/icarus-verilog/11.0/lib/ivl/va_math.vpi";
S_0x126e06f10 .scope module, "cpuTB" "cpuTB" 2 3;
 .timescale -9 -12;
v0x600003a290e0_0 .var "clk", 0 0;
S_0x126e07080 .scope module, "arm7tdmi" "cpu" 2 7, 3 255 0, S_0x126e06f10;
 .timescale -9 -12;
    .port_info 0 /INPUT 1 "clk";
v0x600003a286c0_0 .net "abus", 31 0, L_0x600002321880;  1 drivers
v0x600003a28750_0 .net "addressbus", 31 0, L_0x600003920320;  1 drivers
v0x600003a287e0_0 .net "alubus", 31 0, L_0x600003922800;  1 drivers
v0x600003a28870_0 .net "bbus", 31 0, L_0x6000023218f0;  1 drivers
v0x600003a28900_0 .net "bbusext", 31 0, L_0x600002321960;  1 drivers
v0x600003a28990_0 .net "clk", 0 0, v0x600003a290e0_0;  1 drivers
v0x600003a28a20_0 .net "ctrl", 31 0, v0x600003a27570_0;  1 drivers
v0x600003a28ab0_0 .var "cycles", 31 0;
v0x600003a28b40_0 .var "i_addressa", 3 0;
v0x600003a28bd0_0 .var "i_addressb", 3 0;
v0x600003a28c60_0 .var "i_opcode", 3 0;
v0x600003a28cf0_0 .var "i_shiftamount", 31 0;
v0x600003a28d80_0 .var "i_shifttype", 1 0;
v0x600003a28e10_0 .net "incrementerbus", 31 0, L_0x600003920640;  1 drivers
v0x600003a28ea0_0 .net "incrinbus", 31 0, L_0x600002321730;  1 drivers
v0x600003a28f30_0 .net "instr", 31 0, L_0x6000023217a0;  1 drivers
o0x128041480 .functor BUFZ 32, C4<zzzzzzzzzzzzzzzzzzzzzzzzzzzzzzzz>; HiZ drive
v0x600003a28fc0_0 .net "memdatain", 31 0, o0x128041480;  0 drivers
v0x600003a29050_0 .net "memdataout", 31 0, L_0x6000023216c0;  1 drivers
L_0x6000039203c0 .part v0x600003a27570_0, 0, 1;
L_0x600003920140 .part v0x600003a27570_0, 1, 1;
L_0x600003920280 .part v0x600003a27570_0, 2, 1;
L_0x600003920460 .part v0x600003a27570_0, 3, 1;
L_0x600003920500 .part v0x600003a27570_0, 4, 1;
L_0x6000039206e0 .part v0x600003a27570_0, 6, 1;
L_0x600003920780 .part v0x600003a27570_0, 7, 1;
L_0x600003920aa0 .part v0x600003a27570_0, 8, 1;
L_0x600003920b40 .part v0x600003a27570_0, 9, 1;
L_0x600003920be0 .part v0x600003a27570_0, 10, 1;
L_0x600003920c80 .part v0x600003a27570_0, 10, 1;
S_0x126e04ab0 .scope module, "addressIncrementerModule" "addressIncrementer" 3 308, 3 86 0, S_0x126e07080;
 .timescale -9 -12;
    .port_info 0 /INPUT 1 "increment";
    .port_info 1 /INPUT 32 "datain";
    .port_info 2 /OUTPUT 32 "dataout";
L_0x128078010 .functor BUFT 1, C4<00000000000000000000000000000100>, C4<0>, C4<0>, C4<0>;
v0x600003a24750_0 .net/2u *"_ivl_0", 31 0, L_0x128078010;  1 drivers
v0x600003a247e0_0 .net *"_ivl_2", 31 0, L_0x6000039205a0;  1 drivers
o0x128040070 .functor BUFZ 32, C4<zzzzzzzzzzzzzzzzzzzzzzzzzzzzzzzz>; HiZ drive
; Elide local net with no drivers, v0x600003a24870_0 name=_ivl_4
v0x600003a24900_0 .net "datain", 31 0, L_0x600002321730;  alias, 1 drivers
v0x600003a24990_0 .net "dataout", 31 0, L_0x600003920640;  alias, 1 drivers
v0x600003a24a20_0 .net "increment", 0 0, L_0x6000039206e0;  1 drivers
L_0x6000039205a0 .arith/sum 32, L_0x600002321730, L_0x128078010;
L_0x600003920640 .functor MUXZ 32, o0x128040070, L_0x6000039205a0, L_0x6000039206e0, C4<>;
S_0x126e04c20 .scope module, "addressRegisterModule" "addressRegister" 3 296, 3 52 0, S_0x126e07080;
 .timescale -9 -12;
    .port_info 0 /INPUT 1 "clk";
    .port_info 1 /INPUT 1 "write";
    .port_info 2 /INPUT 1 "in1on";
    .port_info 3 /INPUT 1 "in2on";
    .port_info 4 /INPUT 1 "out1on";
    .port_info 5 /INPUT 32 "in1";
    .port_info 6 /INPUT 32 "in2";
    .port_info 7 /OUTPUT 32 "out1";
    .port_info 8 /OUTPUT 32 "out2";
L_0x600002321730 .functor BUFZ 32, v0x600003a24b40_0, C4<00000000000000000000000000000000>, C4<00000000000000000000000000000000>, C4<00000000000000000000000000000000>;
o0x1280401c0 .functor BUFZ 32, C4<zzzzzzzzzzzzzzzzzzzzzzzzzzzzzzzz>; HiZ drive
; Elide local net with no drivers, v0x600003a24ab0_0 name=_ivl_0
v0x600003a24b40_0 .var "areg", 31 0;
v0x600003a24bd0_0 .net "clk", 0 0, v0x600003a290e0_0;  alias, 1 drivers
v0x600003a24c60_0 .net "in1", 31 0, L_0x600003922800;  alias, 1 drivers
v0x600003a24cf0_0 .net "in1on", 0 0, L_0x600003920280;  1 drivers
v0x600003a24d80_0 .net "in2", 31 0, L_0x600003920640;  alias, 1 drivers
v0x600003a24e10_0 .net "in2on", 0 0, L_0x600003920460;  1 drivers
v0x600003a24ea0_0 .net "out1", 31 0, L_0x600003920320;  alias, 1 drivers
v0x600003a24f30_0 .net "out1on", 0 0, L_0x600003920500;  1 drivers
v0x600003a24fc0_0 .net "out2", 31 0, L_0x600002321730;  alias, 1 drivers
v0x600003a25050_0 .net "write", 0 0, L_0x600003920140;  1 drivers
E_0x60000062dc20 .event posedge, v0x600003a24bd0_0;
L_0x600003920320 .functor MUXZ 32, o0x1280401c0, v0x600003a24b40_0, L_0x600003920500, C4<>;
S_0x126e045d0 .scope module, "aluModule" "alu" 3 340, 3 212 0, S_0x126e07080;
 .timescale -9 -12;
    .port_info 0 /INPUT 4 "opcode";
    .port_info 1 /INPUT 32 "dataina";
    .port_info 2 /INPUT 32 "datainb";
    .port_info 3 /OUTPUT 32 "dataout";
L_0x6000023219d0 .functor NOT 32, L_0x600002321960, C4<00000000000000000000000000000000>, C4<00000000000000000000000000000000>, C4<00000000000000000000000000000000>;
L_0x600002321a40 .functor NOT 32, L_0x600002321960, C4<00000000000000000000000000000000>, C4<00000000000000000000000000000000>, C4<00000000000000000000000000000000>;
L_0x600002321ab0 .functor AND 32, L_0x600002321880, L_0x600002321a40, C4<11111111111111111111111111111111>, C4<11111111111111111111111111111111>;
L_0x600002321b20 .functor OR 32, L_0x600002321880, L_0x600002321960, C4<00000000000000000000000000000000>, C4<00000000000000000000000000000000>;
L_0x600002321c00 .functor XOR 32, L_0x600002321880, L_0x600002321960, C4<00000000000000000000000000000000>, C4<00000000000000000000000000000000>;
L_0x600002321c70 .functor AND 32, L_0x600002321880, L_0x600002321960, C4<11111111111111111111111111111111>, C4<11111111111111111111111111111111>;
L_0x600002321b90 .functor XOR 32, L_0x600002321880, L_0x600002321960, C4<00000000000000000000000000000000>, C4<00000000000000000000000000000000>;
L_0x600002321ce0 .functor AND 32, L_0x600002321880, L_0x600002321960, C4<11111111111111111111111111111111>, C4<11111111111111111111111111111111>;
v0x600003a250e0_0 .net *"_ivl_1", 0 0, L_0x600003920d20;  1 drivers
v0x600003a25170_0 .net *"_ivl_10", 31 0, L_0x600002321a40;  1 drivers
v0x600003a25200_0 .net *"_ivl_100", 31 0, L_0x600002321ce0;  1 drivers
v0x600003a25290_0 .net *"_ivl_102", 31 0, L_0x600003922620;  1 drivers
v0x600003a25320_0 .net *"_ivl_104", 31 0, L_0x6000039226c0;  1 drivers
v0x600003a253b0_0 .net *"_ivl_106", 31 0, L_0x600003922760;  1 drivers
v0x600003a25440_0 .net *"_ivl_12", 31 0, L_0x600002321ab0;  1 drivers
v0x600003a254d0_0 .net *"_ivl_14", 31 0, L_0x600003920fa0;  1 drivers
v0x600003a25560_0 .net *"_ivl_17", 0 0, L_0x600003921040;  1 drivers
v0x600003a255f0_0 .net *"_ivl_18", 31 0, L_0x600002321b20;  1 drivers
v0x600003a25680_0 .net *"_ivl_20", 31 0, L_0x6000039210e0;  1 drivers
v0x600003a25710_0 .net *"_ivl_22", 31 0, L_0x600003921180;  1 drivers
v0x600003a257a0_0 .net *"_ivl_25", 0 0, L_0x600003921220;  1 drivers
v0x600003a25830_0 .net *"_ivl_27", 0 0, L_0x6000039212c0;  1 drivers
v0x600003a258c0_0 .net *"_ivl_28", 31 0, L_0x600003921360;  1 drivers
v0x600003a25950_0 .net *"_ivl_3", 0 0, L_0x600003920dc0;  1 drivers
v0x600003a259e0_0 .net *"_ivl_30", 31 0, L_0x600003921400;  1 drivers
v0x600003a25a70_0 .net *"_ivl_32", 31 0, L_0x6000039214a0;  1 drivers
v0x600003a25b00_0 .net *"_ivl_35", 0 0, L_0x600003921540;  1 drivers
v0x600003a25b90_0 .net *"_ivl_36", 31 0, L_0x600002321c00;  1 drivers
v0x600003a25c20_0 .net *"_ivl_38", 31 0, L_0x600002321c70;  1 drivers
v0x600003a25cb0_0 .net *"_ivl_40", 31 0, L_0x6000039215e0;  1 drivers
v0x600003a25d40_0 .net *"_ivl_42", 31 0, L_0x600003921680;  1 drivers
v0x600003a25dd0_0 .net *"_ivl_44", 31 0, L_0x600003921720;  1 drivers
v0x600003a25e60_0 .net *"_ivl_47", 0 0, L_0x6000039217c0;  1 drivers
v0x600003a25ef0_0 .net *"_ivl_49", 0 0, L_0x600003921860;  1 drivers
v0x600003a25f80_0 .net *"_ivl_5", 0 0, L_0x600003920e60;  1 drivers
v0x600003a26010_0 .net *"_ivl_51", 0 0, L_0x6000039219a0;  1 drivers
v0x600003a260a0_0 .net *"_ivl_52", 31 0, L_0x600003921a40;  1 drivers
v0x600003a26130_0 .net *"_ivl_54", 31 0, L_0x600003921900;  1 drivers
L_0x1280780e8 .functor BUFT 1, C4<0000000000000000000000000000000>, C4<0>, C4<0>, C4<0>;
v0x600003a261c0_0 .net *"_ivl_57", 30 0, L_0x1280780e8;  1 drivers
v0x600003a26250_0 .net *"_ivl_58", 31 0, L_0x600003921ae0;  1 drivers
v0x600003a262e0_0 .net *"_ivl_60", 31 0, L_0x600003921b80;  1 drivers
v0x600003a26370_0 .net *"_ivl_62", 31 0, L_0x600003921c20;  1 drivers
L_0x128078130 .functor BUFT 1, C4<0000000000000000000000000000000>, C4<0>, C4<0>, C4<0>;
v0x600003a26400_0 .net *"_ivl_65", 30 0, L_0x128078130;  1 drivers
v0x600003a26490_0 .net *"_ivl_66", 31 0, L_0x600003921cc0;  1 drivers
v0x600003a26520_0 .net *"_ivl_68", 31 0, L_0x600003921d60;  1 drivers
v0x600003a265b0_0 .net *"_ivl_7", 0 0, L_0x600003920f00;  1 drivers
v0x600003a26640_0 .net *"_ivl_71", 0 0, L_0x600003921e00;  1 drivers
v0x600003a266d0_0 .net *"_ivl_72", 31 0, L_0x600003921ea0;  1 drivers
v0x600003a26760_0 .net *"_ivl_74", 31 0, L_0x600003921f40;  1 drivers
L_0x128078178 .functor BUFT 1, C4<0000000000000000000000000000000>, C4<0>, C4<0>, C4<0>;
v0x600003a267f0_0 .net *"_ivl_77", 30 0, L_0x128078178;  1 drivers
v0x600003a26880_0 .net *"_ivl_78", 31 0, L_0x600003921fe0;  1 drivers
v0x600003a26910_0 .net *"_ivl_8", 31 0, L_0x6000023219d0;  1 drivers
v0x600003a269a0_0 .net *"_ivl_80", 31 0, L_0x600003922080;  1 drivers
v0x600003a26a30_0 .net *"_ivl_82", 31 0, L_0x600003922120;  1 drivers
v0x600003a26ac0_0 .net *"_ivl_84", 31 0, L_0x6000039221c0;  1 drivers
v0x600003a26b50_0 .net *"_ivl_87", 0 0, L_0x600003922260;  1 drivers
v0x600003a26be0_0 .net *"_ivl_89", 0 0, L_0x600003922300;  1 drivers
v0x600003a26c70_0 .net *"_ivl_90", 31 0, L_0x6000039223a0;  1 drivers
v0x600003a26d00_0 .net *"_ivl_92", 31 0, L_0x600003922440;  1 drivers
v0x600003a26d90_0 .net *"_ivl_94", 31 0, L_0x6000039224e0;  1 drivers
v0x600003a26e20_0 .net *"_ivl_97", 0 0, L_0x600003922580;  1 drivers
v0x600003a26eb0_0 .net *"_ivl_98", 31 0, L_0x600002321b90;  1 drivers
v0x600003a26f40_0 .var "c", 0 0;
v0x600003a26fd0_0 .net "dataina", 31 0, L_0x600002321880;  alias, 1 drivers
v0x600003a27060_0 .net "datainb", 31 0, L_0x600002321960;  alias, 1 drivers
v0x600003a270f0_0 .net "dataout", 31 0, L_0x600003922800;  alias, 1 drivers
v0x600003a27180_0 .net "opcode", 3 0, v0x600003a28c60_0;  1 drivers
L_0x600003920d20 .part v0x600003a28c60_0, 3, 1;
L_0x600003920dc0 .part v0x600003a28c60_0, 2, 1;
L_0x600003920e60 .part v0x600003a28c60_0, 1, 1;
L_0x600003920f00 .part v0x600003a28c60_0, 0, 1;
L_0x600003920fa0 .functor MUXZ 32, L_0x600002321ab0, L_0x6000023219d0, L_0x600003920f00, C4<>;
L_0x600003921040 .part v0x600003a28c60_0, 0, 1;
L_0x6000039210e0 .functor MUXZ 32, L_0x600002321b20, L_0x600002321960, L_0x600003921040, C4<>;
L_0x600003921180 .functor MUXZ 32, L_0x6000039210e0, L_0x600003920fa0, L_0x600003920e60, C4<>;
L_0x600003921220 .part v0x600003a28c60_0, 1, 1;
L_0x6000039212c0 .part v0x600003a28c60_0, 0, 1;
L_0x600003921360 .arith/sum 32, L_0x600002321880, L_0x600002321960;
L_0x600003921400 .arith/sub 32, L_0x600002321880, L_0x600002321960;
L_0x6000039214a0 .functor MUXZ 32, L_0x600003921400, L_0x600003921360, L_0x6000039212c0, C4<>;
L_0x600003921540 .part v0x600003a28c60_0, 0, 1;
L_0x6000039215e0 .functor MUXZ 32, L_0x600002321c70, L_0x600002321c00, L_0x600003921540, C4<>;
L_0x600003921680 .functor MUXZ 32, L_0x6000039215e0, L_0x6000039214a0, L_0x600003921220, C4<>;
L_0x600003921720 .functor MUXZ 32, L_0x600003921680, L_0x600003921180, L_0x600003920dc0, C4<>;
L_0x6000039217c0 .part v0x600003a28c60_0, 2, 1;
L_0x600003921860 .part v0x600003a28c60_0, 1, 1;
L_0x6000039219a0 .part v0x600003a28c60_0, 0, 1;
L_0x600003921a40 .arith/sub 32, L_0x600002321960, L_0x600002321880;
L_0x600003921900 .concat [ 1 31 0 0], v0x600003a26f40_0, L_0x1280780e8;
L_0x600003921ae0 .arith/sum 32, L_0x600003921a40, L_0x600003921900;
L_0x600003921b80 .arith/sub 32, L_0x600002321880, L_0x600002321960;
L_0x600003921c20 .concat [ 1 31 0 0], v0x600003a26f40_0, L_0x128078130;
L_0x600003921cc0 .arith/sum 32, L_0x600003921b80, L_0x600003921c20;
L_0x600003921d60 .functor MUXZ 32, L_0x600003921cc0, L_0x600003921ae0, L_0x6000039219a0, C4<>;
L_0x600003921e00 .part v0x600003a28c60_0, 0, 1;
L_0x600003921ea0 .arith/sum 32, L_0x600002321880, L_0x600002321960;
L_0x600003921f40 .concat [ 1 31 0 0], v0x600003a26f40_0, L_0x128078178;
L_0x600003921fe0 .arith/sum 32, L_0x600003921ea0, L_0x600003921f40;
L_0x600003922080 .arith/sum 32, L_0x600002321880, L_0x600002321960;
L_0x600003922120 .functor MUXZ 32, L_0x600003922080, L_0x600003921fe0, L_0x600003921e00, C4<>;
L_0x6000039221c0 .functor MUXZ 32, L_0x600003922120, L_0x600003921d60, L_0x600003921860, C4<>;
L_0x600003922260 .part v0x600003a28c60_0, 1, 1;
L_0x600003922300 .part v0x600003a28c60_0, 0, 1;
L_0x6000039223a0 .arith/sub 32, L_0x600002321960, L_0x600002321880;
L_0x600003922440 .arith/sub 32, L_0x600002321880, L_0x600002321960;
L_0x6000039224e0 .functor MUXZ 32, L_0x600003922440, L_0x6000039223a0, L_0x600003922300, C4<>;
L_0x600003922580 .part v0x600003a28c60_0, 0, 1;
L_0x600003922620 .functor MUXZ 32, L_0x600002321ce0, L_0x600002321b90, L_0x600003922580, C4<>;
L_0x6000039226c0 .functor MUXZ 32, L_0x600003922620, L_0x6000039224e0, L_0x600003922260, C4<>;
L_0x600003922760 .functor MUXZ 32, L_0x6000039226c0, L_0x6000039221c0, L_0x6000039217c0, C4<>;
L_0x600003922800 .functor MUXZ 32, L_0x600003922760, L_0x600003921720, L_0x600003920d20, C4<>;
S_0x126e04740 .scope module, "barrelShifterModule" "barrelShifter" 3 334, 3 203 0, S_0x126e07080;
 .timescale -9 -12;
    .port_info 0 /INPUT 2 "type";
    .port_info 1 /INPUT 32 "amount";
    .port_info 2 /INPUT 32 "datain";
    .port_info 3 /INPUT 32 "dataout";
L_0x600002321960 .functor BUFZ 32, L_0x6000023218f0, C4<00000000000000000000000000000000>, C4<00000000000000000000000000000000>, C4<00000000000000000000000000000000>;
v0x600003a27210_0 .net "amount", 31 0, v0x600003a28cf0_0;  1 drivers
v0x600003a272a0_0 .net "datain", 31 0, L_0x6000023218f0;  alias, 1 drivers
v0x600003a27330_0 .net "dataout", 31 0, L_0x600002321960;  alias, 1 drivers
v0x600003a273c0_0 .net "type", 1 0, v0x600003a28d80_0;  1 drivers
S_0x126e13cf0 .scope module, "instructionDecoderModule" "instructionDecoder" 3 314, 3 95 0, S_0x126e07080;
 .timescale -9 -12;
    .port_info 0 /INPUT 1 "clk";
    .port_info 1 /INPUT 1 "getinstr";
    .port_info 2 /INPUT 32 "datain";
    .port_info 3 /OUTPUT 32 "instruction";
    .port_info 4 /OUTPUT 32 "control";
P_0x126e0e5d0 .param/l "addrin1" 0 3 115, C4<00000000000000000000000000000100>;
P_0x126e0e610 .param/l "addrin2" 0 3 116, C4<00000000000000000000000000001000>;
P_0x126e0e650 .param/l "addrout1" 0 3 117, C4<00000000000000000000000000010000>;
P_0x126e0e690 .param/l "addrout2" 0 3 118, C4<00000000000000000000000000100000>;
P_0x126e0e6d0 .param/l "addrwrite" 0 3 114, C4<00000000000000000000000000000010>;
P_0x126e0e710 .param/l "incrementenable" 0 3 120, C4<00000000000000000000000001000000>;
P_0x126e0e750 .param/l "instrin" 0 3 122, C4<00000000000000000000000010000000>;
P_0x126e0e790 .param/l "memwrite" 0 3 112, C4<00000000000000000000000000000001>;
P_0x126e0e7d0 .param/l "regin1" 0 3 125, C4<00000000000000000000001000000000>;
P_0x126e0e810 .param/l "regin2" 0 3 126, C4<00000000000000000000010000000000>;
P_0x126e0e850 .param/l "regpcwrite" 0 3 127, C4<00000000000000000000010000000000>;
P_0x126e0e890 .param/l "regwrite" 0 3 124, C4<00000000000000000000000100000000>;
L_0x6000023217a0 .functor BUFZ 32, v0x600003a277b0_0, C4<00000000000000000000000000000000>, C4<00000000000000000000000000000000>, C4<00000000000000000000000000000000>;
v0x600003a27450_0 .net "clk", 0 0, v0x600003a290e0_0;  alias, 1 drivers
v0x600003a274e0_0 .net "control", 31 0, v0x600003a27570_0;  alias, 1 drivers
v0x600003a27570_0 .var "creg", 31 0;
v0x600003a27600_0 .net "datain", 31 0, L_0x6000023216c0;  alias, 1 drivers
v0x600003a27690_0 .net "getinstr", 0 0, L_0x600003920780;  1 drivers
v0x600003a27720_0 .net "instruction", 31 0, L_0x6000023217a0;  alias, 1 drivers
v0x600003a277b0_0 .var "ireg", 31 0;
v0x600003a27840_0 .var/i "step", 31 0;
S_0x126e13e60 .scope module, "memoryModule" "memory" 3 289, 3 26 0, S_0x126e07080;
 .timescale -9 -12;
    .port_info 0 /INPUT 1 "clk";
    .port_info 1 /INPUT 1 "write";
    .port_info 2 /INPUT 32 "address";
    .port_info 3 /INPUT 32 "datain";
    .port_info 4 /OUTPUT 32 "dataout";
L_0x6000023216c0 .functor BUFZ 32, v0x600003a27960_0, C4<00000000000000000000000000000000>, C4<00000000000000000000000000000000>, C4<00000000000000000000000000000000>;
v0x600003a278d0_0 .net "address", 31 0, L_0x600003920320;  alias, 1 drivers
v0x600003a27960_0 .var "buffer", 31 0;
v0x600003a279f0_0 .net "clk", 0 0, v0x600003a290e0_0;  alias, 1 drivers
v0x600003a27a80_0 .net "datain", 31 0, o0x128041480;  alias, 0 drivers
v0x600003a27b10_0 .net "dataout", 31 0, L_0x6000023216c0;  alias, 1 drivers
v0x600003a27ba0_0 .var/i "i", 31 0;
v0x600003a27c30 .array "mem", 63 0, 31 0;
v0x600003a27cc0_0 .net "write", 0 0, L_0x6000039203c0;  1 drivers
S_0x126e0e8d0 .scope module, "registerBankModule" "registerBank" 3 321, 3 173 0, S_0x126e07080;
 .timescale -9 -12;
    .port_info 0 /INPUT 1 "clk";
    .port_info 1 /INPUT 1 "write";
    .port_info 2 /INPUT 1 "in1on";
    .port_info 3 /INPUT 1 "in2on";
    .port_info 4 /INPUT 1 "pcwrite";
    .port_info 5 /INPUT 32 "in1";
    .port_info 6 /INPUT 32 "in2";
    .port_info 7 /INPUT 4 "addressA";
    .port_info 8 /INPUT 4 "addressB";
    .port_info 9 /OUTPUT 32 "out1";
    .port_info 10 /OUTPUT 32 "out2";
L_0x600002321880 .functor BUFZ 32, L_0x600003920820, C4<00000000000000000000000000000000>, C4<00000000000000000000000000000000>, C4<00000000000000000000000000000000>;
L_0x6000023218f0 .functor BUFZ 32, L_0x600003920960, C4<00000000000000000000000000000000>, C4<00000000000000000000000000000000>, C4<00000000000000000000000000000000>;
v0x600003a27d50_0 .net *"_ivl_0", 31 0, L_0x600003920820;  1 drivers
v0x600003a27de0_0 .net *"_ivl_10", 5 0, L_0x600003920a00;  1 drivers
L_0x1280780a0 .functor BUFT 1, C4<00>, C4<0>, C4<0>, C4<0>;
v0x600003a27e70_0 .net *"_ivl_13", 1 0, L_0x1280780a0;  1 drivers
v0x600003a27f00_0 .net *"_ivl_2", 5 0, L_0x6000039208c0;  1 drivers
L_0x128078058 .functor BUFT 1, C4<00>, C4<0>, C4<0>, C4<0>;
v0x600003a20e10_0 .net *"_ivl_5", 1 0, L_0x128078058;  1 drivers
v0x600003a207e0_0 .net *"_ivl_8", 31 0, L_0x600003920960;  1 drivers
v0x600003a28000_0 .net "addressA", 3 0, v0x600003a28b40_0;  1 drivers
v0x600003a28090_0 .net "addressB", 3 0, v0x600003a28bd0_0;  1 drivers
v0x600003a28120_0 .net "clk", 0 0, v0x600003a290e0_0;  alias, 1 drivers
v0x600003a281b0_0 .net "in1", 31 0, L_0x600003922800;  alias, 1 drivers
v0x600003a28240_0 .net "in1on", 0 0, L_0x600003920b40;  1 drivers
v0x600003a282d0_0 .net "in2", 31 0, L_0x600003920640;  alias, 1 drivers
v0x600003a28360_0 .net "in2on", 0 0, L_0x600003920be0;  1 drivers
v0x600003a283f0_0 .net "out1", 31 0, L_0x600002321880;  alias, 1 drivers
v0x600003a28480_0 .net "out2", 31 0, L_0x6000023218f0;  alias, 1 drivers
v0x600003a28510_0 .net "pcwrite", 0 0, L_0x600003920c80;  1 drivers
v0x600003a285a0 .array "regs", 16 0, 31 0;
v0x600003a28630_0 .net "write", 0 0, L_0x600003920aa0;  1 drivers
L_0x600003920820 .array/port v0x600003a285a0, L_0x6000039208c0;
L_0x6000039208c0 .concat [ 4 2 0 0], v0x600003a28b40_0, L_0x128078058;
L_0x600003920960 .array/port v0x600003a285a0, L_0x600003920a00;
L_0x600003920a00 .concat [ 4 2 0 0], v0x600003a28bd0_0, L_0x1280780a0;
    .scope S_0x126e13e60;
T_0 ;
    %vpi_call 3 41 "$readmemh", "assout.txt", v0x600003a27c30 {0 0 0};
    %pushi/vec4 0, 0, 32;
    %store/vec4 v0x600003a27ba0_0, 0, 32;
T_0.0 ;
    %load/vec4 v0x600003a27ba0_0;
    %cmpi/s 10, 0, 32;
    %jmp/0xz T_0.1, 5;
    %vpi_call 3 43 "$display", "M: %0h %h", v0x600003a27ba0_0, &A<v0x600003a27c30, v0x600003a27ba0_0 > {0 0 0};
    %load/vec4 v0x600003a27ba0_0;
    %addi 1, 0, 32;
    %store/vec4 v0x600003a27ba0_0, 0, 32;
    %jmp T_0.0;
T_0.1 ;
    %end;
    .thread T_0;
    .scope S_0x126e13e60;
T_1 ;
    %wait E_0x60000062dc20;
    %load/vec4 v0x600003a27cc0_0;
    %flag_set/vec4 8;
    %jmp/0xz  T_1.0, 8;
    %load/vec4 v0x600003a27a80_0;
    %ix/getv 3, v0x600003a278d0_0;
    %ix/load 4, 0, 0; Constant delay
    %assign/vec4/a/d v0x600003a27c30, 0, 4;
T_1.0 ;
    %ix/getv 4, v0x600003a278d0_0;
    %load/vec4a v0x600003a27c30, 4;
    %assign/vec4 v0x600003a27960_0, 0;
    %jmp T_1;
    .thread T_1;
    .scope S_0x126e04c20;
T_2 ;
    %wait E_0x60000062dc20;
    %load/vec4 v0x600003a24cf0_0;
    %load/vec4 v0x600003a25050_0;
    %and;
    %flag_set/vec4 8;
    %jmp/0xz  T_2.0, 8;
    %load/vec4 v0x600003a24c60_0;
    %assign/vec4 v0x600003a24b40_0, 0;
    %jmp T_2.1;
T_2.0 ;
    %load/vec4 v0x600003a24e10_0;
    %load/vec4 v0x600003a25050_0;
    %and;
    %flag_set/vec4 8;
    %jmp/0xz  T_2.2, 8;
    %load/vec4 v0x600003a24d80_0;
    %assign/vec4 v0x600003a24b40_0, 0;
T_2.2 ;
T_2.1 ;
    %jmp T_2;
    .thread T_2;
    .scope S_0x126e04c20;
T_3 ;
    %pushi/vec4 0, 0, 32;
    %assign/vec4 v0x600003a24b40_0, 0;
    %end;
    .thread T_3;
    .scope S_0x126e13cf0;
T_4 ;
    %pushi/vec4 0, 0, 32;
    %store/vec4 v0x600003a27840_0, 0, 32;
    %end;
    .thread T_4;
    .scope S_0x126e13cf0;
T_5 ;
    %wait E_0x60000062dc20;
    %load/vec4 v0x600003a27690_0;
    %flag_set/vec4 8;
    %jmp/0xz  T_5.0, 8;
    %load/vec4 v0x600003a27600_0;
    %assign/vec4 v0x600003a277b0_0, 0;
T_5.0 ;
    %load/vec4 v0x600003a27840_0;
    %dup/vec4;
    %pushi/vec4 0, 0, 32;
    %cmp/u;
    %jmp/1 T_5.2, 6;
    %dup/vec4;
    %pushi/vec4 1, 0, 32;
    %cmp/u;
    %jmp/1 T_5.3, 6;
    %dup/vec4;
    %pushi/vec4 2, 0, 32;
    %cmp/u;
    %jmp/1 T_5.4, 6;
    %dup/vec4;
    %pushi/vec4 3, 0, 32;
    %cmp/u;
    %jmp/1 T_5.5, 6;
    %dup/vec4;
    %pushi/vec4 4, 0, 32;
    %cmp/u;
    %jmp/1 T_5.6, 6;
    %dup/vec4;
    %pushi/vec4 5, 0, 32;
    %cmp/u;
    %jmp/1 T_5.7, 6;
    %dup/vec4;
    %pushi/vec4 6, 0, 32;
    %cmp/u;
    %jmp/1 T_5.8, 6;
    %dup/vec4;
    %pushi/vec4 7, 0, 32;
    %cmp/u;
    %jmp/1 T_5.9, 6;
    %jmp T_5.10;
T_5.2 ;
    %pushi/vec4 16, 0, 32;
    %assign/vec4 v0x600003a27570_0, 0;
    %jmp T_5.10;
T_5.3 ;
    %pushi/vec4 1226, 0, 32;
    %assign/vec4 v0x600003a27570_0, 0;
    %jmp T_5.10;
T_5.4 ;
    %pushi/vec4 0, 0, 32;
    %assign/vec4 v0x600003a27570_0, 0;
    %jmp T_5.10;
T_5.5 ;
    %pushi/vec4 0, 0, 32;
    %assign/vec4 v0x600003a27570_0, 0;
    %jmp T_5.10;
T_5.6 ;
    %pushi/vec4 0, 0, 32;
    %assign/vec4 v0x600003a27570_0, 0;
    %jmp T_5.10;
T_5.7 ;
    %pushi/vec4 0, 0, 32;
    %assign/vec4 v0x600003a27570_0, 0;
    %jmp T_5.10;
T_5.8 ;
    %pushi/vec4 0, 0, 32;
    %assign/vec4 v0x600003a27570_0, 0;
    %jmp T_5.10;
T_5.9 ;
    %pushi/vec4 0, 0, 32;
    %assign/vec4 v0x600003a27570_0, 0;
    %jmp T_5.10;
T_5.10 ;
    %pop/vec4 1;
    %load/vec4 v0x600003a27840_0;
    %cmpi/e 7, 0, 32;
    %jmp/0xz  T_5.11, 4;
    %pushi/vec4 0, 0, 32;
    %store/vec4 v0x600003a27840_0, 0, 32;
    %jmp T_5.12;
T_5.11 ;
    ; show_stmt_assign_vector: Get l-value for compressed += operand
    %load/vec4 v0x600003a27840_0;
    %pushi/vec4 1, 0, 32;
    %add;
    %store/vec4 v0x600003a27840_0, 0, 32;
T_5.12 ;
    %jmp T_5;
    .thread T_5;
    .scope S_0x126e0e8d0;
T_6 ;
    %wait E_0x60000062dc20;
    %vpi_call 3 194 "$display", &A<v0x600003a285a0, 15> {0 0 0};
    %load/vec4 v0x600003a28630_0;
    %flag_set/vec4 8;
    %jmp/0xz  T_6.0, 8;
    %load/vec4 v0x600003a28240_0;
    %flag_set/vec4 8;
    %jmp/0xz  T_6.2, 8;
    %load/vec4 v0x600003a281b0_0;
    %load/vec4 v0x600003a28000_0;
    %pad/u 6;
    %ix/vec4 3;
    %ix/load 4, 0, 0; Constant delay
    %assign/vec4/a/d v0x600003a285a0, 0, 4;
    %jmp T_6.3;
T_6.2 ;
    %load/vec4 v0x600003a28360_0;
    %flag_set/vec4 8;
    %jmp/0xz  T_6.4, 8;
    %load/vec4 v0x600003a282d0_0;
    %load/vec4 v0x600003a28000_0;
    %pad/u 6;
    %ix/vec4 3;
    %ix/load 4, 0, 0; Constant delay
    %assign/vec4/a/d v0x600003a285a0, 0, 4;
T_6.4 ;
T_6.3 ;
T_6.0 ;
    %load/vec4 v0x600003a28510_0;
    %flag_set/vec4 8;
    %jmp/0xz  T_6.6, 8;
    %load/vec4 v0x600003a282d0_0;
    %ix/load 3, 15, 0;
    %flag_set/imm 4, 0;
    %ix/load 4, 0, 0; Constant delay
    %assign/vec4/a/d v0x600003a285a0, 0, 4;
T_6.6 ;
    %jmp T_6;
    .thread T_6;
    .scope S_0x126e045d0;
T_7 ;
    %pushi/vec4 0, 0, 1;
    %store/vec4 v0x600003a26f40_0, 0, 1;
    %end;
    .thread T_7;
    .scope S_0x126e07080;
T_8 ;
    %pushi/vec4 0, 0, 32;
    %store/vec4 v0x600003a28ab0_0, 0, 32;
    %end;
    .thread T_8;
    .scope S_0x126e07080;
T_9 ;
    %wait E_0x60000062dc20;
    %load/vec4 v0x600003a28ab0_0;
    %dup/vec4;
    %pushi/vec4 0, 0, 32;
    %cmp/u;
    %jmp/1 T_9.0, 6;
    %jmp T_9.1;
T_9.0 ;
    %vpi_call 3 363 "$display", "ha" {0 0 0};
    %jmp T_9.1;
T_9.1 ;
    %pop/vec4 1;
    %delay 1000, 0;
    %vpi_call 3 397 "$display", "**** CYCLE: %0d ****\012", v0x600003a28ab0_0 {0 0 0};
    %load/vec4 v0x600003a28ab0_0;
    %addi 1, 0, 32;
    %assign/vec4 v0x600003a28ab0_0, 0;
    %jmp T_9;
    .thread T_9;
    .scope S_0x126e06f10;
T_10 ;
    %pushi/vec4 0, 0, 1;
    %store/vec4 v0x600003a290e0_0, 0, 1;
    %end;
    .thread T_10;
    .scope S_0x126e06f10;
T_11 ;
    %delay 10000, 0;
    %load/vec4 v0x600003a290e0_0;
    %inv;
    %assign/vec4 v0x600003a290e0_0, 0;
    %jmp T_11;
    .thread T_11;
    .scope S_0x126e06f10;
T_12 ;
    %vpi_call 2 10 "$display", "**** TESTBENCH ****" {0 0 0};
    %vpi_call 2 11 "$dumpfile", "cpu.vcd" {0 0 0};
    %vpi_call 2 12 "$dumpvars", 32'sb00000000000000000000000000000000 {0 0 0};
    %delay 500000, 0;
    %vpi_call 2 15 "$finish" {0 0 0};
    %end;
    .thread T_12;
# The file index is used to find the file name in the following table.
:file_names 4;
    "N/A";
    "<interactive>";
    "cpuTB.v";
    "cpu.v";
