#! /opt/homebrew/Cellar/icarus-verilog/11.0/bin/vvp
:ivl_version "11.0 (stable)";
:ivl_delay_selection "TYPICAL";
:vpi_time_precision + 0;
:vpi_module "/opt/homebrew/Cellar/icarus-verilog/11.0/lib/ivl/system.vpi";
:vpi_module "/opt/homebrew/Cellar/icarus-verilog/11.0/lib/ivl/vhdl_sys.vpi";
:vpi_module "/opt/homebrew/Cellar/icarus-verilog/11.0/lib/ivl/vhdl_textio.vpi";
:vpi_module "/opt/homebrew/Cellar/icarus-verilog/11.0/lib/ivl/v2005_math.vpi";
:vpi_module "/opt/homebrew/Cellar/icarus-verilog/11.0/lib/ivl/va_math.vpi";
S_0x15b1044c0 .scope module, "cpu" "cpu" 2 16;
 .timescale 0 0;
    .port_info 0 /INPUT 1 "clk";
    .port_info 1 /INPUT 1 "reset";
v0x600000dc6d00_0 .net "alu", 31 0, v0x600000dce880_0;  1 drivers
v0x600000dc6d90_0 .net "c_funct3", 2 0, v0x600000dc19e0_0;  1 drivers
v0x600000dc6e20_0 .net "c_funct7", 6 0, v0x600000dc1a70_0;  1 drivers
v0x600000dc6eb0_0 .net "c_imm", 31 0, v0x600000dc1440_0;  1 drivers
v0x600000dc6f40_0 .net "c_memarea", 1 0, v0x600000dc22e0_0;  1 drivers
v0x600000dc6fd0_0 .net "c_memsel", 1 0, v0x600000dc2370_0;  1 drivers
v0x600000dc7060_0 .net "c_memwrite", 0 0, v0x600000dc2400_0;  1 drivers
v0x600000dc70f0_0 .net "c_opcode", 6 0, v0x600000dc1dd0_0;  1 drivers
v0x600000dc7180_0 .net "c_rd", 4 0, v0x600000dc2be0_0;  1 drivers
v0x600000dc7210_0 .net "c_regwrite", 0 0, v0x600000dc2c70_0;  1 drivers
v0x600000dc72a0_0 .net "c_rs1", 4 0, v0x600000dc18c0_0;  1 drivers
v0x600000dc7330_0 .net "c_rs2", 4 0, v0x600000dc1950_0;  1 drivers
o0x1500085e0 .functor BUFZ 1, C4<z>; HiZ drive
v0x600000dc73c0_0 .net "clk", 0 0, o0x1500085e0;  0 drivers
v0x600000dc7450_0 .net "dbuff", 31 0, v0x600000dcf690_0;  1 drivers
v0x600000dc74e0_0 .net "dmem", 31 0, L_0x600000ecce60;  1 drivers
v0x600000dc7570_0 .net "ebuff1", 31 0, L_0x6000014c0af0;  1 drivers
v0x600000dc7600_0 .net "ebuff2", 31 0, L_0x6000014c0b60;  1 drivers
v0x600000dc7690_0 .net "ebuff3", 31 0, L_0x6000014c0bd0;  1 drivers
v0x600000dc7720_0 .net "ebuff4", 31 0, L_0x6000014c0c40;  1 drivers
v0x600000dc77b0_0 .net "ebuff5", 31 0, L_0x6000014c0cb0;  1 drivers
v0x600000dc7840_0 .net "imem", 31 0, L_0x6000014c0620;  1 drivers
v0x600000dc78d0_0 .net "incr", 31 0, L_0x600000ecc000;  1 drivers
v0x600000dc7960_0 .net "ir1", 31 0, L_0x6000014c0690;  1 drivers
v0x600000dc79f0_0 .net "ir2", 31 0, L_0x6000014c0a80;  1 drivers
v0x600000dc7a80_0 .net "ir3", 31 0, L_0x6000014c0d90;  1 drivers
v0x600000dc7b10_0 .net "ir4", 31 0, L_0x6000014c10a0;  1 drivers
v0x600000dc7ba0_0 .net "mbuff1", 31 0, v0x600000dc32a0_0;  1 drivers
v0x600000dc7c30_0 .net "mbuff2", 31 0, L_0x6000014c0e70;  1 drivers
v0x600000dc7cc0_0 .net "mbuff3", 31 0, L_0x6000014c0ee0;  1 drivers
v0x600000dc7d50_0 .net "memmux", 31 0, v0x600000dc30f0_0;  1 drivers
v0x600000dc7de0_0 .net "pc", 31 0, v0x600000dc4510_0;  1 drivers
v0x600000dc7e70_0 .net "pcmux", 31 0, v0x600000dc41b0_0;  1 drivers
o0x15000c480 .functor BUFZ 1, C4<z>; HiZ drive
v0x600000dc7f00_0 .net "reset", 0 0, o0x15000c480;  0 drivers
v0x600000dd8000_0 .net "rs1", 31 0, L_0x6000014c09a0;  1 drivers
v0x600000dd8090_0 .net "rs2", 31 0, L_0x6000014c0a10;  1 drivers
v0x600000dd8120_0 .net "wbuff", 31 0, L_0x6000014c1110;  1 drivers
v0x600000dd81b0_0 .net "zero", 0 0, v0x600000dceac0_0;  1 drivers
S_0x15b104630 .scope module, "aluModule" "alu" 2 99, 3 1 0, S_0x15b1044c0;
 .timescale 0 0;
    .port_info 0 /INPUT 3 "funct3";
    .port_info 1 /INPUT 7 "opcode";
    .port_info 2 /INPUT 7 "funct7";
    .port_info 3 /INPUT 32 "pc";
    .port_info 4 /INPUT 32 "rs1";
    .port_info 5 /INPUT 32 "rs2";
    .port_info 6 /INPUT 32 "imm";
    .port_info 7 /OUTPUT 1 "zero";
    .port_info 8 /OUTPUT 32 "out";
v0x600000dce640_0 .net "funct3", 2 0, v0x600000dc19e0_0;  alias, 1 drivers
v0x600000dce6d0_0 .net "funct7", 6 0, v0x600000dc1a70_0;  alias, 1 drivers
v0x600000dce760_0 .net "imm", 31 0, L_0x6000014c0c40;  alias, 1 drivers
v0x600000dce7f0_0 .net "opcode", 6 0, v0x600000dc1dd0_0;  alias, 1 drivers
v0x600000dce880_0 .var "out", 31 0;
v0x600000dce910_0 .net "pc", 31 0, L_0x6000014c0af0;  alias, 1 drivers
v0x600000dce9a0_0 .net "rs1", 31 0, L_0x6000014c0b60;  alias, 1 drivers
v0x600000dcea30_0 .net "rs2", 31 0, L_0x6000014c0bd0;  alias, 1 drivers
v0x600000dceac0_0 .var "zero", 0 0;
E_0x6000031e91d0/0 .event edge, v0x600000dce7f0_0, v0x600000dce640_0, v0x600000dce6d0_0, v0x600000dce9a0_0;
E_0x6000031e91d0/1 .event edge, v0x600000dcea30_0, v0x600000dce760_0, v0x600000dce910_0;
E_0x6000031e91d0 .event/or E_0x6000031e91d0/0, E_0x6000031e91d0/1;
S_0x15b105870 .scope module, "dataMemoryModule" "dataMemory" 2 137, 4 1 0, S_0x15b1044c0;
 .timescale 0 0;
    .port_info 0 /INPUT 1 "clk";
    .port_info 1 /INPUT 1 "write";
    .port_info 2 /INPUT 2 "area";
    .port_info 3 /INPUT 32 "address";
    .port_info 4 /INPUT 32 "datain";
    .port_info 5 /OUTPUT 32 "dataout";
v0x600000dcebe0_0 .net *"_ivl_0", 31 0, L_0x600000eccaa0;  1 drivers
v0x600000dcec70_0 .net *"_ivl_10", 31 0, L_0x600000eccbe0;  1 drivers
v0x600000dced00_0 .net/s *"_ivl_13", 31 0, L_0x600000eccc80;  1 drivers
L_0x150040208 .functor BUFT 1, C4<00000000000000000000000000000001>, C4<0>, C4<0>, C4<0>;
v0x600000dced90_0 .net/2s *"_ivl_14", 31 0, L_0x150040208;  1 drivers
v0x600000dcee20_0 .net/s *"_ivl_16", 31 0, L_0x600000eccd20;  1 drivers
v0x600000dceeb0_0 .net *"_ivl_19", 0 0, L_0x600000eccdc0;  1 drivers
L_0x150040130 .functor BUFT 1, C4<00000000000000000000000000000010>, C4<0>, C4<0>, C4<0>;
v0x600000dcef40_0 .net/2s *"_ivl_2", 31 0, L_0x150040130;  1 drivers
L_0x150040250 .functor BUFT 1, C4<0000000000000000000000000000000>, C4<0>, C4<0>, C4<0>;
v0x600000dcefd0_0 .net *"_ivl_23", 30 0, L_0x150040250;  1 drivers
L_0x150040178 .functor BUFT 1, C4<00000000000000000000000000000011>, C4<0>, C4<0>, C4<0>;
v0x600000dcf060_0 .net/2u *"_ivl_4", 31 0, L_0x150040178;  1 drivers
v0x600000dcf0f0_0 .net *"_ivl_6", 31 0, L_0x600000eccb40;  1 drivers
L_0x1500401c0 .functor BUFT 1, C4<000000000000000000000000000000>, C4<0>, C4<0>, C4<0>;
v0x600000dcf180_0 .net *"_ivl_9", 29 0, L_0x1500401c0;  1 drivers
v0x600000dcf210_0 .net "address", 31 0, v0x600000dc32a0_0;  alias, 1 drivers
v0x600000dcf2a0_0 .net "area", 1 0, v0x600000dc22e0_0;  alias, 1 drivers
v0x600000dcf330_0 .net "clk", 0 0, o0x1500085e0;  alias, 0 drivers
v0x600000dcf3c0_0 .net "datain", 31 0, L_0x6000014c0e70;  alias, 1 drivers
v0x600000dcf450_0 .net "dataout", 31 0, L_0x600000ecce60;  alias, 1 drivers
v0x600000dcf4e0 .array "dmem", 1023 0, 31 0;
v0x600000dcf570_0 .net "write", 0 0, v0x600000dc2400_0;  alias, 1 drivers
E_0x6000031e9890 .event posedge, v0x600000dcf330_0;
L_0x600000eccaa0 .array/port v0x600000dcf4e0, v0x600000dc32a0_0;
L_0x600000eccb40 .concat [ 2 30 0 0], v0x600000dc22e0_0, L_0x1500401c0;
L_0x600000eccbe0 .arith/sum 32, L_0x150040178, L_0x600000eccb40;
L_0x600000eccc80 .arith/pow 32, L_0x150040130, L_0x600000eccbe0;
L_0x600000eccd20 .arith/sub 32, L_0x600000eccc80, L_0x150040208;
L_0x600000eccdc0 .part/v.s L_0x600000eccaa0, L_0x600000eccd20, 1;
L_0x600000ecce60 .concat [ 1 31 0 0], L_0x600000eccdc0, L_0x150040250;
S_0x15b1059e0 .scope module, "decodeBufferModule" "buffer" 2 47, 5 1 0, S_0x15b1044c0;
 .timescale 0 0;
    .port_info 0 /INPUT 1 "clk";
    .port_info 1 /INPUT 32 "in0";
    .port_info 2 /INPUT 32 "in1";
    .port_info 3 /INPUT 32 "in2";
    .port_info 4 /INPUT 32 "in3";
    .port_info 5 /INPUT 32 "in4";
    .port_info 6 /INPUT 32 "in5";
    .port_info 7 /INPUT 32 "in6";
    .port_info 8 /OUTPUT 32 "out0";
    .port_info 9 /OUTPUT 32 "out1";
    .port_info 10 /OUTPUT 32 "out2";
    .port_info 11 /OUTPUT 32 "out3";
    .port_info 12 /OUTPUT 32 "out4";
    .port_info 13 /OUTPUT 32 "out5";
    .port_info 14 /OUTPUT 32 "out6";
L_0x6000014c0690 .functor BUFZ 32, v0x600000dcf600_0, C4<00000000000000000000000000000000>, C4<00000000000000000000000000000000>, C4<00000000000000000000000000000000>;
L_0x6000014c0770 .functor BUFZ 32, v0x600000dcf720_0, C4<00000000000000000000000000000000>, C4<00000000000000000000000000000000>, C4<00000000000000000000000000000000>;
L_0x6000014c07e0 .functor BUFZ 32, v0x600000dcf7b0_0, C4<00000000000000000000000000000000>, C4<00000000000000000000000000000000>, C4<00000000000000000000000000000000>;
L_0x6000014c0850 .functor BUFZ 32, v0x600000dcf840_0, C4<00000000000000000000000000000000>, C4<00000000000000000000000000000000>, C4<00000000000000000000000000000000>;
L_0x6000014c08c0 .functor BUFZ 32, v0x600000dcf8d0_0, C4<00000000000000000000000000000000>, C4<00000000000000000000000000000000>, C4<00000000000000000000000000000000>;
L_0x6000014c0930 .functor BUFZ 32, v0x600000dcf960_0, C4<00000000000000000000000000000000>, C4<00000000000000000000000000000000>, C4<00000000000000000000000000000000>;
v0x600000dcf600_0 .var "buffer0", 31 0;
v0x600000dcf690_0 .var "buffer1", 31 0;
v0x600000dcf720_0 .var "buffer2", 31 0;
v0x600000dcf7b0_0 .var "buffer3", 31 0;
v0x600000dcf840_0 .var "buffer4", 31 0;
v0x600000dcf8d0_0 .var "buffer5", 31 0;
v0x600000dcf960_0 .var "buffer6", 31 0;
v0x600000dcf9f0_0 .net "clk", 0 0, o0x1500085e0;  alias, 0 drivers
v0x600000dcfa80_0 .net "in0", 31 0, L_0x6000014c0620;  alias, 1 drivers
v0x600000dcfb10_0 .net "in1", 31 0, v0x600000dc4510_0;  alias, 1 drivers
o0x150008970 .functor BUFZ 32, C4<zzzzzzzzzzzzzzzzzzzzzzzzzzzzzzzz>; HiZ drive
v0x600000dcfba0_0 .net "in2", 31 0, o0x150008970;  0 drivers
o0x1500089a0 .functor BUFZ 32, C4<zzzzzzzzzzzzzzzzzzzzzzzzzzzzzzzz>; HiZ drive
v0x600000dcfc30_0 .net "in3", 31 0, o0x1500089a0;  0 drivers
o0x1500089d0 .functor BUFZ 32, C4<zzzzzzzzzzzzzzzzzzzzzzzzzzzzzzzz>; HiZ drive
v0x600000dcfcc0_0 .net "in4", 31 0, o0x1500089d0;  0 drivers
o0x150008a00 .functor BUFZ 32, C4<zzzzzzzzzzzzzzzzzzzzzzzzzzzzzzzz>; HiZ drive
v0x600000dcfd50_0 .net "in5", 31 0, o0x150008a00;  0 drivers
o0x150008a30 .functor BUFZ 32, C4<zzzzzzzzzzzzzzzzzzzzzzzzzzzzzzzz>; HiZ drive
v0x600000dcfde0_0 .net "in6", 31 0, o0x150008a30;  0 drivers
v0x600000dcfe70_0 .net "out0", 31 0, L_0x6000014c0690;  alias, 1 drivers
v0x600000dcff00_0 .net "out1", 31 0, v0x600000dcf690_0;  alias, 1 drivers
v0x600000dc0000_0 .net "out2", 31 0, L_0x6000014c0770;  1 drivers
v0x600000dc0090_0 .net "out3", 31 0, L_0x6000014c07e0;  1 drivers
v0x600000dc0120_0 .net "out4", 31 0, L_0x6000014c0850;  1 drivers
v0x600000dc01b0_0 .net "out5", 31 0, L_0x6000014c08c0;  1 drivers
v0x600000dc0240_0 .net "out6", 31 0, L_0x6000014c0930;  1 drivers
S_0x15b105260 .scope module, "executeBufferModule" "buffer" 2 83, 5 1 0, S_0x15b1044c0;
 .timescale 0 0;
    .port_info 0 /INPUT 1 "clk";
    .port_info 1 /INPUT 32 "in0";
    .port_info 2 /INPUT 32 "in1";
    .port_info 3 /INPUT 32 "in2";
    .port_info 4 /INPUT 32 "in3";
    .port_info 5 /INPUT 32 "in4";
    .port_info 6 /INPUT 32 "in5";
    .port_info 7 /INPUT 32 "in6";
    .port_info 8 /OUTPUT 32 "out0";
    .port_info 9 /OUTPUT 32 "out1";
    .port_info 10 /OUTPUT 32 "out2";
    .port_info 11 /OUTPUT 32 "out3";
    .port_info 12 /OUTPUT 32 "out4";
    .port_info 13 /OUTPUT 32 "out5";
    .port_info 14 /OUTPUT 32 "out6";
L_0x6000014c0a80 .functor BUFZ 32, v0x600000dc02d0_0, C4<00000000000000000000000000000000>, C4<00000000000000000000000000000000>, C4<00000000000000000000000000000000>;
L_0x6000014c0af0 .functor BUFZ 32, v0x600000dc0360_0, C4<00000000000000000000000000000000>, C4<00000000000000000000000000000000>, C4<00000000000000000000000000000000>;
L_0x6000014c0b60 .functor BUFZ 32, v0x600000dc03f0_0, C4<00000000000000000000000000000000>, C4<00000000000000000000000000000000>, C4<00000000000000000000000000000000>;
L_0x6000014c0bd0 .functor BUFZ 32, v0x600000dc0480_0, C4<00000000000000000000000000000000>, C4<00000000000000000000000000000000>, C4<00000000000000000000000000000000>;
L_0x6000014c0c40 .functor BUFZ 32, v0x600000dc0510_0, C4<00000000000000000000000000000000>, C4<00000000000000000000000000000000>, C4<00000000000000000000000000000000>;
L_0x6000014c0cb0 .functor BUFZ 32, v0x600000dc05a0_0, C4<00000000000000000000000000000000>, C4<00000000000000000000000000000000>, C4<00000000000000000000000000000000>;
L_0x6000014c0d20 .functor BUFZ 32, v0x600000dc0630_0, C4<00000000000000000000000000000000>, C4<00000000000000000000000000000000>, C4<00000000000000000000000000000000>;
v0x600000dc02d0_0 .var "buffer0", 31 0;
v0x600000dc0360_0 .var "buffer1", 31 0;
v0x600000dc03f0_0 .var "buffer2", 31 0;
v0x600000dc0480_0 .var "buffer3", 31 0;
v0x600000dc0510_0 .var "buffer4", 31 0;
v0x600000dc05a0_0 .var "buffer5", 31 0;
v0x600000dc0630_0 .var "buffer6", 31 0;
v0x600000dc06c0_0 .net "clk", 0 0, o0x1500085e0;  alias, 0 drivers
v0x600000dc0750_0 .net "in0", 31 0, L_0x6000014c0690;  alias, 1 drivers
v0x600000dc07e0_0 .net "in1", 31 0, v0x600000dcf690_0;  alias, 1 drivers
v0x600000dc0870_0 .net "in2", 31 0, L_0x6000014c09a0;  alias, 1 drivers
v0x600000dc0900_0 .net "in3", 31 0, L_0x6000014c0a10;  alias, 1 drivers
v0x600000dc0990_0 .net "in4", 31 0, v0x600000dc1440_0;  alias, 1 drivers
v0x600000dc0a20_0 .net "in5", 31 0, L_0x600000ecc000;  alias, 1 drivers
o0x150009090 .functor BUFZ 32, C4<zzzzzzzzzzzzzzzzzzzzzzzzzzzzzzzz>; HiZ drive
v0x600000dc0ab0_0 .net "in6", 31 0, o0x150009090;  0 drivers
v0x600000dc0b40_0 .net "out0", 31 0, L_0x6000014c0a80;  alias, 1 drivers
v0x600000dc0bd0_0 .net "out1", 31 0, L_0x6000014c0af0;  alias, 1 drivers
v0x600000dc0c60_0 .net "out2", 31 0, L_0x6000014c0b60;  alias, 1 drivers
v0x600000dc0cf0_0 .net "out3", 31 0, L_0x6000014c0bd0;  alias, 1 drivers
v0x600000dc0d80_0 .net "out4", 31 0, L_0x6000014c0c40;  alias, 1 drivers
v0x600000dc0e10_0 .net "out5", 31 0, L_0x6000014c0cb0;  alias, 1 drivers
v0x600000dc0ea0_0 .net "out6", 31 0, L_0x6000014c0d20;  1 drivers
S_0x15b1088e0 .scope module, "instructionMemoryModule" "instructionMemory" 2 26, 6 1 0, S_0x15b1044c0;
 .timescale 0 0;
    .port_info 0 /INPUT 32 "address";
    .port_info 1 /OUTPUT 32 "instruction";
L_0x6000014c0620 .functor BUFZ 32, L_0x600000ecc8c0, C4<00000000000000000000000000000000>, C4<00000000000000000000000000000000>, C4<00000000000000000000000000000000>;
v0x600000dc0f30_0 .net *"_ivl_0", 31 0, L_0x600000ecc8c0;  1 drivers
L_0x150040010 .functor BUFT 1, C4<00000000000000000000000000000100>, C4<0>, C4<0>, C4<0>;
v0x600000dc0fc0_0 .net/2u *"_ivl_2", 31 0, L_0x150040010;  1 drivers
v0x600000dc1050_0 .net *"_ivl_4", 31 0, L_0x600000ecc320;  1 drivers
v0x600000dc10e0_0 .net "address", 31 0, v0x600000dc4510_0;  alias, 1 drivers
v0x600000dc1170_0 .var/i "i", 31 0;
v0x600000dc1200 .array "imem", 2047 0, 31 0;
v0x600000dc1290_0 .net "instruction", 31 0, L_0x6000014c0620;  alias, 1 drivers
E_0x6000031e8b40 .event edge, v0x600000dcfa80_0;
L_0x600000ecc8c0 .array/port v0x600000dc1200, L_0x600000ecc320;
L_0x600000ecc320 .arith/div 32, v0x600000dc4510_0, L_0x150040010;
S_0x15b108a50 .scope module, "ir1ControlModule" "control" 2 57, 7 1 0, S_0x15b1044c0;
 .timescale 0 0;
    .port_info 0 /INPUT 32 "ins";
    .port_info 1 /OUTPUT 5 "rs1";
    .port_info 2 /OUTPUT 5 "rs2";
    .port_info 3 /OUTPUT 32 "imm";
    .port_info 4 /OUTPUT 7 "opcode";
    .port_info 5 /OUTPUT 3 "funct3";
    .port_info 6 /OUTPUT 7 "funct7";
    .port_info 7 /OUTPUT 1 "memwrite";
    .port_info 8 /OUTPUT 2 "memarea";
    .port_info 9 /OUTPUT 2 "memsel";
    .port_info 10 /OUTPUT 1 "regwrite";
    .port_info 11 /OUTPUT 5 "rd";
v0x600000dc1320_0 .var "funct3", 2 0;
v0x600000dc13b0_0 .var "funct7", 6 0;
v0x600000dc1440_0 .var "imm", 31 0;
v0x600000dc14d0_0 .net "ins", 31 0, L_0x6000014c0690;  alias, 1 drivers
v0x600000dc1560_0 .var "memarea", 1 0;
v0x600000dc15f0_0 .var "memsel", 1 0;
v0x600000dc1680_0 .var "memwrite", 0 0;
v0x600000dc1710_0 .var "opcode", 6 0;
v0x600000dc17a0_0 .var "rd", 4 0;
v0x600000dc1830_0 .var "regwrite", 0 0;
v0x600000dc18c0_0 .var "rs1", 4 0;
v0x600000dc1950_0 .var "rs2", 4 0;
E_0x6000031e84b0 .event edge, v0x600000dcfe70_0, v0x600000dc1710_0, v0x600000dc1320_0;
S_0x15b108bc0 .scope module, "ir2ControlModule" "control" 2 91, 7 1 0, S_0x15b1044c0;
 .timescale 0 0;
    .port_info 0 /INPUT 32 "ins";
    .port_info 1 /OUTPUT 5 "rs1";
    .port_info 2 /OUTPUT 5 "rs2";
    .port_info 3 /OUTPUT 32 "imm";
    .port_info 4 /OUTPUT 7 "opcode";
    .port_info 5 /OUTPUT 3 "funct3";
    .port_info 6 /OUTPUT 7 "funct7";
    .port_info 7 /OUTPUT 1 "memwrite";
    .port_info 8 /OUTPUT 2 "memarea";
    .port_info 9 /OUTPUT 2 "memsel";
    .port_info 10 /OUTPUT 1 "regwrite";
    .port_info 11 /OUTPUT 5 "rd";
v0x600000dc19e0_0 .var "funct3", 2 0;
v0x600000dc1a70_0 .var "funct7", 6 0;
v0x600000dc1b00_0 .var "imm", 31 0;
v0x600000dc1b90_0 .net "ins", 31 0, L_0x6000014c0a80;  alias, 1 drivers
v0x600000dc1c20_0 .var "memarea", 1 0;
v0x600000dc1cb0_0 .var "memsel", 1 0;
v0x600000dc1d40_0 .var "memwrite", 0 0;
v0x600000dc1dd0_0 .var "opcode", 6 0;
v0x600000dc1e60_0 .var "rd", 4 0;
v0x600000dc1ef0_0 .var "regwrite", 0 0;
v0x600000dc1f80_0 .var "rs1", 4 0;
v0x600000dc2010_0 .var "rs2", 4 0;
E_0x6000031e8570 .event edge, v0x600000dc0b40_0, v0x600000dce7f0_0, v0x600000dce640_0;
S_0x15b1070b0 .scope module, "ir3ControlModule" "control" 2 130, 7 1 0, S_0x15b1044c0;
 .timescale 0 0;
    .port_info 0 /INPUT 32 "ins";
    .port_info 1 /OUTPUT 5 "rs1";
    .port_info 2 /OUTPUT 5 "rs2";
    .port_info 3 /OUTPUT 32 "imm";
    .port_info 4 /OUTPUT 7 "opcode";
    .port_info 5 /OUTPUT 3 "funct3";
    .port_info 6 /OUTPUT 7 "funct7";
    .port_info 7 /OUTPUT 1 "memwrite";
    .port_info 8 /OUTPUT 2 "memarea";
    .port_info 9 /OUTPUT 2 "memsel";
    .port_info 10 /OUTPUT 1 "regwrite";
    .port_info 11 /OUTPUT 5 "rd";
v0x600000dc20a0_0 .var "funct3", 2 0;
v0x600000dc2130_0 .var "funct7", 6 0;
v0x600000dc21c0_0 .var "imm", 31 0;
v0x600000dc2250_0 .net "ins", 31 0, L_0x6000014c0d90;  alias, 1 drivers
v0x600000dc22e0_0 .var "memarea", 1 0;
v0x600000dc2370_0 .var "memsel", 1 0;
v0x600000dc2400_0 .var "memwrite", 0 0;
v0x600000dc2490_0 .var "opcode", 6 0;
v0x600000dc2520_0 .var "rd", 4 0;
v0x600000dc25b0_0 .var "regwrite", 0 0;
v0x600000dc2640_0 .var "rs1", 4 0;
v0x600000dc26d0_0 .var "rs2", 4 0;
E_0x6000031eac40 .event edge, v0x600000dc2250_0, v0x600000dc2490_0, v0x600000dc20a0_0;
S_0x15b107340 .scope module, "ir4ControlModule" "control" 2 166, 7 1 0, S_0x15b1044c0;
 .timescale 0 0;
    .port_info 0 /INPUT 32 "ins";
    .port_info 1 /OUTPUT 5 "rs1";
    .port_info 2 /OUTPUT 5 "rs2";
    .port_info 3 /OUTPUT 32 "imm";
    .port_info 4 /OUTPUT 7 "opcode";
    .port_info 5 /OUTPUT 3 "funct3";
    .port_info 6 /OUTPUT 7 "funct7";
    .port_info 7 /OUTPUT 1 "memwrite";
    .port_info 8 /OUTPUT 2 "memarea";
    .port_info 9 /OUTPUT 2 "memsel";
    .port_info 10 /OUTPUT 1 "regwrite";
    .port_info 11 /OUTPUT 5 "rd";
v0x600000dc2760_0 .var "funct3", 2 0;
v0x600000dc27f0_0 .var "funct7", 6 0;
v0x600000dc2880_0 .var "imm", 31 0;
v0x600000dc2910_0 .net "ins", 31 0, L_0x6000014c10a0;  alias, 1 drivers
v0x600000dc29a0_0 .var "memarea", 1 0;
v0x600000dc2a30_0 .var "memsel", 1 0;
v0x600000dc2ac0_0 .var "memwrite", 0 0;
v0x600000dc2b50_0 .var "opcode", 6 0;
v0x600000dc2be0_0 .var "rd", 4 0;
v0x600000dc2c70_0 .var "regwrite", 0 0;
v0x600000dc2d00_0 .var "rs1", 4 0;
v0x600000dc2d90_0 .var "rs2", 4 0;
E_0x6000031eac70 .event edge, v0x600000dc2910_0, v0x600000dc2b50_0, v0x600000dc2760_0;
S_0x15b1075d0 .scope module, "memMultiplexerModule" "multiplexer4to1" 2 146, 8 1 0, S_0x15b1044c0;
 .timescale 0 0;
    .port_info 0 /INPUT 2 "sel";
    .port_info 1 /INPUT 32 "in1";
    .port_info 2 /INPUT 32 "in2";
    .port_info 3 /INPUT 32 "in3";
    .port_info 4 /INPUT 32 "in4";
    .port_info 5 /OUTPUT 32 "out";
v0x600000dc2eb0_0 .net "in1", 31 0, L_0x6000014c0ee0;  alias, 1 drivers
v0x600000dc2f40_0 .net "in2", 31 0, L_0x600000ecce60;  alias, 1 drivers
v0x600000dc2fd0_0 .net "in3", 31 0, v0x600000dc32a0_0;  alias, 1 drivers
o0x15000a5f0 .functor BUFZ 32, C4<zzzzzzzzzzzzzzzzzzzzzzzzzzzzzzzz>; HiZ drive
v0x600000dc3060_0 .net "in4", 31 0, o0x15000a5f0;  0 drivers
v0x600000dc30f0_0 .var "out", 31 0;
v0x600000dc3180_0 .net "sel", 1 0, v0x600000dc2370_0;  alias, 1 drivers
E_0x6000031eab80/0 .event edge, v0x600000dc2370_0, v0x600000dc2eb0_0, v0x600000dcf450_0, v0x600000dcf210_0;
E_0x6000031eab80/1 .event edge, v0x600000dc3060_0;
E_0x6000031eab80 .event/or E_0x6000031eab80/0, E_0x6000031eab80/1;
S_0x15b1065a0 .scope module, "memoryBufferModule" "buffer" 2 116, 5 1 0, S_0x15b1044c0;
 .timescale 0 0;
    .port_info 0 /INPUT 1 "clk";
    .port_info 1 /INPUT 32 "in0";
    .port_info 2 /INPUT 32 "in1";
    .port_info 3 /INPUT 32 "in2";
    .port_info 4 /INPUT 32 "in3";
    .port_info 5 /INPUT 32 "in4";
    .port_info 6 /INPUT 32 "in5";
    .port_info 7 /INPUT 32 "in6";
    .port_info 8 /OUTPUT 32 "out0";
    .port_info 9 /OUTPUT 32 "out1";
    .port_info 10 /OUTPUT 32 "out2";
    .port_info 11 /OUTPUT 32 "out3";
    .port_info 12 /OUTPUT 32 "out4";
    .port_info 13 /OUTPUT 32 "out5";
    .port_info 14 /OUTPUT 32 "out6";
L_0x6000014c0d90 .functor BUFZ 32, v0x600000dc3210_0, C4<00000000000000000000000000000000>, C4<00000000000000000000000000000000>, C4<00000000000000000000000000000000>;
L_0x6000014c0e70 .functor BUFZ 32, v0x600000dc3330_0, C4<00000000000000000000000000000000>, C4<00000000000000000000000000000000>, C4<00000000000000000000000000000000>;
L_0x6000014c0ee0 .functor BUFZ 32, v0x600000dc33c0_0, C4<00000000000000000000000000000000>, C4<00000000000000000000000000000000>, C4<00000000000000000000000000000000>;
L_0x6000014c0f50 .functor BUFZ 32, v0x600000dc3450_0, C4<00000000000000000000000000000000>, C4<00000000000000000000000000000000>, C4<00000000000000000000000000000000>;
L_0x6000014c0fc0 .functor BUFZ 32, v0x600000dc34e0_0, C4<00000000000000000000000000000000>, C4<00000000000000000000000000000000>, C4<00000000000000000000000000000000>;
L_0x6000014c1030 .functor BUFZ 32, v0x600000dc3570_0, C4<00000000000000000000000000000000>, C4<00000000000000000000000000000000>, C4<00000000000000000000000000000000>;
v0x600000dc3210_0 .var "buffer0", 31 0;
v0x600000dc32a0_0 .var "buffer1", 31 0;
v0x600000dc3330_0 .var "buffer2", 31 0;
v0x600000dc33c0_0 .var "buffer3", 31 0;
v0x600000dc3450_0 .var "buffer4", 31 0;
v0x600000dc34e0_0 .var "buffer5", 31 0;
v0x600000dc3570_0 .var "buffer6", 31 0;
v0x600000dc3600_0 .net "clk", 0 0, o0x1500085e0;  alias, 0 drivers
v0x600000dc3690_0 .net "in0", 31 0, L_0x6000014c0a80;  alias, 1 drivers
v0x600000dc3720_0 .net "in1", 31 0, v0x600000dce880_0;  alias, 1 drivers
v0x600000dc37b0_0 .net "in2", 31 0, L_0x6000014c0bd0;  alias, 1 drivers
v0x600000dc3840_0 .net "in3", 31 0, L_0x6000014c0cb0;  alias, 1 drivers
o0x15000a8c0 .functor BUFZ 32, C4<zzzzzzzzzzzzzzzzzzzzzzzzzzzzzzzz>; HiZ drive
v0x600000dc38d0_0 .net "in4", 31 0, o0x15000a8c0;  0 drivers
o0x15000a8f0 .functor BUFZ 32, C4<zzzzzzzzzzzzzzzzzzzzzzzzzzzzzzzz>; HiZ drive
v0x600000dc3960_0 .net "in5", 31 0, o0x15000a8f0;  0 drivers
o0x15000a920 .functor BUFZ 32, C4<zzzzzzzzzzzzzzzzzzzzzzzzzzzzzzzz>; HiZ drive
v0x600000dc39f0_0 .net "in6", 31 0, o0x15000a920;  0 drivers
v0x600000dc3a80_0 .net "out0", 31 0, L_0x6000014c0d90;  alias, 1 drivers
v0x600000dc3b10_0 .net "out1", 31 0, v0x600000dc32a0_0;  alias, 1 drivers
v0x600000dc3ba0_0 .net "out2", 31 0, L_0x6000014c0e70;  alias, 1 drivers
v0x600000dc3c30_0 .net "out3", 31 0, L_0x6000014c0ee0;  alias, 1 drivers
v0x600000dc3cc0_0 .net "out4", 31 0, L_0x6000014c0f50;  1 drivers
v0x600000dc3d50_0 .net "out5", 31 0, L_0x6000014c0fc0;  1 drivers
v0x600000dc3de0_0 .net "out6", 31 0, L_0x6000014c1030;  1 drivers
S_0x15b106880 .scope module, "pcIncrementModule" "adder" 2 31, 9 1 0, S_0x15b1044c0;
 .timescale 0 0;
    .port_info 0 /INPUT 32 "in1";
    .port_info 1 /INPUT 32 "in2";
    .port_info 2 /OUTPUT 32 "out";
L_0x150040058 .functor BUFT 1, C4<00000000000000000000000000000100>, C4<0>, C4<0>, C4<0>;
v0x600000dc3e70_0 .net "in1", 31 0, L_0x150040058;  1 drivers
v0x600000dc3f00_0 .net "in2", 31 0, v0x600000dcf690_0;  alias, 1 drivers
v0x600000dc4000_0 .net "out", 31 0, L_0x600000ecc000;  alias, 1 drivers
L_0x600000ecc000 .arith/sum 32, L_0x150040058, v0x600000dcf690_0;
S_0x15b1069f0 .scope module, "pcMultiplexerModule" "multiplexer2to1" 2 37, 10 1 0, S_0x15b1044c0;
 .timescale 0 0;
    .port_info 0 /INPUT 1 "sel";
    .port_info 1 /INPUT 32 "in1";
    .port_info 2 /INPUT 32 "in2";
    .port_info 3 /OUTPUT 32 "out";
v0x600000dc4090_0 .net "in1", 31 0, L_0x600000ecc000;  alias, 1 drivers
v0x600000dc4120_0 .net "in2", 31 0, v0x600000dce880_0;  alias, 1 drivers
v0x600000dc41b0_0 .var "out", 31 0;
v0x600000dc4240_0 .net "sel", 0 0, v0x600000dceac0_0;  alias, 1 drivers
E_0x6000031eabb0 .event edge, v0x600000dceac0_0, v0x600000dc0a20_0, v0x600000dce880_0;
S_0x15b106b60 .scope module, "pcRegisterModule" "pcRegister" 2 20, 11 1 0, S_0x15b1044c0;
 .timescale 0 0;
    .port_info 0 /INPUT 1 "clk";
    .port_info 1 /INPUT 1 "reset";
    .port_info 2 /INPUT 32 "in";
    .port_info 3 /OUTPUT 32 "out";
v0x600000dc42d0_0 .net "clk", 0 0, o0x1500085e0;  alias, 0 drivers
v0x600000dc4360_0 .var/i "i", 31 0;
v0x600000dc43f0_0 .net "in", 31 0, v0x600000dc41b0_0;  alias, 1 drivers
v0x600000dc4480_0 .net "out", 31 0, v0x600000dc4510_0;  alias, 1 drivers
v0x600000dc4510_0 .var "pc", 31 0;
o0x15000aec0 .functor BUFZ 1, C4<z>; HiZ drive
v0x600000dc45a0_0 .net "reset", 0 0, o0x15000aec0;  0 drivers
S_0x15b109170 .scope module, "registerBankModule" "registerBank" 2 65, 12 1 0, S_0x15b1044c0;
 .timescale 0 0;
    .port_info 0 /INPUT 1 "clk";
    .port_info 1 /INPUT 1 "regwrite";
    .port_info 2 /INPUT 5 "rdaddr";
    .port_info 3 /INPUT 32 "rddata";
    .port_info 4 /INPUT 5 "rs1addr";
    .port_info 5 /INPUT 5 "rs2addr";
    .port_info 6 /OUTPUT 32 "rs1";
    .port_info 7 /OUTPUT 32 "rs2";
L_0x6000014c09a0 .functor BUFZ 32, L_0x600000ecc640, C4<00000000000000000000000000000000>, C4<00000000000000000000000000000000>, C4<00000000000000000000000000000000>;
L_0x6000014c0a10 .functor BUFZ 32, L_0x600000ecc1e0, C4<00000000000000000000000000000000>, C4<00000000000000000000000000000000>, C4<00000000000000000000000000000000>;
v0x600000dc4630_0 .net *"_ivl_0", 31 0, L_0x600000ecc640;  1 drivers
v0x600000dc46c0_0 .net *"_ivl_10", 6 0, L_0x600000ecca00;  1 drivers
L_0x1500400e8 .functor BUFT 1, C4<00>, C4<0>, C4<0>, C4<0>;
v0x600000dc4750_0 .net *"_ivl_13", 1 0, L_0x1500400e8;  1 drivers
v0x600000dc47e0_0 .net *"_ivl_2", 6 0, L_0x600000ecc460;  1 drivers
L_0x1500400a0 .functor BUFT 1, C4<00>, C4<0>, C4<0>, C4<0>;
v0x600000dc4870_0 .net *"_ivl_5", 1 0, L_0x1500400a0;  1 drivers
v0x600000dc4900_0 .net *"_ivl_8", 31 0, L_0x600000ecc1e0;  1 drivers
v0x600000dc4990_0 .net "clk", 0 0, o0x1500085e0;  alias, 0 drivers
v0x600000dc4a20_0 .net "rdaddr", 4 0, v0x600000dc2be0_0;  alias, 1 drivers
v0x600000dc4ab0_0 .net "rddata", 31 0, L_0x6000014c1110;  alias, 1 drivers
v0x600000dc4b40_0 .var "reg0", 31 0;
v0x600000dc4bd0_0 .var "reg1", 31 0;
v0x600000dc4c60_0 .var "reg10", 31 0;
v0x600000dc4cf0_0 .var "reg11", 31 0;
v0x600000dc4d80_0 .var "reg12", 31 0;
v0x600000dc4e10_0 .var "reg13", 31 0;
v0x600000dc4ea0_0 .var "reg14", 31 0;
v0x600000dc4f30_0 .var "reg15", 31 0;
v0x600000dc4fc0_0 .var "reg16", 31 0;
v0x600000dc5050_0 .var "reg17", 31 0;
v0x600000dc50e0_0 .var "reg18", 31 0;
v0x600000dc5170_0 .var "reg19", 31 0;
v0x600000dc5200_0 .var "reg2", 31 0;
v0x600000dc5290_0 .var "reg20", 31 0;
v0x600000dc5320_0 .var "reg21", 31 0;
v0x600000dc53b0_0 .var "reg22", 31 0;
v0x600000dc5440_0 .var "reg23", 31 0;
v0x600000dc54d0_0 .var "reg24", 31 0;
v0x600000dc5560_0 .var "reg25", 31 0;
v0x600000dc55f0_0 .var "reg26", 31 0;
v0x600000dc5680_0 .var "reg27", 31 0;
v0x600000dc5710_0 .var "reg28", 31 0;
v0x600000dc57a0_0 .var "reg29", 31 0;
v0x600000dc5830_0 .var "reg3", 31 0;
v0x600000dc58c0_0 .var "reg30", 31 0;
v0x600000dc5950_0 .var "reg31", 31 0;
v0x600000dc59e0_0 .var "reg4", 31 0;
v0x600000dc5a70_0 .var "reg5", 31 0;
v0x600000dc5b00_0 .var "reg6", 31 0;
v0x600000dc5b90_0 .var "reg7", 31 0;
v0x600000dc5c20_0 .var "reg8", 31 0;
v0x600000dc5cb0_0 .var "reg9", 31 0;
v0x600000dc5d40 .array "regs", 31 0, 31 0;
v0x600000dc5dd0_0 .net "regwrite", 0 0, v0x600000dc2c70_0;  alias, 1 drivers
v0x600000dc5e60_0 .net "rs1", 31 0, L_0x6000014c09a0;  alias, 1 drivers
v0x600000dc5ef0_0 .net "rs1addr", 4 0, v0x600000dc18c0_0;  alias, 1 drivers
v0x600000dc5f80_0 .net "rs2", 31 0, L_0x6000014c0a10;  alias, 1 drivers
v0x600000dc6010_0 .net "rs2addr", 4 0, v0x600000dc1950_0;  alias, 1 drivers
v0x600000dc5d40_0 .array/port v0x600000dc5d40, 0;
v0x600000dc5d40_1 .array/port v0x600000dc5d40, 1;
v0x600000dc5d40_2 .array/port v0x600000dc5d40, 2;
v0x600000dc5d40_3 .array/port v0x600000dc5d40, 3;
E_0x6000031eaa30/0 .event edge, v0x600000dc5d40_0, v0x600000dc5d40_1, v0x600000dc5d40_2, v0x600000dc5d40_3;
v0x600000dc5d40_4 .array/port v0x600000dc5d40, 4;
v0x600000dc5d40_5 .array/port v0x600000dc5d40, 5;
v0x600000dc5d40_6 .array/port v0x600000dc5d40, 6;
v0x600000dc5d40_7 .array/port v0x600000dc5d40, 7;
E_0x6000031eaa30/1 .event edge, v0x600000dc5d40_4, v0x600000dc5d40_5, v0x600000dc5d40_6, v0x600000dc5d40_7;
v0x600000dc5d40_8 .array/port v0x600000dc5d40, 8;
v0x600000dc5d40_9 .array/port v0x600000dc5d40, 9;
v0x600000dc5d40_10 .array/port v0x600000dc5d40, 10;
v0x600000dc5d40_11 .array/port v0x600000dc5d40, 11;
E_0x6000031eaa30/2 .event edge, v0x600000dc5d40_8, v0x600000dc5d40_9, v0x600000dc5d40_10, v0x600000dc5d40_11;
v0x600000dc5d40_12 .array/port v0x600000dc5d40, 12;
v0x600000dc5d40_13 .array/port v0x600000dc5d40, 13;
v0x600000dc5d40_14 .array/port v0x600000dc5d40, 14;
v0x600000dc5d40_15 .array/port v0x600000dc5d40, 15;
E_0x6000031eaa30/3 .event edge, v0x600000dc5d40_12, v0x600000dc5d40_13, v0x600000dc5d40_14, v0x600000dc5d40_15;
v0x600000dc5d40_16 .array/port v0x600000dc5d40, 16;
v0x600000dc5d40_17 .array/port v0x600000dc5d40, 17;
v0x600000dc5d40_18 .array/port v0x600000dc5d40, 18;
v0x600000dc5d40_19 .array/port v0x600000dc5d40, 19;
E_0x6000031eaa30/4 .event edge, v0x600000dc5d40_16, v0x600000dc5d40_17, v0x600000dc5d40_18, v0x600000dc5d40_19;
v0x600000dc5d40_20 .array/port v0x600000dc5d40, 20;
v0x600000dc5d40_21 .array/port v0x600000dc5d40, 21;
v0x600000dc5d40_22 .array/port v0x600000dc5d40, 22;
v0x600000dc5d40_23 .array/port v0x600000dc5d40, 23;
E_0x6000031eaa30/5 .event edge, v0x600000dc5d40_20, v0x600000dc5d40_21, v0x600000dc5d40_22, v0x600000dc5d40_23;
v0x600000dc5d40_24 .array/port v0x600000dc5d40, 24;
v0x600000dc5d40_25 .array/port v0x600000dc5d40, 25;
v0x600000dc5d40_26 .array/port v0x600000dc5d40, 26;
v0x600000dc5d40_27 .array/port v0x600000dc5d40, 27;
E_0x6000031eaa30/6 .event edge, v0x600000dc5d40_24, v0x600000dc5d40_25, v0x600000dc5d40_26, v0x600000dc5d40_27;
v0x600000dc5d40_28 .array/port v0x600000dc5d40, 28;
v0x600000dc5d40_29 .array/port v0x600000dc5d40, 29;
v0x600000dc5d40_30 .array/port v0x600000dc5d40, 30;
v0x600000dc5d40_31 .array/port v0x600000dc5d40, 31;
E_0x6000031eaa30/7 .event edge, v0x600000dc5d40_28, v0x600000dc5d40_29, v0x600000dc5d40_30, v0x600000dc5d40_31;
E_0x6000031eaa30 .event/or E_0x6000031eaa30/0, E_0x6000031eaa30/1, E_0x6000031eaa30/2, E_0x6000031eaa30/3, E_0x6000031eaa30/4, E_0x6000031eaa30/5, E_0x6000031eaa30/6, E_0x6000031eaa30/7;
L_0x600000ecc640 .array/port v0x600000dc5d40, L_0x600000ecc460;
L_0x600000ecc460 .concat [ 5 2 0 0], v0x600000dc18c0_0, L_0x1500400a0;
L_0x600000ecc1e0 .array/port v0x600000dc5d40, L_0x600000ecca00;
L_0x600000ecca00 .concat [ 5 2 0 0], v0x600000dc1950_0, L_0x1500400e8;
S_0x15b1094e0 .scope module, "writebackBufferModule" "buffer" 2 157, 5 1 0, S_0x15b1044c0;
 .timescale 0 0;
    .port_info 0 /INPUT 1 "clk";
    .port_info 1 /INPUT 32 "in0";
    .port_info 2 /INPUT 32 "in1";
    .port_info 3 /INPUT 32 "in2";
    .port_info 4 /INPUT 32 "in3";
    .port_info 5 /INPUT 32 "in4";
    .port_info 6 /INPUT 32 "in5";
    .port_info 7 /INPUT 32 "in6";
    .port_info 8 /OUTPUT 32 "out0";
    .port_info 9 /OUTPUT 32 "out1";
    .port_info 10 /OUTPUT 32 "out2";
    .port_info 11 /OUTPUT 32 "out3";
    .port_info 12 /OUTPUT 32 "out4";
    .port_info 13 /OUTPUT 32 "out5";
    .port_info 14 /OUTPUT 32 "out6";
L_0x6000014c10a0 .functor BUFZ 32, v0x600000dc60a0_0, C4<00000000000000000000000000000000>, C4<00000000000000000000000000000000>, C4<00000000000000000000000000000000>;
L_0x6000014c1110 .functor BUFZ 32, v0x600000dc6130_0, C4<00000000000000000000000000000000>, C4<00000000000000000000000000000000>, C4<00000000000000000000000000000000>;
L_0x6000014c1180 .functor BUFZ 32, v0x600000dc61c0_0, C4<00000000000000000000000000000000>, C4<00000000000000000000000000000000>, C4<00000000000000000000000000000000>;
L_0x6000014c11f0 .functor BUFZ 32, v0x600000dc6250_0, C4<00000000000000000000000000000000>, C4<00000000000000000000000000000000>, C4<00000000000000000000000000000000>;
L_0x6000014c1260 .functor BUFZ 32, v0x600000dc62e0_0, C4<00000000000000000000000000000000>, C4<00000000000000000000000000000000>, C4<00000000000000000000000000000000>;
L_0x6000014c12d0 .functor BUFZ 32, v0x600000dc6370_0, C4<00000000000000000000000000000000>, C4<00000000000000000000000000000000>, C4<00000000000000000000000000000000>;
L_0x6000014c1340 .functor BUFZ 32, v0x600000dc6400_0, C4<00000000000000000000000000000000>, C4<00000000000000000000000000000000>, C4<00000000000000000000000000000000>;
v0x600000dc60a0_0 .var "buffer0", 31 0;
v0x600000dc6130_0 .var "buffer1", 31 0;
v0x600000dc61c0_0 .var "buffer2", 31 0;
v0x600000dc6250_0 .var "buffer3", 31 0;
v0x600000dc62e0_0 .var "buffer4", 31 0;
v0x600000dc6370_0 .var "buffer5", 31 0;
v0x600000dc6400_0 .var "buffer6", 31 0;
v0x600000dc6490_0 .net "clk", 0 0, o0x1500085e0;  alias, 0 drivers
v0x600000dc6520_0 .net "in0", 31 0, L_0x6000014c0d90;  alias, 1 drivers
v0x600000dc65b0_0 .net "in1", 31 0, v0x600000dc30f0_0;  alias, 1 drivers
o0x15000bfd0 .functor BUFZ 32, C4<zzzzzzzzzzzzzzzzzzzzzzzzzzzzzzzz>; HiZ drive
v0x600000dc6640_0 .net "in2", 31 0, o0x15000bfd0;  0 drivers
o0x15000c000 .functor BUFZ 32, C4<zzzzzzzzzzzzzzzzzzzzzzzzzzzzzzzz>; HiZ drive
v0x600000dc66d0_0 .net "in3", 31 0, o0x15000c000;  0 drivers
o0x15000c030 .functor BUFZ 32, C4<zzzzzzzzzzzzzzzzzzzzzzzzzzzzzzzz>; HiZ drive
v0x600000dc6760_0 .net "in4", 31 0, o0x15000c030;  0 drivers
o0x15000c060 .functor BUFZ 32, C4<zzzzzzzzzzzzzzzzzzzzzzzzzzzzzzzz>; HiZ drive
v0x600000dc67f0_0 .net "in5", 31 0, o0x15000c060;  0 drivers
o0x15000c090 .functor BUFZ 32, C4<zzzzzzzzzzzzzzzzzzzzzzzzzzzzzzzz>; HiZ drive
v0x600000dc6880_0 .net "in6", 31 0, o0x15000c090;  0 drivers
v0x600000dc6910_0 .net "out0", 31 0, L_0x6000014c10a0;  alias, 1 drivers
v0x600000dc69a0_0 .net "out1", 31 0, L_0x6000014c1110;  alias, 1 drivers
v0x600000dc6a30_0 .net "out2", 31 0, L_0x6000014c1180;  1 drivers
v0x600000dc6ac0_0 .net "out3", 31 0, L_0x6000014c11f0;  1 drivers
v0x600000dc6b50_0 .net "out4", 31 0, L_0x6000014c1260;  1 drivers
v0x600000dc6be0_0 .net "out5", 31 0, L_0x6000014c12d0;  1 drivers
v0x600000dc6c70_0 .net "out6", 31 0, L_0x6000014c1340;  1 drivers
    .scope S_0x15b106b60;
T_0 ;
    %pushi/vec4 0, 0, 32;
    %store/vec4 v0x600000dc4510_0, 0, 32;
    %pushi/vec4 0, 0, 32;
    %store/vec4 v0x600000dc4360_0, 0, 32;
    %end;
    .thread T_0;
    .scope S_0x15b106b60;
T_1 ;
    %wait E_0x6000031e9890;
    %load/vec4 v0x600000dc4360_0;
    %addi 1, 0, 32;
    %store/vec4 v0x600000dc4360_0, 0, 32;
    %load/vec4 v0x600000dc4360_0;
    %pushi/vec4 5, 0, 32;
    %mod/s;
    %cmpi/e 0, 0, 32;
    %jmp/0xz  T_1.0, 4;
    %load/vec4 v0x600000dc43f0_0;
    %assign/vec4 v0x600000dc4510_0, 0;
T_1.0 ;
    %jmp T_1;
    .thread T_1;
    .scope S_0x15b1088e0;
T_2 ;
    %pushi/vec4 0, 0, 32;
    %store/vec4 v0x600000dc1170_0, 0, 32;
    %end;
    .thread T_2;
    .scope S_0x15b1088e0;
T_3 ;
    %wait E_0x6000031e8b40;
    %load/vec4 v0x600000dc1290_0;
    %cmpi/e 3221229683, 0, 32;
    %jmp/0xz  T_3.0, 4;
    %vpi_call 6 10 "$display", "**** PASSED ****" {0 0 0};
T_3.0 ;
    %jmp T_3;
    .thread T_3, $push;
    .scope S_0x15b1088e0;
T_4 ;
    %vpi_call 6 17 "$readmemh", "mytests/beq-res.txt", v0x600000dc1200 {0 0 0};
    %vpi_call 6 18 "$display", "INSTRUCTION MEMORY:" {0 0 0};
    %pushi/vec4 0, 0, 32;
    %store/vec4 v0x600000dc1170_0, 0, 32;
T_4.0 ;
    %load/vec4 v0x600000dc1170_0;
    %cmpi/s 511, 0, 32;
    %jmp/0xz T_4.1, 5;
    %load/vec4 v0x600000dc1170_0;
    %muli 4, 0, 32;
    %load/vec4 v0x600000dc1170_0;
    %pad/s 33;
    %addi 1, 0, 33;
    %ix/vec4/s 4;
    %load/vec4a v0x600000dc1200, 4;
    %load/vec4 v0x600000dc1170_0;
    %pad/s 33;
    %addi 2, 0, 33;
    %ix/vec4/s 4;
    %load/vec4a v0x600000dc1200, 4;
    %load/vec4 v0x600000dc1170_0;
    %pad/s 33;
    %addi 3, 0, 33;
    %ix/vec4/s 4;
    %load/vec4a v0x600000dc1200, 4;
    %vpi_call 6 20 "$display", "%-03h : %-8h  %-8h  %-8h  %-8h", S<3,vec4,s32>, &A<v0x600000dc1200, v0x600000dc1170_0 >, S<2,vec4,u32>, S<1,vec4,u32>, S<0,vec4,u32> {4 0 0};
    %load/vec4 v0x600000dc1170_0;
    %addi 1, 0, 32;
    %store/vec4 v0x600000dc1170_0, 0, 32;
    %load/vec4 v0x600000dc1170_0;
    %addi 3, 0, 32;
    %store/vec4 v0x600000dc1170_0, 0, 32;
    %jmp T_4.0;
T_4.1 ;
    %end;
    .thread T_4;
    .scope S_0x15b1069f0;
T_5 ;
    %wait E_0x6000031eabb0;
    %load/vec4 v0x600000dc4240_0;
    %dup/vec4;
    %pushi/vec4 0, 0, 1;
    %cmp/u;
    %jmp/1 T_5.0, 6;
    %dup/vec4;
    %pushi/vec4 1, 0, 1;
    %cmp/u;
    %jmp/1 T_5.1, 6;
    %jmp T_5.2;
T_5.0 ;
    %load/vec4 v0x600000dc4090_0;
    %store/vec4 v0x600000dc41b0_0, 0, 32;
    %jmp T_5.2;
T_5.1 ;
    %load/vec4 v0x600000dc4120_0;
    %store/vec4 v0x600000dc41b0_0, 0, 32;
    %jmp T_5.2;
T_5.2 ;
    %pop/vec4 1;
    %jmp T_5;
    .thread T_5, $push;
    .scope S_0x15b1059e0;
T_6 ;
    %wait E_0x6000031e9890;
    %load/vec4 v0x600000dcfa80_0;
    %assign/vec4 v0x600000dcf600_0, 0;
    %load/vec4 v0x600000dcfb10_0;
    %assign/vec4 v0x600000dcf690_0, 0;
    %load/vec4 v0x600000dcfba0_0;
    %assign/vec4 v0x600000dcf720_0, 0;
    %load/vec4 v0x600000dcfc30_0;
    %assign/vec4 v0x600000dcf7b0_0, 0;
    %load/vec4 v0x600000dcfcc0_0;
    %assign/vec4 v0x600000dcf840_0, 0;
    %load/vec4 v0x600000dcfd50_0;
    %assign/vec4 v0x600000dcf8d0_0, 0;
    %load/vec4 v0x600000dcfde0_0;
    %assign/vec4 v0x600000dcf960_0, 0;
    %jmp T_6;
    .thread T_6;
    .scope S_0x15b108a50;
T_7 ;
    %wait E_0x6000031e84b0;
    %load/vec4 v0x600000dc14d0_0;
    %parti/s 7, 0, 2;
    %store/vec4 v0x600000dc1710_0, 0, 7;
    %load/vec4 v0x600000dc1710_0;
    %pushi/vec4 23, 0, 7;
    %cmp/ne;
    %flag_get/vec4 4;
    %load/vec4 v0x600000dc1710_0;
    %pushi/vec4 55, 0, 7;
    %cmp/ne;
    %flag_get/vec4 4;
    %and;
    %load/vec4 v0x600000dc1710_0;
    %pushi/vec4 111, 0, 7;
    %cmp/ne;
    %flag_get/vec4 4;
    %and;
    %flag_set/vec4 8;
    %jmp/0 T_7.0, 8;
    %load/vec4 v0x600000dc14d0_0;
    %parti/s 3, 12, 5;
    %pad/u 32;
    %jmp/1 T_7.1, 8;
T_7.0 ; End of true expr.
    %pushi/vec4 0, 4294967295, 32;
    %jmp/0 T_7.1, 8;
 ; End of false expr.
    %blend;
T_7.1;
    %pad/u 3;
    %store/vec4 v0x600000dc1320_0, 0, 3;
    %load/vec4 v0x600000dc14d0_0;
    %parti/s 7, 25, 6;
    %store/vec4 v0x600000dc13b0_0, 0, 7;
    %load/vec4 v0x600000dc1710_0;
    %pushi/vec4 23, 0, 7;
    %cmp/ne;
    %flag_get/vec4 4;
    %load/vec4 v0x600000dc1710_0;
    %pushi/vec4 55, 0, 7;
    %cmp/ne;
    %flag_get/vec4 4;
    %and;
    %load/vec4 v0x600000dc1710_0;
    %pushi/vec4 111, 0, 7;
    %cmp/ne;
    %flag_get/vec4 4;
    %and;
    %flag_set/vec4 8;
    %jmp/0 T_7.2, 8;
    %load/vec4 v0x600000dc14d0_0;
    %parti/s 5, 15, 5;
    %pad/u 32;
    %jmp/1 T_7.3, 8;
T_7.2 ; End of true expr.
    %pushi/vec4 0, 4294967295, 32;
    %jmp/0 T_7.3, 8;
 ; End of false expr.
    %blend;
T_7.3;
    %pad/u 5;
    %store/vec4 v0x600000dc18c0_0, 0, 5;
    %load/vec4 v0x600000dc1710_0;
    %pushi/vec4 99, 0, 7;
    %cmp/e;
    %flag_get/vec4 4;
    %load/vec4 v0x600000dc1710_0;
    %pushi/vec4 35, 0, 7;
    %cmp/e;
    %flag_get/vec4 4;
    %or;
    %load/vec4 v0x600000dc1710_0;
    %pushi/vec4 51, 0, 7;
    %cmp/e;
    %flag_get/vec4 4;
    %or;
    %flag_set/vec4 8;
    %jmp/0 T_7.4, 8;
    %load/vec4 v0x600000dc14d0_0;
    %parti/s 5, 20, 6;
    %pad/u 32;
    %jmp/1 T_7.5, 8;
T_7.4 ; End of true expr.
    %pushi/vec4 0, 4294967295, 32;
    %jmp/0 T_7.5, 8;
 ; End of false expr.
    %blend;
T_7.5;
    %pad/u 5;
    %store/vec4 v0x600000dc1950_0, 0, 5;
    %load/vec4 v0x600000dc1710_0;
    %dup/vec4;
    %pushi/vec4 23, 0, 7;
    %cmp/u;
    %jmp/1 T_7.6, 6;
    %dup/vec4;
    %pushi/vec4 55, 0, 7;
    %cmp/u;
    %jmp/1 T_7.7, 6;
    %dup/vec4;
    %pushi/vec4 111, 0, 7;
    %cmp/u;
    %jmp/1 T_7.8, 6;
    %dup/vec4;
    %pushi/vec4 103, 0, 7;
    %cmp/u;
    %jmp/1 T_7.9, 6;
    %dup/vec4;
    %pushi/vec4 3, 0, 7;
    %cmp/u;
    %jmp/1 T_7.10, 6;
    %dup/vec4;
    %pushi/vec4 19, 0, 7;
    %cmp/u;
    %jmp/1 T_7.11, 6;
    %dup/vec4;
    %pushi/vec4 99, 0, 7;
    %cmp/u;
    %jmp/1 T_7.12, 6;
    %dup/vec4;
    %pushi/vec4 35, 0, 7;
    %cmp/u;
    %jmp/1 T_7.13, 6;
    %dup/vec4;
    %pushi/vec4 51, 0, 7;
    %cmp/u;
    %jmp/1 T_7.14, 6;
    %jmp T_7.15;
T_7.6 ;
    %load/vec4 v0x600000dc14d0_0;
    %parti/s 20, 12, 5;
    %pad/u 32;
    %store/vec4 v0x600000dc1440_0, 0, 32;
    %jmp T_7.15;
T_7.7 ;
    %load/vec4 v0x600000dc14d0_0;
    %parti/s 20, 12, 5;
    %pad/u 32;
    %store/vec4 v0x600000dc1440_0, 0, 32;
    %jmp T_7.15;
T_7.8 ;
    %load/vec4 v0x600000dc14d0_0;
    %parti/s 1, 31, 6;
    %load/vec4 v0x600000dc14d0_0;
    %parti/s 8, 12, 5;
    %concat/vec4; draw_concat_vec4
    %load/vec4 v0x600000dc14d0_0;
    %parti/s 1, 20, 6;
    %concat/vec4; draw_concat_vec4
    %load/vec4 v0x600000dc14d0_0;
    %parti/s 10, 21, 6;
    %concat/vec4; draw_concat_vec4
    %concati/vec4 0, 0, 1;
    %pad/u 32;
    %store/vec4 v0x600000dc1440_0, 0, 32;
    %jmp T_7.15;
T_7.9 ;
    %load/vec4 v0x600000dc14d0_0;
    %parti/s 12, 20, 6;
    %pad/u 32;
    %store/vec4 v0x600000dc1440_0, 0, 32;
    %jmp T_7.15;
T_7.10 ;
    %load/vec4 v0x600000dc14d0_0;
    %parti/s 12, 20, 6;
    %pad/u 32;
    %store/vec4 v0x600000dc1440_0, 0, 32;
    %jmp T_7.15;
T_7.11 ;
    %load/vec4 v0x600000dc1320_0;
    %pushi/vec4 1, 0, 3;
    %cmp/e;
    %flag_get/vec4 4;
    %load/vec4 v0x600000dc1320_0;
    %pushi/vec4 5, 0, 3;
    %cmp/e;
    %flag_get/vec4 4;
    %or;
    %flag_set/vec4 8;
    %jmp/0xz  T_7.16, 8;
    %load/vec4 v0x600000dc14d0_0;
    %parti/s 5, 20, 6;
    %pad/u 32;
    %store/vec4 v0x600000dc1440_0, 0, 32;
    %jmp T_7.17;
T_7.16 ;
    %load/vec4 v0x600000dc14d0_0;
    %parti/s 12, 20, 6;
    %pad/u 32;
    %store/vec4 v0x600000dc1440_0, 0, 32;
T_7.17 ;
    %jmp T_7.15;
T_7.12 ;
    %load/vec4 v0x600000dc14d0_0;
    %parti/s 1, 31, 6;
    %load/vec4 v0x600000dc14d0_0;
    %parti/s 1, 7, 4;
    %concat/vec4; draw_concat_vec4
    %load/vec4 v0x600000dc14d0_0;
    %parti/s 6, 25, 6;
    %concat/vec4; draw_concat_vec4
    %load/vec4 v0x600000dc14d0_0;
    %parti/s 4, 8, 5;
    %concat/vec4; draw_concat_vec4
    %concati/vec4 0, 0, 1;
    %pad/u 32;
    %store/vec4 v0x600000dc1440_0, 0, 32;
    %jmp T_7.15;
T_7.13 ;
    %load/vec4 v0x600000dc14d0_0;
    %parti/s 7, 25, 6;
    %load/vec4 v0x600000dc14d0_0;
    %parti/s 5, 7, 4;
    %concat/vec4; draw_concat_vec4
    %pad/u 32;
    %store/vec4 v0x600000dc1440_0, 0, 32;
    %jmp T_7.15;
T_7.14 ;
    %pushi/vec4 0, 4294967295, 32;
    %store/vec4 v0x600000dc1440_0, 0, 32;
    %jmp T_7.15;
T_7.15 ;
    %pop/vec4 1;
    %load/vec4 v0x600000dc1710_0;
    %cmpi/e 35, 0, 7;
    %flag_mov 8, 4;
    %jmp/0 T_7.18, 8;
    %pushi/vec4 1, 0, 1;
    %jmp/1 T_7.19, 8;
T_7.18 ; End of true expr.
    %pushi/vec4 0, 0, 1;
    %jmp/0 T_7.19, 8;
 ; End of false expr.
    %blend;
T_7.19;
    %store/vec4 v0x600000dc1680_0, 0, 1;
    %load/vec4 v0x600000dc1710_0;
    %pushi/vec4 3, 0, 7;
    %cmp/e;
    %flag_get/vec4 4;
    %load/vec4 v0x600000dc1710_0;
    %pushi/vec4 35, 0, 7;
    %cmp/e;
    %flag_get/vec4 4;
    %or;
    %flag_set/vec4 8;
    %jmp/0xz  T_7.20, 8;
    %load/vec4 v0x600000dc1320_0;
    %dup/vec4;
    %pushi/vec4 0, 0, 3;
    %cmp/u;
    %jmp/1 T_7.22, 6;
    %dup/vec4;
    %pushi/vec4 4, 0, 3;
    %cmp/u;
    %jmp/1 T_7.23, 6;
    %dup/vec4;
    %pushi/vec4 1, 0, 3;
    %cmp/u;
    %jmp/1 T_7.24, 6;
    %dup/vec4;
    %pushi/vec4 5, 0, 3;
    %cmp/u;
    %jmp/1 T_7.25, 6;
    %dup/vec4;
    %pushi/vec4 2, 0, 3;
    %cmp/u;
    %jmp/1 T_7.26, 6;
    %jmp T_7.27;
T_7.22 ;
    %pushi/vec4 0, 0, 2;
    %store/vec4 v0x600000dc1560_0, 0, 2;
    %jmp T_7.27;
T_7.23 ;
    %pushi/vec4 0, 0, 2;
    %store/vec4 v0x600000dc1560_0, 0, 2;
    %jmp T_7.27;
T_7.24 ;
    %pushi/vec4 1, 0, 2;
    %store/vec4 v0x600000dc1560_0, 0, 2;
    %jmp T_7.27;
T_7.25 ;
    %pushi/vec4 1, 0, 2;
    %store/vec4 v0x600000dc1560_0, 0, 2;
    %jmp T_7.27;
T_7.26 ;
    %pushi/vec4 1, 0, 2;
    %store/vec4 v0x600000dc1560_0, 0, 2;
    %jmp T_7.27;
T_7.27 ;
    %pop/vec4 1;
    %jmp T_7.21;
T_7.20 ;
    %pushi/vec4 0, 3, 2;
    %store/vec4 v0x600000dc1560_0, 0, 2;
T_7.21 ;
    %load/vec4 v0x600000dc1710_0;
    %pushi/vec4 111, 0, 7;
    %cmp/e;
    %flag_get/vec4 4;
    %load/vec4 v0x600000dc1710_0;
    %pushi/vec4 103, 0, 7;
    %cmp/e;
    %flag_get/vec4 4;
    %or;
    %flag_set/vec4 8;
    %jmp/0xz  T_7.28, 8;
    %pushi/vec4 0, 0, 2;
    %store/vec4 v0x600000dc15f0_0, 0, 2;
    %jmp T_7.29;
T_7.28 ;
    %load/vec4 v0x600000dc1710_0;
    %cmpi/e 3, 0, 7;
    %jmp/0xz  T_7.30, 4;
    %pushi/vec4 1, 0, 2;
    %store/vec4 v0x600000dc15f0_0, 0, 2;
    %jmp T_7.31;
T_7.30 ;
    %pushi/vec4 2, 0, 2;
    %store/vec4 v0x600000dc15f0_0, 0, 2;
T_7.31 ;
T_7.29 ;
    %load/vec4 v0x600000dc1710_0;
    %pushi/vec4 99, 0, 7;
    %cmp/ne;
    %flag_get/vec4 4;
    %load/vec4 v0x600000dc1710_0;
    %pushi/vec4 35, 0, 7;
    %cmp/ne;
    %flag_get/vec4 4;
    %and;
    %flag_set/vec4 8;
    %jmp/0 T_7.32, 8;
    %pushi/vec4 1, 0, 1;
    %jmp/1 T_7.33, 8;
T_7.32 ; End of true expr.
    %pushi/vec4 0, 0, 1;
    %jmp/0 T_7.33, 8;
 ; End of false expr.
    %blend;
T_7.33;
    %store/vec4 v0x600000dc1830_0, 0, 1;
    %load/vec4 v0x600000dc1710_0;
    %pushi/vec4 99, 0, 7;
    %cmp/ne;
    %flag_get/vec4 4;
    %load/vec4 v0x600000dc1710_0;
    %pushi/vec4 35, 0, 7;
    %cmp/ne;
    %flag_get/vec4 4;
    %and;
    %flag_set/vec4 8;
    %jmp/0 T_7.34, 8;
    %load/vec4 v0x600000dc14d0_0;
    %parti/s 5, 7, 4;
    %pad/u 32;
    %jmp/1 T_7.35, 8;
T_7.34 ; End of true expr.
    %pushi/vec4 0, 4294967295, 32;
    %jmp/0 T_7.35, 8;
 ; End of false expr.
    %blend;
T_7.35;
    %pad/u 5;
    %store/vec4 v0x600000dc17a0_0, 0, 5;
    %jmp T_7;
    .thread T_7, $push;
    .scope S_0x15b109170;
T_8 ;
    %wait E_0x6000031e9890;
    %load/vec4 v0x600000dc5dd0_0;
    %load/vec4 v0x600000dc4a20_0;
    %pad/u 32;
    %pushi/vec4 0, 0, 32;
    %cmp/ne;
    %flag_get/vec4 4;
    %and;
    %flag_set/vec4 8;
    %jmp/0xz  T_8.0, 8;
    %load/vec4 v0x600000dc4ab0_0;
    %load/vec4 v0x600000dc4a20_0;
    %pad/u 7;
    %ix/vec4 3;
    %ix/load 4, 0, 0; Constant delay
    %assign/vec4/a/d v0x600000dc5d40, 0, 4;
T_8.0 ;
    %jmp T_8;
    .thread T_8;
    .scope S_0x15b109170;
T_9 ;
    %pushi/vec4 0, 0, 32;
    %ix/load 3, 0, 0;
    %flag_set/imm 4, 0;
    %ix/load 4, 0, 0; Constant delay
    %assign/vec4/a/d v0x600000dc5d40, 0, 4;
    %end;
    .thread T_9;
    .scope S_0x15b109170;
T_10 ;
    %wait E_0x6000031eaa30;
    %ix/load 4, 0, 0;
    %flag_set/imm 4, 0;
    %load/vec4a v0x600000dc5d40, 4;
    %store/vec4 v0x600000dc4b40_0, 0, 32;
    %ix/load 4, 1, 0;
    %flag_set/imm 4, 0;
    %load/vec4a v0x600000dc5d40, 4;
    %store/vec4 v0x600000dc4bd0_0, 0, 32;
    %ix/load 4, 2, 0;
    %flag_set/imm 4, 0;
    %load/vec4a v0x600000dc5d40, 4;
    %store/vec4 v0x600000dc5200_0, 0, 32;
    %ix/load 4, 3, 0;
    %flag_set/imm 4, 0;
    %load/vec4a v0x600000dc5d40, 4;
    %store/vec4 v0x600000dc5830_0, 0, 32;
    %ix/load 4, 4, 0;
    %flag_set/imm 4, 0;
    %load/vec4a v0x600000dc5d40, 4;
    %store/vec4 v0x600000dc59e0_0, 0, 32;
    %ix/load 4, 5, 0;
    %flag_set/imm 4, 0;
    %load/vec4a v0x600000dc5d40, 4;
    %store/vec4 v0x600000dc5a70_0, 0, 32;
    %ix/load 4, 6, 0;
    %flag_set/imm 4, 0;
    %load/vec4a v0x600000dc5d40, 4;
    %store/vec4 v0x600000dc5b00_0, 0, 32;
    %ix/load 4, 7, 0;
    %flag_set/imm 4, 0;
    %load/vec4a v0x600000dc5d40, 4;
    %store/vec4 v0x600000dc5b90_0, 0, 32;
    %ix/load 4, 8, 0;
    %flag_set/imm 4, 0;
    %load/vec4a v0x600000dc5d40, 4;
    %store/vec4 v0x600000dc5c20_0, 0, 32;
    %ix/load 4, 9, 0;
    %flag_set/imm 4, 0;
    %load/vec4a v0x600000dc5d40, 4;
    %store/vec4 v0x600000dc5cb0_0, 0, 32;
    %ix/load 4, 10, 0;
    %flag_set/imm 4, 0;
    %load/vec4a v0x600000dc5d40, 4;
    %store/vec4 v0x600000dc4c60_0, 0, 32;
    %ix/load 4, 11, 0;
    %flag_set/imm 4, 0;
    %load/vec4a v0x600000dc5d40, 4;
    %store/vec4 v0x600000dc4cf0_0, 0, 32;
    %ix/load 4, 12, 0;
    %flag_set/imm 4, 0;
    %load/vec4a v0x600000dc5d40, 4;
    %store/vec4 v0x600000dc4d80_0, 0, 32;
    %ix/load 4, 13, 0;
    %flag_set/imm 4, 0;
    %load/vec4a v0x600000dc5d40, 4;
    %store/vec4 v0x600000dc4e10_0, 0, 32;
    %ix/load 4, 14, 0;
    %flag_set/imm 4, 0;
    %load/vec4a v0x600000dc5d40, 4;
    %store/vec4 v0x600000dc4ea0_0, 0, 32;
    %ix/load 4, 15, 0;
    %flag_set/imm 4, 0;
    %load/vec4a v0x600000dc5d40, 4;
    %store/vec4 v0x600000dc4f30_0, 0, 32;
    %ix/load 4, 16, 0;
    %flag_set/imm 4, 0;
    %load/vec4a v0x600000dc5d40, 4;
    %store/vec4 v0x600000dc4fc0_0, 0, 32;
    %ix/load 4, 17, 0;
    %flag_set/imm 4, 0;
    %load/vec4a v0x600000dc5d40, 4;
    %store/vec4 v0x600000dc5050_0, 0, 32;
    %ix/load 4, 18, 0;
    %flag_set/imm 4, 0;
    %load/vec4a v0x600000dc5d40, 4;
    %store/vec4 v0x600000dc50e0_0, 0, 32;
    %ix/load 4, 19, 0;
    %flag_set/imm 4, 0;
    %load/vec4a v0x600000dc5d40, 4;
    %store/vec4 v0x600000dc5170_0, 0, 32;
    %ix/load 4, 20, 0;
    %flag_set/imm 4, 0;
    %load/vec4a v0x600000dc5d40, 4;
    %store/vec4 v0x600000dc5290_0, 0, 32;
    %ix/load 4, 21, 0;
    %flag_set/imm 4, 0;
    %load/vec4a v0x600000dc5d40, 4;
    %store/vec4 v0x600000dc5320_0, 0, 32;
    %ix/load 4, 22, 0;
    %flag_set/imm 4, 0;
    %load/vec4a v0x600000dc5d40, 4;
    %store/vec4 v0x600000dc53b0_0, 0, 32;
    %ix/load 4, 23, 0;
    %flag_set/imm 4, 0;
    %load/vec4a v0x600000dc5d40, 4;
    %store/vec4 v0x600000dc5440_0, 0, 32;
    %ix/load 4, 24, 0;
    %flag_set/imm 4, 0;
    %load/vec4a v0x600000dc5d40, 4;
    %store/vec4 v0x600000dc54d0_0, 0, 32;
    %ix/load 4, 25, 0;
    %flag_set/imm 4, 0;
    %load/vec4a v0x600000dc5d40, 4;
    %store/vec4 v0x600000dc5560_0, 0, 32;
    %ix/load 4, 26, 0;
    %flag_set/imm 4, 0;
    %load/vec4a v0x600000dc5d40, 4;
    %store/vec4 v0x600000dc55f0_0, 0, 32;
    %ix/load 4, 27, 0;
    %flag_set/imm 4, 0;
    %load/vec4a v0x600000dc5d40, 4;
    %store/vec4 v0x600000dc5680_0, 0, 32;
    %ix/load 4, 28, 0;
    %flag_set/imm 4, 0;
    %load/vec4a v0x600000dc5d40, 4;
    %store/vec4 v0x600000dc5710_0, 0, 32;
    %ix/load 4, 29, 0;
    %flag_set/imm 4, 0;
    %load/vec4a v0x600000dc5d40, 4;
    %store/vec4 v0x600000dc57a0_0, 0, 32;
    %ix/load 4, 30, 0;
    %flag_set/imm 4, 0;
    %load/vec4a v0x600000dc5d40, 4;
    %store/vec4 v0x600000dc58c0_0, 0, 32;
    %ix/load 4, 31, 0;
    %flag_set/imm 4, 0;
    %load/vec4a v0x600000dc5d40, 4;
    %store/vec4 v0x600000dc5950_0, 0, 32;
    %jmp T_10;
    .thread T_10, $push;
    .scope S_0x15b105260;
T_11 ;
    %wait E_0x6000031e9890;
    %load/vec4 v0x600000dc0750_0;
    %assign/vec4 v0x600000dc02d0_0, 0;
    %load/vec4 v0x600000dc07e0_0;
    %assign/vec4 v0x600000dc0360_0, 0;
    %load/vec4 v0x600000dc0870_0;
    %assign/vec4 v0x600000dc03f0_0, 0;
    %load/vec4 v0x600000dc0900_0;
    %assign/vec4 v0x600000dc0480_0, 0;
    %load/vec4 v0x600000dc0990_0;
    %assign/vec4 v0x600000dc0510_0, 0;
    %load/vec4 v0x600000dc0a20_0;
    %assign/vec4 v0x600000dc05a0_0, 0;
    %load/vec4 v0x600000dc0ab0_0;
    %assign/vec4 v0x600000dc0630_0, 0;
    %jmp T_11;
    .thread T_11;
    .scope S_0x15b108bc0;
T_12 ;
    %wait E_0x6000031e8570;
    %load/vec4 v0x600000dc1b90_0;
    %parti/s 7, 0, 2;
    %store/vec4 v0x600000dc1dd0_0, 0, 7;
    %load/vec4 v0x600000dc1dd0_0;
    %pushi/vec4 23, 0, 7;
    %cmp/ne;
    %flag_get/vec4 4;
    %load/vec4 v0x600000dc1dd0_0;
    %pushi/vec4 55, 0, 7;
    %cmp/ne;
    %flag_get/vec4 4;
    %and;
    %load/vec4 v0x600000dc1dd0_0;
    %pushi/vec4 111, 0, 7;
    %cmp/ne;
    %flag_get/vec4 4;
    %and;
    %flag_set/vec4 8;
    %jmp/0 T_12.0, 8;
    %load/vec4 v0x600000dc1b90_0;
    %parti/s 3, 12, 5;
    %pad/u 32;
    %jmp/1 T_12.1, 8;
T_12.0 ; End of true expr.
    %pushi/vec4 0, 4294967295, 32;
    %jmp/0 T_12.1, 8;
 ; End of false expr.
    %blend;
T_12.1;
    %pad/u 3;
    %store/vec4 v0x600000dc19e0_0, 0, 3;
    %load/vec4 v0x600000dc1b90_0;
    %parti/s 7, 25, 6;
    %store/vec4 v0x600000dc1a70_0, 0, 7;
    %load/vec4 v0x600000dc1dd0_0;
    %pushi/vec4 23, 0, 7;
    %cmp/ne;
    %flag_get/vec4 4;
    %load/vec4 v0x600000dc1dd0_0;
    %pushi/vec4 55, 0, 7;
    %cmp/ne;
    %flag_get/vec4 4;
    %and;
    %load/vec4 v0x600000dc1dd0_0;
    %pushi/vec4 111, 0, 7;
    %cmp/ne;
    %flag_get/vec4 4;
    %and;
    %flag_set/vec4 8;
    %jmp/0 T_12.2, 8;
    %load/vec4 v0x600000dc1b90_0;
    %parti/s 5, 15, 5;
    %pad/u 32;
    %jmp/1 T_12.3, 8;
T_12.2 ; End of true expr.
    %pushi/vec4 0, 4294967295, 32;
    %jmp/0 T_12.3, 8;
 ; End of false expr.
    %blend;
T_12.3;
    %pad/u 5;
    %store/vec4 v0x600000dc1f80_0, 0, 5;
    %load/vec4 v0x600000dc1dd0_0;
    %pushi/vec4 99, 0, 7;
    %cmp/e;
    %flag_get/vec4 4;
    %load/vec4 v0x600000dc1dd0_0;
    %pushi/vec4 35, 0, 7;
    %cmp/e;
    %flag_get/vec4 4;
    %or;
    %load/vec4 v0x600000dc1dd0_0;
    %pushi/vec4 51, 0, 7;
    %cmp/e;
    %flag_get/vec4 4;
    %or;
    %flag_set/vec4 8;
    %jmp/0 T_12.4, 8;
    %load/vec4 v0x600000dc1b90_0;
    %parti/s 5, 20, 6;
    %pad/u 32;
    %jmp/1 T_12.5, 8;
T_12.4 ; End of true expr.
    %pushi/vec4 0, 4294967295, 32;
    %jmp/0 T_12.5, 8;
 ; End of false expr.
    %blend;
T_12.5;
    %pad/u 5;
    %store/vec4 v0x600000dc2010_0, 0, 5;
    %load/vec4 v0x600000dc1dd0_0;
    %dup/vec4;
    %pushi/vec4 23, 0, 7;
    %cmp/u;
    %jmp/1 T_12.6, 6;
    %dup/vec4;
    %pushi/vec4 55, 0, 7;
    %cmp/u;
    %jmp/1 T_12.7, 6;
    %dup/vec4;
    %pushi/vec4 111, 0, 7;
    %cmp/u;
    %jmp/1 T_12.8, 6;
    %dup/vec4;
    %pushi/vec4 103, 0, 7;
    %cmp/u;
    %jmp/1 T_12.9, 6;
    %dup/vec4;
    %pushi/vec4 3, 0, 7;
    %cmp/u;
    %jmp/1 T_12.10, 6;
    %dup/vec4;
    %pushi/vec4 19, 0, 7;
    %cmp/u;
    %jmp/1 T_12.11, 6;
    %dup/vec4;
    %pushi/vec4 99, 0, 7;
    %cmp/u;
    %jmp/1 T_12.12, 6;
    %dup/vec4;
    %pushi/vec4 35, 0, 7;
    %cmp/u;
    %jmp/1 T_12.13, 6;
    %dup/vec4;
    %pushi/vec4 51, 0, 7;
    %cmp/u;
    %jmp/1 T_12.14, 6;
    %jmp T_12.15;
T_12.6 ;
    %load/vec4 v0x600000dc1b90_0;
    %parti/s 20, 12, 5;
    %pad/u 32;
    %store/vec4 v0x600000dc1b00_0, 0, 32;
    %jmp T_12.15;
T_12.7 ;
    %load/vec4 v0x600000dc1b90_0;
    %parti/s 20, 12, 5;
    %pad/u 32;
    %store/vec4 v0x600000dc1b00_0, 0, 32;
    %jmp T_12.15;
T_12.8 ;
    %load/vec4 v0x600000dc1b90_0;
    %parti/s 1, 31, 6;
    %load/vec4 v0x600000dc1b90_0;
    %parti/s 8, 12, 5;
    %concat/vec4; draw_concat_vec4
    %load/vec4 v0x600000dc1b90_0;
    %parti/s 1, 20, 6;
    %concat/vec4; draw_concat_vec4
    %load/vec4 v0x600000dc1b90_0;
    %parti/s 10, 21, 6;
    %concat/vec4; draw_concat_vec4
    %concati/vec4 0, 0, 1;
    %pad/u 32;
    %store/vec4 v0x600000dc1b00_0, 0, 32;
    %jmp T_12.15;
T_12.9 ;
    %load/vec4 v0x600000dc1b90_0;
    %parti/s 12, 20, 6;
    %pad/u 32;
    %store/vec4 v0x600000dc1b00_0, 0, 32;
    %jmp T_12.15;
T_12.10 ;
    %load/vec4 v0x600000dc1b90_0;
    %parti/s 12, 20, 6;
    %pad/u 32;
    %store/vec4 v0x600000dc1b00_0, 0, 32;
    %jmp T_12.15;
T_12.11 ;
    %load/vec4 v0x600000dc19e0_0;
    %pushi/vec4 1, 0, 3;
    %cmp/e;
    %flag_get/vec4 4;
    %load/vec4 v0x600000dc19e0_0;
    %pushi/vec4 5, 0, 3;
    %cmp/e;
    %flag_get/vec4 4;
    %or;
    %flag_set/vec4 8;
    %jmp/0xz  T_12.16, 8;
    %load/vec4 v0x600000dc1b90_0;
    %parti/s 5, 20, 6;
    %pad/u 32;
    %store/vec4 v0x600000dc1b00_0, 0, 32;
    %jmp T_12.17;
T_12.16 ;
    %load/vec4 v0x600000dc1b90_0;
    %parti/s 12, 20, 6;
    %pad/u 32;
    %store/vec4 v0x600000dc1b00_0, 0, 32;
T_12.17 ;
    %jmp T_12.15;
T_12.12 ;
    %load/vec4 v0x600000dc1b90_0;
    %parti/s 1, 31, 6;
    %load/vec4 v0x600000dc1b90_0;
    %parti/s 1, 7, 4;
    %concat/vec4; draw_concat_vec4
    %load/vec4 v0x600000dc1b90_0;
    %parti/s 6, 25, 6;
    %concat/vec4; draw_concat_vec4
    %load/vec4 v0x600000dc1b90_0;
    %parti/s 4, 8, 5;
    %concat/vec4; draw_concat_vec4
    %concati/vec4 0, 0, 1;
    %pad/u 32;
    %store/vec4 v0x600000dc1b00_0, 0, 32;
    %jmp T_12.15;
T_12.13 ;
    %load/vec4 v0x600000dc1b90_0;
    %parti/s 7, 25, 6;
    %load/vec4 v0x600000dc1b90_0;
    %parti/s 5, 7, 4;
    %concat/vec4; draw_concat_vec4
    %pad/u 32;
    %store/vec4 v0x600000dc1b00_0, 0, 32;
    %jmp T_12.15;
T_12.14 ;
    %pushi/vec4 0, 4294967295, 32;
    %store/vec4 v0x600000dc1b00_0, 0, 32;
    %jmp T_12.15;
T_12.15 ;
    %pop/vec4 1;
    %load/vec4 v0x600000dc1dd0_0;
    %cmpi/e 35, 0, 7;
    %flag_mov 8, 4;
    %jmp/0 T_12.18, 8;
    %pushi/vec4 1, 0, 1;
    %jmp/1 T_12.19, 8;
T_12.18 ; End of true expr.
    %pushi/vec4 0, 0, 1;
    %jmp/0 T_12.19, 8;
 ; End of false expr.
    %blend;
T_12.19;
    %store/vec4 v0x600000dc1d40_0, 0, 1;
    %load/vec4 v0x600000dc1dd0_0;
    %pushi/vec4 3, 0, 7;
    %cmp/e;
    %flag_get/vec4 4;
    %load/vec4 v0x600000dc1dd0_0;
    %pushi/vec4 35, 0, 7;
    %cmp/e;
    %flag_get/vec4 4;
    %or;
    %flag_set/vec4 8;
    %jmp/0xz  T_12.20, 8;
    %load/vec4 v0x600000dc19e0_0;
    %dup/vec4;
    %pushi/vec4 0, 0, 3;
    %cmp/u;
    %jmp/1 T_12.22, 6;
    %dup/vec4;
    %pushi/vec4 4, 0, 3;
    %cmp/u;
    %jmp/1 T_12.23, 6;
    %dup/vec4;
    %pushi/vec4 1, 0, 3;
    %cmp/u;
    %jmp/1 T_12.24, 6;
    %dup/vec4;
    %pushi/vec4 5, 0, 3;
    %cmp/u;
    %jmp/1 T_12.25, 6;
    %dup/vec4;
    %pushi/vec4 2, 0, 3;
    %cmp/u;
    %jmp/1 T_12.26, 6;
    %jmp T_12.27;
T_12.22 ;
    %pushi/vec4 0, 0, 2;
    %store/vec4 v0x600000dc1c20_0, 0, 2;
    %jmp T_12.27;
T_12.23 ;
    %pushi/vec4 0, 0, 2;
    %store/vec4 v0x600000dc1c20_0, 0, 2;
    %jmp T_12.27;
T_12.24 ;
    %pushi/vec4 1, 0, 2;
    %store/vec4 v0x600000dc1c20_0, 0, 2;
    %jmp T_12.27;
T_12.25 ;
    %pushi/vec4 1, 0, 2;
    %store/vec4 v0x600000dc1c20_0, 0, 2;
    %jmp T_12.27;
T_12.26 ;
    %pushi/vec4 1, 0, 2;
    %store/vec4 v0x600000dc1c20_0, 0, 2;
    %jmp T_12.27;
T_12.27 ;
    %pop/vec4 1;
    %jmp T_12.21;
T_12.20 ;
    %pushi/vec4 0, 3, 2;
    %store/vec4 v0x600000dc1c20_0, 0, 2;
T_12.21 ;
    %load/vec4 v0x600000dc1dd0_0;
    %pushi/vec4 111, 0, 7;
    %cmp/e;
    %flag_get/vec4 4;
    %load/vec4 v0x600000dc1dd0_0;
    %pushi/vec4 103, 0, 7;
    %cmp/e;
    %flag_get/vec4 4;
    %or;
    %flag_set/vec4 8;
    %jmp/0xz  T_12.28, 8;
    %pushi/vec4 0, 0, 2;
    %store/vec4 v0x600000dc1cb0_0, 0, 2;
    %jmp T_12.29;
T_12.28 ;
    %load/vec4 v0x600000dc1dd0_0;
    %cmpi/e 3, 0, 7;
    %jmp/0xz  T_12.30, 4;
    %pushi/vec4 1, 0, 2;
    %store/vec4 v0x600000dc1cb0_0, 0, 2;
    %jmp T_12.31;
T_12.30 ;
    %pushi/vec4 2, 0, 2;
    %store/vec4 v0x600000dc1cb0_0, 0, 2;
T_12.31 ;
T_12.29 ;
    %load/vec4 v0x600000dc1dd0_0;
    %pushi/vec4 99, 0, 7;
    %cmp/ne;
    %flag_get/vec4 4;
    %load/vec4 v0x600000dc1dd0_0;
    %pushi/vec4 35, 0, 7;
    %cmp/ne;
    %flag_get/vec4 4;
    %and;
    %flag_set/vec4 8;
    %jmp/0 T_12.32, 8;
    %pushi/vec4 1, 0, 1;
    %jmp/1 T_12.33, 8;
T_12.32 ; End of true expr.
    %pushi/vec4 0, 0, 1;
    %jmp/0 T_12.33, 8;
 ; End of false expr.
    %blend;
T_12.33;
    %store/vec4 v0x600000dc1ef0_0, 0, 1;
    %load/vec4 v0x600000dc1dd0_0;
    %pushi/vec4 99, 0, 7;
    %cmp/ne;
    %flag_get/vec4 4;
    %load/vec4 v0x600000dc1dd0_0;
    %pushi/vec4 35, 0, 7;
    %cmp/ne;
    %flag_get/vec4 4;
    %and;
    %flag_set/vec4 8;
    %jmp/0 T_12.34, 8;
    %load/vec4 v0x600000dc1b90_0;
    %parti/s 5, 7, 4;
    %pad/u 32;
    %jmp/1 T_12.35, 8;
T_12.34 ; End of true expr.
    %pushi/vec4 0, 4294967295, 32;
    %jmp/0 T_12.35, 8;
 ; End of false expr.
    %blend;
T_12.35;
    %pad/u 5;
    %store/vec4 v0x600000dc1e60_0, 0, 5;
    %jmp T_12;
    .thread T_12, $push;
    .scope S_0x15b104630;
T_13 ;
    %wait E_0x6000031e91d0;
    %pushi/vec4 0, 0, 1;
    %store/vec4 v0x600000dceac0_0, 0, 1;
    %load/vec4 v0x600000dce7f0_0;
    %dup/vec4;
    %pushi/vec4 51, 0, 7;
    %cmp/u;
    %jmp/1 T_13.0, 6;
    %dup/vec4;
    %pushi/vec4 19, 0, 7;
    %cmp/u;
    %jmp/1 T_13.1, 6;
    %dup/vec4;
    %pushi/vec4 111, 0, 7;
    %cmp/u;
    %jmp/1 T_13.2, 6;
    %dup/vec4;
    %pushi/vec4 103, 0, 7;
    %cmp/u;
    %jmp/1 T_13.3, 6;
    %dup/vec4;
    %pushi/vec4 99, 0, 7;
    %cmp/u;
    %jmp/1 T_13.4, 6;
    %dup/vec4;
    %pushi/vec4 23, 0, 7;
    %cmp/u;
    %jmp/1 T_13.5, 6;
    %dup/vec4;
    %pushi/vec4 55, 0, 7;
    %cmp/u;
    %jmp/1 T_13.6, 6;
    %dup/vec4;
    %pushi/vec4 3, 0, 7;
    %cmp/u;
    %jmp/1 T_13.7, 6;
    %dup/vec4;
    %pushi/vec4 35, 0, 7;
    %cmp/u;
    %jmp/1 T_13.8, 6;
    %jmp T_13.9;
T_13.0 ;
    %load/vec4 v0x600000dce640_0;
    %dup/vec4;
    %pushi/vec4 0, 0, 3;
    %cmp/u;
    %jmp/1 T_13.10, 6;
    %dup/vec4;
    %pushi/vec4 1, 0, 3;
    %cmp/u;
    %jmp/1 T_13.11, 6;
    %dup/vec4;
    %pushi/vec4 2, 0, 3;
    %cmp/u;
    %jmp/1 T_13.12, 6;
    %dup/vec4;
    %pushi/vec4 3, 0, 3;
    %cmp/u;
    %jmp/1 T_13.13, 6;
    %dup/vec4;
    %pushi/vec4 4, 0, 3;
    %cmp/u;
    %jmp/1 T_13.14, 6;
    %dup/vec4;
    %pushi/vec4 5, 0, 3;
    %cmp/u;
    %jmp/1 T_13.15, 6;
    %dup/vec4;
    %pushi/vec4 6, 0, 3;
    %cmp/u;
    %jmp/1 T_13.16, 6;
    %dup/vec4;
    %pushi/vec4 7, 0, 3;
    %cmp/u;
    %jmp/1 T_13.17, 6;
    %jmp T_13.18;
T_13.10 ;
    %load/vec4 v0x600000dce6d0_0;
    %cmpi/e 0, 0, 7;
    %flag_mov 8, 4;
    %jmp/0 T_13.19, 8;
    %load/vec4 v0x600000dce9a0_0;
    %load/vec4 v0x600000dcea30_0;
    %add;
    %jmp/1 T_13.20, 8;
T_13.19 ; End of true expr.
    %load/vec4 v0x600000dce9a0_0;
    %load/vec4 v0x600000dcea30_0;
    %sub;
    %jmp/0 T_13.20, 8;
 ; End of false expr.
    %blend;
T_13.20;
    %store/vec4 v0x600000dce880_0, 0, 32;
    %jmp T_13.18;
T_13.11 ;
    %load/vec4 v0x600000dce9a0_0;
    %ix/getv 4, v0x600000dcea30_0;
    %shiftl 4;
    %pushi/vec4 4294967295, 0, 32;
    %and;
    %store/vec4 v0x600000dce880_0, 0, 32;
    %jmp T_13.18;
T_13.12 ;
    %load/vec4 v0x600000dce9a0_0;
    %load/vec4 v0x600000dcea30_0;
    %cmp/s;
    %flag_mov 8, 5;
    %jmp/0 T_13.21, 8;
    %pushi/vec4 1, 0, 32;
    %jmp/1 T_13.22, 8;
T_13.21 ; End of true expr.
    %pushi/vec4 0, 0, 32;
    %jmp/0 T_13.22, 8;
 ; End of false expr.
    %blend;
T_13.22;
    %store/vec4 v0x600000dce880_0, 0, 32;
    %jmp T_13.18;
T_13.13 ;
    %load/vec4 v0x600000dce9a0_0;
    %load/vec4 v0x600000dcea30_0;
    %cmp/u;
    %flag_mov 8, 5;
    %jmp/0 T_13.23, 8;
    %pushi/vec4 1, 0, 32;
    %jmp/1 T_13.24, 8;
T_13.23 ; End of true expr.
    %pushi/vec4 0, 0, 32;
    %jmp/0 T_13.24, 8;
 ; End of false expr.
    %blend;
T_13.24;
    %store/vec4 v0x600000dce880_0, 0, 32;
    %jmp T_13.18;
T_13.14 ;
    %load/vec4 v0x600000dce9a0_0;
    %load/vec4 v0x600000dcea30_0;
    %xor;
    %store/vec4 v0x600000dce880_0, 0, 32;
    %jmp T_13.18;
T_13.15 ;
    %load/vec4 v0x600000dce6d0_0;
    %cmpi/e 0, 0, 7;
    %flag_mov 8, 4;
    %jmp/0 T_13.25, 8;
    %load/vec4 v0x600000dce9a0_0;
    %ix/getv 4, v0x600000dcea30_0;
    %shiftr 4;
    %jmp/1 T_13.26, 8;
T_13.25 ; End of true expr.
    %load/vec4 v0x600000dce9a0_0;
    %ix/getv 4, v0x600000dcea30_0;
    %shiftr 4;
    %jmp/0 T_13.26, 8;
 ; End of false expr.
    %blend;
T_13.26;
    %store/vec4 v0x600000dce880_0, 0, 32;
    %jmp T_13.18;
T_13.16 ;
    %load/vec4 v0x600000dce9a0_0;
    %load/vec4 v0x600000dcea30_0;
    %or;
    %store/vec4 v0x600000dce880_0, 0, 32;
    %jmp T_13.18;
T_13.17 ;
    %load/vec4 v0x600000dce9a0_0;
    %load/vec4 v0x600000dcea30_0;
    %and;
    %store/vec4 v0x600000dce880_0, 0, 32;
    %jmp T_13.18;
T_13.18 ;
    %pop/vec4 1;
    %jmp T_13.9;
T_13.1 ;
    %load/vec4 v0x600000dce640_0;
    %dup/vec4;
    %pushi/vec4 0, 0, 3;
    %cmp/u;
    %jmp/1 T_13.27, 6;
    %dup/vec4;
    %pushi/vec4 1, 0, 3;
    %cmp/u;
    %jmp/1 T_13.28, 6;
    %dup/vec4;
    %pushi/vec4 2, 0, 3;
    %cmp/u;
    %jmp/1 T_13.29, 6;
    %dup/vec4;
    %pushi/vec4 3, 0, 3;
    %cmp/u;
    %jmp/1 T_13.30, 6;
    %dup/vec4;
    %pushi/vec4 4, 0, 3;
    %cmp/u;
    %jmp/1 T_13.31, 6;
    %dup/vec4;
    %pushi/vec4 5, 0, 3;
    %cmp/u;
    %jmp/1 T_13.32, 6;
    %dup/vec4;
    %pushi/vec4 6, 0, 3;
    %cmp/u;
    %jmp/1 T_13.33, 6;
    %dup/vec4;
    %pushi/vec4 7, 0, 3;
    %cmp/u;
    %jmp/1 T_13.34, 6;
    %jmp T_13.35;
T_13.27 ;
    %load/vec4 v0x600000dce6d0_0;
    %cmpi/e 0, 0, 7;
    %flag_mov 8, 4;
    %jmp/0 T_13.36, 8;
    %load/vec4 v0x600000dce9a0_0;
    %load/vec4 v0x600000dce760_0;
    %add;
    %jmp/1 T_13.37, 8;
T_13.36 ; End of true expr.
    %load/vec4 v0x600000dce9a0_0;
    %load/vec4 v0x600000dce760_0;
    %sub;
    %jmp/0 T_13.37, 8;
 ; End of false expr.
    %blend;
T_13.37;
    %store/vec4 v0x600000dce880_0, 0, 32;
    %jmp T_13.35;
T_13.28 ;
    %load/vec4 v0x600000dce9a0_0;
    %ix/getv 4, v0x600000dce760_0;
    %shiftl 4;
    %pushi/vec4 4294967295, 0, 32;
    %and;
    %store/vec4 v0x600000dce880_0, 0, 32;
    %jmp T_13.35;
T_13.29 ;
    %load/vec4 v0x600000dce9a0_0;
    %load/vec4 v0x600000dce760_0;
    %cmp/s;
    %flag_mov 8, 5;
    %jmp/0 T_13.38, 8;
    %pushi/vec4 1, 0, 32;
    %jmp/1 T_13.39, 8;
T_13.38 ; End of true expr.
    %pushi/vec4 0, 0, 32;
    %jmp/0 T_13.39, 8;
 ; End of false expr.
    %blend;
T_13.39;
    %store/vec4 v0x600000dce880_0, 0, 32;
    %jmp T_13.35;
T_13.30 ;
    %load/vec4 v0x600000dce9a0_0;
    %load/vec4 v0x600000dce760_0;
    %cmp/u;
    %flag_mov 8, 5;
    %jmp/0 T_13.40, 8;
    %pushi/vec4 1, 0, 32;
    %jmp/1 T_13.41, 8;
T_13.40 ; End of true expr.
    %pushi/vec4 0, 0, 32;
    %jmp/0 T_13.41, 8;
 ; End of false expr.
    %blend;
T_13.41;
    %store/vec4 v0x600000dce880_0, 0, 32;
    %jmp T_13.35;
T_13.31 ;
    %load/vec4 v0x600000dce9a0_0;
    %load/vec4 v0x600000dce760_0;
    %xor;
    %store/vec4 v0x600000dce880_0, 0, 32;
    %jmp T_13.35;
T_13.32 ;
    %load/vec4 v0x600000dce6d0_0;
    %cmpi/e 0, 0, 7;
    %flag_mov 8, 4;
    %jmp/0 T_13.42, 8;
    %load/vec4 v0x600000dce9a0_0;
    %ix/getv 4, v0x600000dce760_0;
    %shiftr 4;
    %jmp/1 T_13.43, 8;
T_13.42 ; End of true expr.
    %load/vec4 v0x600000dce9a0_0;
    %ix/getv 4, v0x600000dce760_0;
    %shiftr 4;
    %jmp/0 T_13.43, 8;
 ; End of false expr.
    %blend;
T_13.43;
    %store/vec4 v0x600000dce880_0, 0, 32;
    %jmp T_13.35;
T_13.33 ;
    %load/vec4 v0x600000dce9a0_0;
    %load/vec4 v0x600000dce760_0;
    %or;
    %store/vec4 v0x600000dce880_0, 0, 32;
    %jmp T_13.35;
T_13.34 ;
    %load/vec4 v0x600000dce9a0_0;
    %load/vec4 v0x600000dce760_0;
    %and;
    %store/vec4 v0x600000dce880_0, 0, 32;
    %jmp T_13.35;
T_13.35 ;
    %pop/vec4 1;
    %jmp T_13.9;
T_13.2 ;
    %pushi/vec4 1, 0, 1;
    %store/vec4 v0x600000dceac0_0, 0, 1;
    %load/vec4 v0x600000dce910_0;
    %load/vec4 v0x600000dce760_0;
    %add;
    %store/vec4 v0x600000dce880_0, 0, 32;
    %jmp T_13.9;
T_13.3 ;
    %pushi/vec4 1, 0, 1;
    %store/vec4 v0x600000dceac0_0, 0, 1;
    %load/vec4 v0x600000dce9a0_0;
    %load/vec4 v0x600000dce760_0;
    %add;
    %store/vec4 v0x600000dce880_0, 0, 32;
    %jmp T_13.9;
T_13.4 ;
    %load/vec4 v0x600000dce910_0;
    %load/vec4 v0x600000dce760_0;
    %add;
    %store/vec4 v0x600000dce880_0, 0, 32;
    %load/vec4 v0x600000dce640_0;
    %dup/vec4;
    %pushi/vec4 0, 0, 3;
    %cmp/u;
    %jmp/1 T_13.44, 6;
    %dup/vec4;
    %pushi/vec4 1, 0, 3;
    %cmp/u;
    %jmp/1 T_13.45, 6;
    %dup/vec4;
    %pushi/vec4 4, 0, 3;
    %cmp/u;
    %jmp/1 T_13.46, 6;
    %dup/vec4;
    %pushi/vec4 5, 0, 3;
    %cmp/u;
    %jmp/1 T_13.47, 6;
    %dup/vec4;
    %pushi/vec4 6, 0, 3;
    %cmp/u;
    %jmp/1 T_13.48, 6;
    %dup/vec4;
    %pushi/vec4 7, 0, 3;
    %cmp/u;
    %jmp/1 T_13.49, 6;
    %jmp T_13.50;
T_13.44 ;
    %load/vec4 v0x600000dce9a0_0;
    %load/vec4 v0x600000dcea30_0;
    %cmp/e;
    %jmp/0xz  T_13.51, 4;
    %pushi/vec4 1, 0, 1;
    %store/vec4 v0x600000dceac0_0, 0, 1;
    %jmp T_13.52;
T_13.51 ;
    %pushi/vec4 0, 0, 1;
    %store/vec4 v0x600000dceac0_0, 0, 1;
T_13.52 ;
    %jmp T_13.50;
T_13.45 ;
    %load/vec4 v0x600000dce9a0_0;
    %load/vec4 v0x600000dcea30_0;
    %cmp/ne;
    %jmp/0xz  T_13.53, 4;
    %pushi/vec4 1, 0, 1;
    %store/vec4 v0x600000dceac0_0, 0, 1;
    %jmp T_13.54;
T_13.53 ;
    %pushi/vec4 0, 0, 1;
    %store/vec4 v0x600000dceac0_0, 0, 1;
T_13.54 ;
    %jmp T_13.50;
T_13.46 ;
    %load/vec4 v0x600000dce9a0_0;
    %load/vec4 v0x600000dcea30_0;
    %cmp/s;
    %jmp/0xz  T_13.55, 5;
    %pushi/vec4 1, 0, 1;
    %store/vec4 v0x600000dceac0_0, 0, 1;
    %jmp T_13.56;
T_13.55 ;
    %pushi/vec4 0, 0, 1;
    %store/vec4 v0x600000dceac0_0, 0, 1;
T_13.56 ;
    %jmp T_13.50;
T_13.47 ;
    %load/vec4 v0x600000dcea30_0;
    %load/vec4 v0x600000dce9a0_0;
    %cmp/s;
    %flag_or 5, 4;
    %jmp/0xz  T_13.57, 5;
    %pushi/vec4 1, 0, 1;
    %store/vec4 v0x600000dceac0_0, 0, 1;
    %jmp T_13.58;
T_13.57 ;
    %pushi/vec4 0, 0, 1;
    %store/vec4 v0x600000dceac0_0, 0, 1;
T_13.58 ;
    %jmp T_13.50;
T_13.48 ;
    %load/vec4 v0x600000dce9a0_0;
    %load/vec4 v0x600000dcea30_0;
    %cmp/u;
    %jmp/0xz  T_13.59, 5;
    %pushi/vec4 1, 0, 1;
    %store/vec4 v0x600000dceac0_0, 0, 1;
    %jmp T_13.60;
T_13.59 ;
    %pushi/vec4 0, 0, 1;
    %store/vec4 v0x600000dceac0_0, 0, 1;
T_13.60 ;
    %jmp T_13.50;
T_13.49 ;
    %load/vec4 v0x600000dcea30_0;
    %load/vec4 v0x600000dce9a0_0;
    %cmp/u;
    %flag_or 5, 4;
    %jmp/0xz  T_13.61, 5;
    %pushi/vec4 1, 0, 1;
    %store/vec4 v0x600000dceac0_0, 0, 1;
    %jmp T_13.62;
T_13.61 ;
    %pushi/vec4 0, 0, 1;
    %store/vec4 v0x600000dceac0_0, 0, 1;
T_13.62 ;
    %jmp T_13.50;
T_13.50 ;
    %pop/vec4 1;
    %jmp T_13.9;
T_13.5 ;
    %load/vec4 v0x600000dce760_0;
    %ix/load 4, 12, 0;
    %flag_set/imm 4, 0;
    %shiftl 4;
    %store/vec4 v0x600000dce880_0, 0, 32;
    %jmp T_13.9;
T_13.6 ;
    %load/vec4 v0x600000dce910_0;
    %load/vec4 v0x600000dce760_0;
    %ix/load 4, 12, 0;
    %flag_set/imm 4, 0;
    %shiftl 4;
    %add;
    %store/vec4 v0x600000dce880_0, 0, 32;
    %jmp T_13.9;
T_13.7 ;
    %load/vec4 v0x600000dce9a0_0;
    %load/vec4 v0x600000dce760_0;
    %add;
    %store/vec4 v0x600000dce880_0, 0, 32;
    %jmp T_13.9;
T_13.8 ;
    %load/vec4 v0x600000dce9a0_0;
    %load/vec4 v0x600000dce760_0;
    %add;
    %store/vec4 v0x600000dce880_0, 0, 32;
    %jmp T_13.9;
T_13.9 ;
    %pop/vec4 1;
    %jmp T_13;
    .thread T_13, $push;
    .scope S_0x15b1065a0;
T_14 ;
    %wait E_0x6000031e9890;
    %load/vec4 v0x600000dc3690_0;
    %assign/vec4 v0x600000dc3210_0, 0;
    %load/vec4 v0x600000dc3720_0;
    %assign/vec4 v0x600000dc32a0_0, 0;
    %load/vec4 v0x600000dc37b0_0;
    %assign/vec4 v0x600000dc3330_0, 0;
    %load/vec4 v0x600000dc3840_0;
    %assign/vec4 v0x600000dc33c0_0, 0;
    %load/vec4 v0x600000dc38d0_0;
    %assign/vec4 v0x600000dc3450_0, 0;
    %load/vec4 v0x600000dc3960_0;
    %assign/vec4 v0x600000dc34e0_0, 0;
    %load/vec4 v0x600000dc39f0_0;
    %assign/vec4 v0x600000dc3570_0, 0;
    %jmp T_14;
    .thread T_14;
    .scope S_0x15b1070b0;
T_15 ;
    %wait E_0x6000031eac40;
    %load/vec4 v0x600000dc2250_0;
    %parti/s 7, 0, 2;
    %store/vec4 v0x600000dc2490_0, 0, 7;
    %load/vec4 v0x600000dc2490_0;
    %pushi/vec4 23, 0, 7;
    %cmp/ne;
    %flag_get/vec4 4;
    %load/vec4 v0x600000dc2490_0;
    %pushi/vec4 55, 0, 7;
    %cmp/ne;
    %flag_get/vec4 4;
    %and;
    %load/vec4 v0x600000dc2490_0;
    %pushi/vec4 111, 0, 7;
    %cmp/ne;
    %flag_get/vec4 4;
    %and;
    %flag_set/vec4 8;
    %jmp/0 T_15.0, 8;
    %load/vec4 v0x600000dc2250_0;
    %parti/s 3, 12, 5;
    %pad/u 32;
    %jmp/1 T_15.1, 8;
T_15.0 ; End of true expr.
    %pushi/vec4 0, 4294967295, 32;
    %jmp/0 T_15.1, 8;
 ; End of false expr.
    %blend;
T_15.1;
    %pad/u 3;
    %store/vec4 v0x600000dc20a0_0, 0, 3;
    %load/vec4 v0x600000dc2250_0;
    %parti/s 7, 25, 6;
    %store/vec4 v0x600000dc2130_0, 0, 7;
    %load/vec4 v0x600000dc2490_0;
    %pushi/vec4 23, 0, 7;
    %cmp/ne;
    %flag_get/vec4 4;
    %load/vec4 v0x600000dc2490_0;
    %pushi/vec4 55, 0, 7;
    %cmp/ne;
    %flag_get/vec4 4;
    %and;
    %load/vec4 v0x600000dc2490_0;
    %pushi/vec4 111, 0, 7;
    %cmp/ne;
    %flag_get/vec4 4;
    %and;
    %flag_set/vec4 8;
    %jmp/0 T_15.2, 8;
    %load/vec4 v0x600000dc2250_0;
    %parti/s 5, 15, 5;
    %pad/u 32;
    %jmp/1 T_15.3, 8;
T_15.2 ; End of true expr.
    %pushi/vec4 0, 4294967295, 32;
    %jmp/0 T_15.3, 8;
 ; End of false expr.
    %blend;
T_15.3;
    %pad/u 5;
    %store/vec4 v0x600000dc2640_0, 0, 5;
    %load/vec4 v0x600000dc2490_0;
    %pushi/vec4 99, 0, 7;
    %cmp/e;
    %flag_get/vec4 4;
    %load/vec4 v0x600000dc2490_0;
    %pushi/vec4 35, 0, 7;
    %cmp/e;
    %flag_get/vec4 4;
    %or;
    %load/vec4 v0x600000dc2490_0;
    %pushi/vec4 51, 0, 7;
    %cmp/e;
    %flag_get/vec4 4;
    %or;
    %flag_set/vec4 8;
    %jmp/0 T_15.4, 8;
    %load/vec4 v0x600000dc2250_0;
    %parti/s 5, 20, 6;
    %pad/u 32;
    %jmp/1 T_15.5, 8;
T_15.4 ; End of true expr.
    %pushi/vec4 0, 4294967295, 32;
    %jmp/0 T_15.5, 8;
 ; End of false expr.
    %blend;
T_15.5;
    %pad/u 5;
    %store/vec4 v0x600000dc26d0_0, 0, 5;
    %load/vec4 v0x600000dc2490_0;
    %dup/vec4;
    %pushi/vec4 23, 0, 7;
    %cmp/u;
    %jmp/1 T_15.6, 6;
    %dup/vec4;
    %pushi/vec4 55, 0, 7;
    %cmp/u;
    %jmp/1 T_15.7, 6;
    %dup/vec4;
    %pushi/vec4 111, 0, 7;
    %cmp/u;
    %jmp/1 T_15.8, 6;
    %dup/vec4;
    %pushi/vec4 103, 0, 7;
    %cmp/u;
    %jmp/1 T_15.9, 6;
    %dup/vec4;
    %pushi/vec4 3, 0, 7;
    %cmp/u;
    %jmp/1 T_15.10, 6;
    %dup/vec4;
    %pushi/vec4 19, 0, 7;
    %cmp/u;
    %jmp/1 T_15.11, 6;
    %dup/vec4;
    %pushi/vec4 99, 0, 7;
    %cmp/u;
    %jmp/1 T_15.12, 6;
    %dup/vec4;
    %pushi/vec4 35, 0, 7;
    %cmp/u;
    %jmp/1 T_15.13, 6;
    %dup/vec4;
    %pushi/vec4 51, 0, 7;
    %cmp/u;
    %jmp/1 T_15.14, 6;
    %jmp T_15.15;
T_15.6 ;
    %load/vec4 v0x600000dc2250_0;
    %parti/s 20, 12, 5;
    %pad/u 32;
    %store/vec4 v0x600000dc21c0_0, 0, 32;
    %jmp T_15.15;
T_15.7 ;
    %load/vec4 v0x600000dc2250_0;
    %parti/s 20, 12, 5;
    %pad/u 32;
    %store/vec4 v0x600000dc21c0_0, 0, 32;
    %jmp T_15.15;
T_15.8 ;
    %load/vec4 v0x600000dc2250_0;
    %parti/s 1, 31, 6;
    %load/vec4 v0x600000dc2250_0;
    %parti/s 8, 12, 5;
    %concat/vec4; draw_concat_vec4
    %load/vec4 v0x600000dc2250_0;
    %parti/s 1, 20, 6;
    %concat/vec4; draw_concat_vec4
    %load/vec4 v0x600000dc2250_0;
    %parti/s 10, 21, 6;
    %concat/vec4; draw_concat_vec4
    %concati/vec4 0, 0, 1;
    %pad/u 32;
    %store/vec4 v0x600000dc21c0_0, 0, 32;
    %jmp T_15.15;
T_15.9 ;
    %load/vec4 v0x600000dc2250_0;
    %parti/s 12, 20, 6;
    %pad/u 32;
    %store/vec4 v0x600000dc21c0_0, 0, 32;
    %jmp T_15.15;
T_15.10 ;
    %load/vec4 v0x600000dc2250_0;
    %parti/s 12, 20, 6;
    %pad/u 32;
    %store/vec4 v0x600000dc21c0_0, 0, 32;
    %jmp T_15.15;
T_15.11 ;
    %load/vec4 v0x600000dc20a0_0;
    %pushi/vec4 1, 0, 3;
    %cmp/e;
    %flag_get/vec4 4;
    %load/vec4 v0x600000dc20a0_0;
    %pushi/vec4 5, 0, 3;
    %cmp/e;
    %flag_get/vec4 4;
    %or;
    %flag_set/vec4 8;
    %jmp/0xz  T_15.16, 8;
    %load/vec4 v0x600000dc2250_0;
    %parti/s 5, 20, 6;
    %pad/u 32;
    %store/vec4 v0x600000dc21c0_0, 0, 32;
    %jmp T_15.17;
T_15.16 ;
    %load/vec4 v0x600000dc2250_0;
    %parti/s 12, 20, 6;
    %pad/u 32;
    %store/vec4 v0x600000dc21c0_0, 0, 32;
T_15.17 ;
    %jmp T_15.15;
T_15.12 ;
    %load/vec4 v0x600000dc2250_0;
    %parti/s 1, 31, 6;
    %load/vec4 v0x600000dc2250_0;
    %parti/s 1, 7, 4;
    %concat/vec4; draw_concat_vec4
    %load/vec4 v0x600000dc2250_0;
    %parti/s 6, 25, 6;
    %concat/vec4; draw_concat_vec4
    %load/vec4 v0x600000dc2250_0;
    %parti/s 4, 8, 5;
    %concat/vec4; draw_concat_vec4
    %concati/vec4 0, 0, 1;
    %pad/u 32;
    %store/vec4 v0x600000dc21c0_0, 0, 32;
    %jmp T_15.15;
T_15.13 ;
    %load/vec4 v0x600000dc2250_0;
    %parti/s 7, 25, 6;
    %load/vec4 v0x600000dc2250_0;
    %parti/s 5, 7, 4;
    %concat/vec4; draw_concat_vec4
    %pad/u 32;
    %store/vec4 v0x600000dc21c0_0, 0, 32;
    %jmp T_15.15;
T_15.14 ;
    %pushi/vec4 0, 4294967295, 32;
    %store/vec4 v0x600000dc21c0_0, 0, 32;
    %jmp T_15.15;
T_15.15 ;
    %pop/vec4 1;
    %load/vec4 v0x600000dc2490_0;
    %cmpi/e 35, 0, 7;
    %flag_mov 8, 4;
    %jmp/0 T_15.18, 8;
    %pushi/vec4 1, 0, 1;
    %jmp/1 T_15.19, 8;
T_15.18 ; End of true expr.
    %pushi/vec4 0, 0, 1;
    %jmp/0 T_15.19, 8;
 ; End of false expr.
    %blend;
T_15.19;
    %store/vec4 v0x600000dc2400_0, 0, 1;
    %load/vec4 v0x600000dc2490_0;
    %pushi/vec4 3, 0, 7;
    %cmp/e;
    %flag_get/vec4 4;
    %load/vec4 v0x600000dc2490_0;
    %pushi/vec4 35, 0, 7;
    %cmp/e;
    %flag_get/vec4 4;
    %or;
    %flag_set/vec4 8;
    %jmp/0xz  T_15.20, 8;
    %load/vec4 v0x600000dc20a0_0;
    %dup/vec4;
    %pushi/vec4 0, 0, 3;
    %cmp/u;
    %jmp/1 T_15.22, 6;
    %dup/vec4;
    %pushi/vec4 4, 0, 3;
    %cmp/u;
    %jmp/1 T_15.23, 6;
    %dup/vec4;
    %pushi/vec4 1, 0, 3;
    %cmp/u;
    %jmp/1 T_15.24, 6;
    %dup/vec4;
    %pushi/vec4 5, 0, 3;
    %cmp/u;
    %jmp/1 T_15.25, 6;
    %dup/vec4;
    %pushi/vec4 2, 0, 3;
    %cmp/u;
    %jmp/1 T_15.26, 6;
    %jmp T_15.27;
T_15.22 ;
    %pushi/vec4 0, 0, 2;
    %store/vec4 v0x600000dc22e0_0, 0, 2;
    %jmp T_15.27;
T_15.23 ;
    %pushi/vec4 0, 0, 2;
    %store/vec4 v0x600000dc22e0_0, 0, 2;
    %jmp T_15.27;
T_15.24 ;
    %pushi/vec4 1, 0, 2;
    %store/vec4 v0x600000dc22e0_0, 0, 2;
    %jmp T_15.27;
T_15.25 ;
    %pushi/vec4 1, 0, 2;
    %store/vec4 v0x600000dc22e0_0, 0, 2;
    %jmp T_15.27;
T_15.26 ;
    %pushi/vec4 1, 0, 2;
    %store/vec4 v0x600000dc22e0_0, 0, 2;
    %jmp T_15.27;
T_15.27 ;
    %pop/vec4 1;
    %jmp T_15.21;
T_15.20 ;
    %pushi/vec4 0, 3, 2;
    %store/vec4 v0x600000dc22e0_0, 0, 2;
T_15.21 ;
    %load/vec4 v0x600000dc2490_0;
    %pushi/vec4 111, 0, 7;
    %cmp/e;
    %flag_get/vec4 4;
    %load/vec4 v0x600000dc2490_0;
    %pushi/vec4 103, 0, 7;
    %cmp/e;
    %flag_get/vec4 4;
    %or;
    %flag_set/vec4 8;
    %jmp/0xz  T_15.28, 8;
    %pushi/vec4 0, 0, 2;
    %store/vec4 v0x600000dc2370_0, 0, 2;
    %jmp T_15.29;
T_15.28 ;
    %load/vec4 v0x600000dc2490_0;
    %cmpi/e 3, 0, 7;
    %jmp/0xz  T_15.30, 4;
    %pushi/vec4 1, 0, 2;
    %store/vec4 v0x600000dc2370_0, 0, 2;
    %jmp T_15.31;
T_15.30 ;
    %pushi/vec4 2, 0, 2;
    %store/vec4 v0x600000dc2370_0, 0, 2;
T_15.31 ;
T_15.29 ;
    %load/vec4 v0x600000dc2490_0;
    %pushi/vec4 99, 0, 7;
    %cmp/ne;
    %flag_get/vec4 4;
    %load/vec4 v0x600000dc2490_0;
    %pushi/vec4 35, 0, 7;
    %cmp/ne;
    %flag_get/vec4 4;
    %and;
    %flag_set/vec4 8;
    %jmp/0 T_15.32, 8;
    %pushi/vec4 1, 0, 1;
    %jmp/1 T_15.33, 8;
T_15.32 ; End of true expr.
    %pushi/vec4 0, 0, 1;
    %jmp/0 T_15.33, 8;
 ; End of false expr.
    %blend;
T_15.33;
    %store/vec4 v0x600000dc25b0_0, 0, 1;
    %load/vec4 v0x600000dc2490_0;
    %pushi/vec4 99, 0, 7;
    %cmp/ne;
    %flag_get/vec4 4;
    %load/vec4 v0x600000dc2490_0;
    %pushi/vec4 35, 0, 7;
    %cmp/ne;
    %flag_get/vec4 4;
    %and;
    %flag_set/vec4 8;
    %jmp/0 T_15.34, 8;
    %load/vec4 v0x600000dc2250_0;
    %parti/s 5, 7, 4;
    %pad/u 32;
    %jmp/1 T_15.35, 8;
T_15.34 ; End of true expr.
    %pushi/vec4 0, 4294967295, 32;
    %jmp/0 T_15.35, 8;
 ; End of false expr.
    %blend;
T_15.35;
    %pad/u 5;
    %store/vec4 v0x600000dc2520_0, 0, 5;
    %jmp T_15;
    .thread T_15, $push;
    .scope S_0x15b105870;
T_16 ;
    %wait E_0x6000031e9890;
    %load/vec4 v0x600000dcf570_0;
    %flag_set/vec4 8;
    %jmp/0xz  T_16.0, 8;
    %load/vec4 v0x600000dcf3c0_0;
    %pushi/vec4 2, 0, 32;
    %pushi/vec4 3, 0, 32;
    %load/vec4 v0x600000dcf2a0_0;
    %pad/u 32;
    %add;
    %pow;
    %subi 1, 0, 32;
    %part/s 1;
    %pad/u 32;
    %ix/getv 3, v0x600000dcf210_0;
    %ix/load 4, 0, 0; Constant delay
    %assign/vec4/a/d v0x600000dcf4e0, 0, 4;
T_16.0 ;
    %jmp T_16;
    .thread T_16;
    .scope S_0x15b1075d0;
T_17 ;
    %wait E_0x6000031eab80;
    %load/vec4 v0x600000dc3180_0;
    %dup/vec4;
    %pushi/vec4 0, 0, 2;
    %cmp/u;
    %jmp/1 T_17.0, 6;
    %dup/vec4;
    %pushi/vec4 3, 3, 2;
    %cmp/u;
    %jmp/1 T_17.1, 6;
    %dup/vec4;
    %pushi/vec4 1, 0, 2;
    %cmp/u;
    %jmp/1 T_17.2, 6;
    %dup/vec4;
    %pushi/vec4 2, 0, 2;
    %cmp/u;
    %jmp/1 T_17.3, 6;
    %dup/vec4;
    %pushi/vec4 3, 0, 2;
    %cmp/u;
    %jmp/1 T_17.4, 6;
    %jmp T_17.5;
T_17.0 ;
    %load/vec4 v0x600000dc2eb0_0;
    %store/vec4 v0x600000dc30f0_0, 0, 32;
    %jmp T_17.5;
T_17.1 ;
    %load/vec4 v0x600000dc2eb0_0;
    %store/vec4 v0x600000dc30f0_0, 0, 32;
    %jmp T_17.5;
T_17.2 ;
    %load/vec4 v0x600000dc2eb0_0;
    %subi 4, 0, 32;
    %load/vec4 v0x600000dc2f40_0;
    %add;
    %store/vec4 v0x600000dc30f0_0, 0, 32;
    %jmp T_17.5;
T_17.3 ;
    %load/vec4 v0x600000dc2fd0_0;
    %store/vec4 v0x600000dc30f0_0, 0, 32;
    %jmp T_17.5;
T_17.4 ;
    %load/vec4 v0x600000dc3060_0;
    %store/vec4 v0x600000dc30f0_0, 0, 32;
    %jmp T_17.5;
T_17.5 ;
    %pop/vec4 1;
    %jmp T_17;
    .thread T_17, $push;
    .scope S_0x15b1094e0;
T_18 ;
    %wait E_0x6000031e9890;
    %load/vec4 v0x600000dc6520_0;
    %assign/vec4 v0x600000dc60a0_0, 0;
    %load/vec4 v0x600000dc65b0_0;
    %assign/vec4 v0x600000dc6130_0, 0;
    %load/vec4 v0x600000dc6640_0;
    %assign/vec4 v0x600000dc61c0_0, 0;
    %load/vec4 v0x600000dc66d0_0;
    %assign/vec4 v0x600000dc6250_0, 0;
    %load/vec4 v0x600000dc6760_0;
    %assign/vec4 v0x600000dc62e0_0, 0;
    %load/vec4 v0x600000dc67f0_0;
    %assign/vec4 v0x600000dc6370_0, 0;
    %load/vec4 v0x600000dc6880_0;
    %assign/vec4 v0x600000dc6400_0, 0;
    %jmp T_18;
    .thread T_18;
    .scope S_0x15b107340;
T_19 ;
    %wait E_0x6000031eac70;
    %load/vec4 v0x600000dc2910_0;
    %parti/s 7, 0, 2;
    %store/vec4 v0x600000dc2b50_0, 0, 7;
    %load/vec4 v0x600000dc2b50_0;
    %pushi/vec4 23, 0, 7;
    %cmp/ne;
    %flag_get/vec4 4;
    %load/vec4 v0x600000dc2b50_0;
    %pushi/vec4 55, 0, 7;
    %cmp/ne;
    %flag_get/vec4 4;
    %and;
    %load/vec4 v0x600000dc2b50_0;
    %pushi/vec4 111, 0, 7;
    %cmp/ne;
    %flag_get/vec4 4;
    %and;
    %flag_set/vec4 8;
    %jmp/0 T_19.0, 8;
    %load/vec4 v0x600000dc2910_0;
    %parti/s 3, 12, 5;
    %pad/u 32;
    %jmp/1 T_19.1, 8;
T_19.0 ; End of true expr.
    %pushi/vec4 0, 4294967295, 32;
    %jmp/0 T_19.1, 8;
 ; End of false expr.
    %blend;
T_19.1;
    %pad/u 3;
    %store/vec4 v0x600000dc2760_0, 0, 3;
    %load/vec4 v0x600000dc2910_0;
    %parti/s 7, 25, 6;
    %store/vec4 v0x600000dc27f0_0, 0, 7;
    %load/vec4 v0x600000dc2b50_0;
    %pushi/vec4 23, 0, 7;
    %cmp/ne;
    %flag_get/vec4 4;
    %load/vec4 v0x600000dc2b50_0;
    %pushi/vec4 55, 0, 7;
    %cmp/ne;
    %flag_get/vec4 4;
    %and;
    %load/vec4 v0x600000dc2b50_0;
    %pushi/vec4 111, 0, 7;
    %cmp/ne;
    %flag_get/vec4 4;
    %and;
    %flag_set/vec4 8;
    %jmp/0 T_19.2, 8;
    %load/vec4 v0x600000dc2910_0;
    %parti/s 5, 15, 5;
    %pad/u 32;
    %jmp/1 T_19.3, 8;
T_19.2 ; End of true expr.
    %pushi/vec4 0, 4294967295, 32;
    %jmp/0 T_19.3, 8;
 ; End of false expr.
    %blend;
T_19.3;
    %pad/u 5;
    %store/vec4 v0x600000dc2d00_0, 0, 5;
    %load/vec4 v0x600000dc2b50_0;
    %pushi/vec4 99, 0, 7;
    %cmp/e;
    %flag_get/vec4 4;
    %load/vec4 v0x600000dc2b50_0;
    %pushi/vec4 35, 0, 7;
    %cmp/e;
    %flag_get/vec4 4;
    %or;
    %load/vec4 v0x600000dc2b50_0;
    %pushi/vec4 51, 0, 7;
    %cmp/e;
    %flag_get/vec4 4;
    %or;
    %flag_set/vec4 8;
    %jmp/0 T_19.4, 8;
    %load/vec4 v0x600000dc2910_0;
    %parti/s 5, 20, 6;
    %pad/u 32;
    %jmp/1 T_19.5, 8;
T_19.4 ; End of true expr.
    %pushi/vec4 0, 4294967295, 32;
    %jmp/0 T_19.5, 8;
 ; End of false expr.
    %blend;
T_19.5;
    %pad/u 5;
    %store/vec4 v0x600000dc2d90_0, 0, 5;
    %load/vec4 v0x600000dc2b50_0;
    %dup/vec4;
    %pushi/vec4 23, 0, 7;
    %cmp/u;
    %jmp/1 T_19.6, 6;
    %dup/vec4;
    %pushi/vec4 55, 0, 7;
    %cmp/u;
    %jmp/1 T_19.7, 6;
    %dup/vec4;
    %pushi/vec4 111, 0, 7;
    %cmp/u;
    %jmp/1 T_19.8, 6;
    %dup/vec4;
    %pushi/vec4 103, 0, 7;
    %cmp/u;
    %jmp/1 T_19.9, 6;
    %dup/vec4;
    %pushi/vec4 3, 0, 7;
    %cmp/u;
    %jmp/1 T_19.10, 6;
    %dup/vec4;
    %pushi/vec4 19, 0, 7;
    %cmp/u;
    %jmp/1 T_19.11, 6;
    %dup/vec4;
    %pushi/vec4 99, 0, 7;
    %cmp/u;
    %jmp/1 T_19.12, 6;
    %dup/vec4;
    %pushi/vec4 35, 0, 7;
    %cmp/u;
    %jmp/1 T_19.13, 6;
    %dup/vec4;
    %pushi/vec4 51, 0, 7;
    %cmp/u;
    %jmp/1 T_19.14, 6;
    %jmp T_19.15;
T_19.6 ;
    %load/vec4 v0x600000dc2910_0;
    %parti/s 20, 12, 5;
    %pad/u 32;
    %store/vec4 v0x600000dc2880_0, 0, 32;
    %jmp T_19.15;
T_19.7 ;
    %load/vec4 v0x600000dc2910_0;
    %parti/s 20, 12, 5;
    %pad/u 32;
    %store/vec4 v0x600000dc2880_0, 0, 32;
    %jmp T_19.15;
T_19.8 ;
    %load/vec4 v0x600000dc2910_0;
    %parti/s 1, 31, 6;
    %load/vec4 v0x600000dc2910_0;
    %parti/s 8, 12, 5;
    %concat/vec4; draw_concat_vec4
    %load/vec4 v0x600000dc2910_0;
    %parti/s 1, 20, 6;
    %concat/vec4; draw_concat_vec4
    %load/vec4 v0x600000dc2910_0;
    %parti/s 10, 21, 6;
    %concat/vec4; draw_concat_vec4
    %concati/vec4 0, 0, 1;
    %pad/u 32;
    %store/vec4 v0x600000dc2880_0, 0, 32;
    %jmp T_19.15;
T_19.9 ;
    %load/vec4 v0x600000dc2910_0;
    %parti/s 12, 20, 6;
    %pad/u 32;
    %store/vec4 v0x600000dc2880_0, 0, 32;
    %jmp T_19.15;
T_19.10 ;
    %load/vec4 v0x600000dc2910_0;
    %parti/s 12, 20, 6;
    %pad/u 32;
    %store/vec4 v0x600000dc2880_0, 0, 32;
    %jmp T_19.15;
T_19.11 ;
    %load/vec4 v0x600000dc2760_0;
    %pushi/vec4 1, 0, 3;
    %cmp/e;
    %flag_get/vec4 4;
    %load/vec4 v0x600000dc2760_0;
    %pushi/vec4 5, 0, 3;
    %cmp/e;
    %flag_get/vec4 4;
    %or;
    %flag_set/vec4 8;
    %jmp/0xz  T_19.16, 8;
    %load/vec4 v0x600000dc2910_0;
    %parti/s 5, 20, 6;
    %pad/u 32;
    %store/vec4 v0x600000dc2880_0, 0, 32;
    %jmp T_19.17;
T_19.16 ;
    %load/vec4 v0x600000dc2910_0;
    %parti/s 12, 20, 6;
    %pad/u 32;
    %store/vec4 v0x600000dc2880_0, 0, 32;
T_19.17 ;
    %jmp T_19.15;
T_19.12 ;
    %load/vec4 v0x600000dc2910_0;
    %parti/s 1, 31, 6;
    %load/vec4 v0x600000dc2910_0;
    %parti/s 1, 7, 4;
    %concat/vec4; draw_concat_vec4
    %load/vec4 v0x600000dc2910_0;
    %parti/s 6, 25, 6;
    %concat/vec4; draw_concat_vec4
    %load/vec4 v0x600000dc2910_0;
    %parti/s 4, 8, 5;
    %concat/vec4; draw_concat_vec4
    %concati/vec4 0, 0, 1;
    %pad/u 32;
    %store/vec4 v0x600000dc2880_0, 0, 32;
    %jmp T_19.15;
T_19.13 ;
    %load/vec4 v0x600000dc2910_0;
    %parti/s 7, 25, 6;
    %load/vec4 v0x600000dc2910_0;
    %parti/s 5, 7, 4;
    %concat/vec4; draw_concat_vec4
    %pad/u 32;
    %store/vec4 v0x600000dc2880_0, 0, 32;
    %jmp T_19.15;
T_19.14 ;
    %pushi/vec4 0, 4294967295, 32;
    %store/vec4 v0x600000dc2880_0, 0, 32;
    %jmp T_19.15;
T_19.15 ;
    %pop/vec4 1;
    %load/vec4 v0x600000dc2b50_0;
    %cmpi/e 35, 0, 7;
    %flag_mov 8, 4;
    %jmp/0 T_19.18, 8;
    %pushi/vec4 1, 0, 1;
    %jmp/1 T_19.19, 8;
T_19.18 ; End of true expr.
    %pushi/vec4 0, 0, 1;
    %jmp/0 T_19.19, 8;
 ; End of false expr.
    %blend;
T_19.19;
    %store/vec4 v0x600000dc2ac0_0, 0, 1;
    %load/vec4 v0x600000dc2b50_0;
    %pushi/vec4 3, 0, 7;
    %cmp/e;
    %flag_get/vec4 4;
    %load/vec4 v0x600000dc2b50_0;
    %pushi/vec4 35, 0, 7;
    %cmp/e;
    %flag_get/vec4 4;
    %or;
    %flag_set/vec4 8;
    %jmp/0xz  T_19.20, 8;
    %load/vec4 v0x600000dc2760_0;
    %dup/vec4;
    %pushi/vec4 0, 0, 3;
    %cmp/u;
    %jmp/1 T_19.22, 6;
    %dup/vec4;
    %pushi/vec4 4, 0, 3;
    %cmp/u;
    %jmp/1 T_19.23, 6;
    %dup/vec4;
    %pushi/vec4 1, 0, 3;
    %cmp/u;
    %jmp/1 T_19.24, 6;
    %dup/vec4;
    %pushi/vec4 5, 0, 3;
    %cmp/u;
    %jmp/1 T_19.25, 6;
    %dup/vec4;
    %pushi/vec4 2, 0, 3;
    %cmp/u;
    %jmp/1 T_19.26, 6;
    %jmp T_19.27;
T_19.22 ;
    %pushi/vec4 0, 0, 2;
    %store/vec4 v0x600000dc29a0_0, 0, 2;
    %jmp T_19.27;
T_19.23 ;
    %pushi/vec4 0, 0, 2;
    %store/vec4 v0x600000dc29a0_0, 0, 2;
    %jmp T_19.27;
T_19.24 ;
    %pushi/vec4 1, 0, 2;
    %store/vec4 v0x600000dc29a0_0, 0, 2;
    %jmp T_19.27;
T_19.25 ;
    %pushi/vec4 1, 0, 2;
    %store/vec4 v0x600000dc29a0_0, 0, 2;
    %jmp T_19.27;
T_19.26 ;
    %pushi/vec4 1, 0, 2;
    %store/vec4 v0x600000dc29a0_0, 0, 2;
    %jmp T_19.27;
T_19.27 ;
    %pop/vec4 1;
    %jmp T_19.21;
T_19.20 ;
    %pushi/vec4 0, 3, 2;
    %store/vec4 v0x600000dc29a0_0, 0, 2;
T_19.21 ;
    %load/vec4 v0x600000dc2b50_0;
    %pushi/vec4 111, 0, 7;
    %cmp/e;
    %flag_get/vec4 4;
    %load/vec4 v0x600000dc2b50_0;
    %pushi/vec4 103, 0, 7;
    %cmp/e;
    %flag_get/vec4 4;
    %or;
    %flag_set/vec4 8;
    %jmp/0xz  T_19.28, 8;
    %pushi/vec4 0, 0, 2;
    %store/vec4 v0x600000dc2a30_0, 0, 2;
    %jmp T_19.29;
T_19.28 ;
    %load/vec4 v0x600000dc2b50_0;
    %cmpi/e 3, 0, 7;
    %jmp/0xz  T_19.30, 4;
    %pushi/vec4 1, 0, 2;
    %store/vec4 v0x600000dc2a30_0, 0, 2;
    %jmp T_19.31;
T_19.30 ;
    %pushi/vec4 2, 0, 2;
    %store/vec4 v0x600000dc2a30_0, 0, 2;
T_19.31 ;
T_19.29 ;
    %load/vec4 v0x600000dc2b50_0;
    %pushi/vec4 99, 0, 7;
    %cmp/ne;
    %flag_get/vec4 4;
    %load/vec4 v0x600000dc2b50_0;
    %pushi/vec4 35, 0, 7;
    %cmp/ne;
    %flag_get/vec4 4;
    %and;
    %flag_set/vec4 8;
    %jmp/0 T_19.32, 8;
    %pushi/vec4 1, 0, 1;
    %jmp/1 T_19.33, 8;
T_19.32 ; End of true expr.
    %pushi/vec4 0, 0, 1;
    %jmp/0 T_19.33, 8;
 ; End of false expr.
    %blend;
T_19.33;
    %store/vec4 v0x600000dc2c70_0, 0, 1;
    %load/vec4 v0x600000dc2b50_0;
    %pushi/vec4 99, 0, 7;
    %cmp/ne;
    %flag_get/vec4 4;
    %load/vec4 v0x600000dc2b50_0;
    %pushi/vec4 35, 0, 7;
    %cmp/ne;
    %flag_get/vec4 4;
    %and;
    %flag_set/vec4 8;
    %jmp/0 T_19.34, 8;
    %load/vec4 v0x600000dc2910_0;
    %parti/s 5, 7, 4;
    %pad/u 32;
    %jmp/1 T_19.35, 8;
T_19.34 ; End of true expr.
    %pushi/vec4 0, 4294967295, 32;
    %jmp/0 T_19.35, 8;
 ; End of false expr.
    %blend;
T_19.35;
    %pad/u 5;
    %store/vec4 v0x600000dc2be0_0, 0, 5;
    %jmp T_19;
    .thread T_19, $push;
# The file index is used to find the file name in the following table.
:file_names 13;
    "N/A";
    "<interactive>";
    "cpu.v";
    "./modules/alu.v";
    "./modules/dataMemory.v";
    "./modules/buffer.v";
    "./modules/instructionMemory.v";
    "./modules/control.v";
    "./modules/multiplexer4to1.v";
    "./modules/adder.v";
    "./modules/multiplexer2to1.v";
    "./modules/pcRegister.v";
    "./modules/registerBank.v";
