#! /opt/homebrew/Cellar/icarus-verilog/11.0/bin/vvp
:ivl_version "11.0 (stable)";
:ivl_delay_selection "TYPICAL";
:vpi_time_precision - 12;
:vpi_module "/opt/homebrew/Cellar/icarus-verilog/11.0/lib/ivl/system.vpi";
:vpi_module "/opt/homebrew/Cellar/icarus-verilog/11.0/lib/ivl/vhdl_sys.vpi";
:vpi_module "/opt/homebrew/Cellar/icarus-verilog/11.0/lib/ivl/vhdl_textio.vpi";
:vpi_module "/opt/homebrew/Cellar/icarus-verilog/11.0/lib/ivl/v2005_math.vpi";
:vpi_module "/opt/homebrew/Cellar/icarus-verilog/11.0/lib/ivl/va_math.vpi";
S_0x1496096d0 .scope module, "cpuTB" "cpuTB" 2 3;
 .timescale -9 -12;
v0x60000023b720_0 .var "clk", 0 0;
v0x60000023b7b0_0 .var "reset", 0 0;
S_0x149609840 .scope module, "riscv" "cpu" 2 8, 3 18 0, S_0x1496096d0;
 .timescale -9 -12;
    .port_info 0 /INPUT 1 "clk";
    .port_info 1 /INPUT 1 "reset";
v0x60000023a250_0 .net "alu", 31 0, v0x600000232520_0;  1 drivers
v0x60000023a2e0_0 .net "c_funct3", 2 0, v0x600000235320_0;  1 drivers
v0x60000023a370_0 .net "c_funct7", 6 0, v0x6000002353b0_0;  1 drivers
v0x60000023a400_0 .net "c_imm", 31 0, v0x600000234d80_0;  1 drivers
v0x60000023a490_0 .net "c_memarea", 1 0, v0x600000235c20_0;  1 drivers
v0x60000023a520_0 .net "c_memsel", 1 0, v0x600000235cb0_0;  1 drivers
v0x60000023a5b0_0 .net "c_memwrite", 0 0, v0x600000235d40_0;  1 drivers
v0x60000023a640_0 .net "c_opcode", 6 0, v0x600000235710_0;  1 drivers
v0x60000023a6d0_0 .net "c_rd", 4 0, v0x600000236520_0;  1 drivers
v0x60000023a760_0 .net "c_regwrite", 0 0, v0x6000002365b0_0;  1 drivers
v0x60000023a7f0_0 .net "c_rs1", 4 0, v0x600000235200_0;  1 drivers
v0x60000023a880_0 .net "c_rs2", 4 0, v0x600000235290_0;  1 drivers
v0x60000023a910_0 .net "clk", 0 0, v0x60000023b720_0;  1 drivers
v0x60000023a9a0_0 .net "dbuff", 31 0, L_0x600001b359d0;  1 drivers
v0x60000023aa30_0 .net "dmem", 31 0, L_0x600000130fa0;  1 drivers
v0x60000023aac0_0 .net "ebuff1", 31 0, L_0x600001b35d50;  1 drivers
v0x60000023ab50_0 .net "ebuff2", 31 0, L_0x600001b35dc0;  1 drivers
v0x60000023abe0_0 .net "ebuff3", 31 0, L_0x600001b35e30;  1 drivers
v0x60000023ac70_0 .net "ebuff4", 31 0, L_0x600001b35ea0;  1 drivers
v0x60000023ad00_0 .net "ebuff5", 31 0, L_0x600001b35f10;  1 drivers
v0x60000023ad90_0 .net "imem", 31 0, L_0x600001b358f0;  1 drivers
v0x60000023ae20_0 .net "incr", 31 0, L_0x600000130140;  1 drivers
v0x60000023aeb0_0 .net "ir1", 31 0, L_0x600001b35960;  1 drivers
v0x60000023af40_0 .net "ir2", 31 0, L_0x600001b35ce0;  1 drivers
v0x60000023afd0_0 .net "ir3", 31 0, L_0x600001b35f80;  1 drivers
v0x60000023b060_0 .net "ir4", 31 0, L_0x600001b36220;  1 drivers
v0x60000023b0f0_0 .net "mbuff1", 31 0, v0x600000236be0_0;  1 drivers
v0x60000023b180_0 .net "mbuff2", 31 0, L_0x600001b36060;  1 drivers
v0x60000023b210_0 .net "mbuff3", 31 0, L_0x600001b360d0;  1 drivers
v0x60000023b2a0_0 .net "memmux", 31 0, v0x600000236a30_0;  1 drivers
v0x60000023b330_0 .net "pc", 31 0, v0x600000237c30_0;  1 drivers
v0x60000023b3c0_0 .net "pcmux", 31 0, v0x6000002378d0_0;  1 drivers
v0x60000023b450_0 .net "reset", 0 0, v0x60000023b7b0_0;  1 drivers
v0x60000023b4e0_0 .net "rs1", 31 0, L_0x600001b35c00;  1 drivers
v0x60000023b570_0 .net "rs2", 31 0, L_0x600001b35c70;  1 drivers
v0x60000023b600_0 .net "wbuff", 31 0, L_0x600001b36290;  1 drivers
v0x60000023b690_0 .net "zero", 0 0, v0x600000232760_0;  1 drivers
S_0x1496091f0 .scope module, "aluModule" "alu" 3 111, 4 1 0, S_0x149609840;
 .timescale -9 -12;
    .port_info 0 /INPUT 3 "funct3";
    .port_info 1 /INPUT 7 "opcode";
    .port_info 2 /INPUT 7 "funct7";
    .port_info 3 /INPUT 32 "pc";
    .port_info 4 /INPUT 32 "rs1";
    .port_info 5 /INPUT 32 "rs2";
    .port_info 6 /INPUT 32 "imm";
    .port_info 7 /OUTPUT 1 "zero";
    .port_info 8 /OUTPUT 32 "out";
v0x6000002322e0_0 .net "funct3", 2 0, v0x600000235320_0;  alias, 1 drivers
v0x600000232370_0 .net "funct7", 6 0, v0x6000002353b0_0;  alias, 1 drivers
v0x600000232400_0 .net "imm", 31 0, L_0x600001b35ea0;  alias, 1 drivers
v0x600000232490_0 .net "opcode", 6 0, v0x600000235710_0;  alias, 1 drivers
v0x600000232520_0 .var "out", 31 0;
v0x6000002325b0_0 .net "pc", 31 0, L_0x600001b35d50;  alias, 1 drivers
v0x600000232640_0 .net "rs1", 31 0, L_0x600001b35dc0;  alias, 1 drivers
v0x6000002326d0_0 .net "rs2", 31 0, L_0x600001b35e30;  alias, 1 drivers
v0x600000232760_0 .var "zero", 0 0;
E_0x600003e2cb10/0 .event edge, v0x600000232490_0, v0x6000002322e0_0, v0x600000232370_0, v0x600000232640_0;
E_0x600003e2cb10/1 .event edge, v0x6000002326d0_0, v0x600000232400_0, v0x6000002325b0_0;
E_0x600003e2cb10 .event/or E_0x600003e2cb10/0, E_0x600003e2cb10/1;
S_0x149609360 .scope module, "dataMemoryModule" "dataMemory" 3 149, 5 1 0, S_0x149609840;
 .timescale -9 -12;
    .port_info 0 /INPUT 1 "clk";
    .port_info 1 /INPUT 1 "write";
    .port_info 2 /INPUT 2 "area";
    .port_info 3 /INPUT 32 "address";
    .port_info 4 /INPUT 32 "datain";
    .port_info 5 /OUTPUT 32 "dataout";
v0x600000232880_0 .net *"_ivl_0", 31 0, L_0x600000130be0;  1 drivers
v0x600000232910_0 .net *"_ivl_10", 31 0, L_0x600000130d20;  1 drivers
v0x6000002329a0_0 .net/s *"_ivl_13", 31 0, L_0x600000130dc0;  1 drivers
L_0x150078208 .functor BUFT 1, C4<00000000000000000000000000000001>, C4<0>, C4<0>, C4<0>;
v0x600000232a30_0 .net/2s *"_ivl_14", 31 0, L_0x150078208;  1 drivers
v0x600000232ac0_0 .net/s *"_ivl_16", 31 0, L_0x600000130e60;  1 drivers
v0x600000232b50_0 .net *"_ivl_19", 0 0, L_0x600000130f00;  1 drivers
L_0x150078130 .functor BUFT 1, C4<00000000000000000000000000000010>, C4<0>, C4<0>, C4<0>;
v0x600000232be0_0 .net/2s *"_ivl_2", 31 0, L_0x150078130;  1 drivers
L_0x150078250 .functor BUFT 1, C4<0000000000000000000000000000000>, C4<0>, C4<0>, C4<0>;
v0x600000232c70_0 .net *"_ivl_23", 30 0, L_0x150078250;  1 drivers
L_0x150078178 .functor BUFT 1, C4<00000000000000000000000000000011>, C4<0>, C4<0>, C4<0>;
v0x600000232d00_0 .net/2u *"_ivl_4", 31 0, L_0x150078178;  1 drivers
v0x600000232d90_0 .net *"_ivl_6", 31 0, L_0x600000130c80;  1 drivers
L_0x1500781c0 .functor BUFT 1, C4<000000000000000000000000000000>, C4<0>, C4<0>, C4<0>;
v0x600000232e20_0 .net *"_ivl_9", 29 0, L_0x1500781c0;  1 drivers
v0x600000232eb0_0 .net "address", 31 0, v0x600000236be0_0;  alias, 1 drivers
v0x600000232f40_0 .net "area", 1 0, v0x600000235c20_0;  alias, 1 drivers
v0x600000232fd0_0 .net "clk", 0 0, v0x60000023b720_0;  alias, 1 drivers
v0x600000233060_0 .net "datain", 31 0, L_0x600001b36060;  alias, 1 drivers
v0x6000002330f0_0 .net "dataout", 31 0, L_0x600000130fa0;  alias, 1 drivers
v0x600000233180 .array "dmem", 1023 0, 31 0;
v0x600000233210_0 .net "write", 0 0, v0x600000235d40_0;  alias, 1 drivers
E_0x600003e2d8c0 .event posedge, v0x600000232fd0_0;
L_0x600000130be0 .array/port v0x600000233180, v0x600000236be0_0;
L_0x600000130c80 .concat [ 2 30 0 0], v0x600000235c20_0, L_0x1500781c0;
L_0x600000130d20 .arith/sum 32, L_0x150078178, L_0x600000130c80;
L_0x600000130dc0 .arith/pow 32, L_0x150078130, L_0x600000130d20;
L_0x600000130e60 .arith/sub 32, L_0x600000130dc0, L_0x150078208;
L_0x600000130f00 .part/v.s L_0x600000130be0, L_0x600000130e60, 1;
L_0x600000130fa0 .concat [ 1 31 0 0], L_0x600000130f00, L_0x150078250;
S_0x149608d10 .scope module, "decodeBufferModule" "buffer" 3 49, 6 1 0, S_0x149609840;
 .timescale -9 -12;
    .port_info 0 /INPUT 1 "clk";
    .port_info 1 /INPUT 32 "in0";
    .port_info 2 /INPUT 32 "in1";
    .port_info 3 /INPUT 32 "in2";
    .port_info 4 /INPUT 32 "in3";
    .port_info 5 /INPUT 32 "in4";
    .port_info 6 /INPUT 32 "in5";
    .port_info 7 /OUTPUT 32 "out0";
    .port_info 8 /OUTPUT 32 "out1";
    .port_info 9 /OUTPUT 32 "out2";
    .port_info 10 /OUTPUT 32 "out3";
    .port_info 11 /OUTPUT 32 "out4";
    .port_info 12 /OUTPUT 32 "out5";
L_0x600001b35960 .functor BUFZ 32, v0x6000002332a0_0, C4<00000000000000000000000000000000>, C4<00000000000000000000000000000000>, C4<00000000000000000000000000000000>;
L_0x600001b359d0 .functor BUFZ 32, v0x600000233330_0, C4<00000000000000000000000000000000>, C4<00000000000000000000000000000000>, C4<00000000000000000000000000000000>;
L_0x600001b35a40 .functor BUFZ 32, v0x6000002333c0_0, C4<00000000000000000000000000000000>, C4<00000000000000000000000000000000>, C4<00000000000000000000000000000000>;
L_0x600001b35ab0 .functor BUFZ 32, v0x600000233450_0, C4<00000000000000000000000000000000>, C4<00000000000000000000000000000000>, C4<00000000000000000000000000000000>;
L_0x600001b35b20 .functor BUFZ 32, v0x6000002334e0_0, C4<00000000000000000000000000000000>, C4<00000000000000000000000000000000>, C4<00000000000000000000000000000000>;
L_0x600001b35b90 .functor BUFZ 32, v0x600000233570_0, C4<00000000000000000000000000000000>, C4<00000000000000000000000000000000>, C4<00000000000000000000000000000000>;
v0x6000002332a0_0 .var "buffer0", 31 0;
v0x600000233330_0 .var "buffer1", 31 0;
v0x6000002333c0_0 .var "buffer2", 31 0;
v0x600000233450_0 .var "buffer3", 31 0;
v0x6000002334e0_0 .var "buffer4", 31 0;
v0x600000233570_0 .var "buffer5", 31 0;
v0x600000233600_0 .net "clk", 0 0, v0x60000023b720_0;  alias, 1 drivers
v0x600000233690_0 .net "in0", 31 0, L_0x600001b358f0;  alias, 1 drivers
v0x600000233720_0 .net "in1", 31 0, v0x600000237c30_0;  alias, 1 drivers
o0x150040940 .functor BUFZ 32, C4<zzzzzzzzzzzzzzzzzzzzzzzzzzzzzzzz>; HiZ drive
v0x6000002337b0_0 .net "in2", 31 0, o0x150040940;  0 drivers
o0x150040970 .functor BUFZ 32, C4<zzzzzzzzzzzzzzzzzzzzzzzzzzzzzzzz>; HiZ drive
v0x600000233840_0 .net "in3", 31 0, o0x150040970;  0 drivers
o0x1500409a0 .functor BUFZ 32, C4<zzzzzzzzzzzzzzzzzzzzzzzzzzzzzzzz>; HiZ drive
v0x6000002338d0_0 .net "in4", 31 0, o0x1500409a0;  0 drivers
o0x1500409d0 .functor BUFZ 32, C4<zzzzzzzzzzzzzzzzzzzzzzzzzzzzzzzz>; HiZ drive
v0x600000233960_0 .net "in5", 31 0, o0x1500409d0;  0 drivers
v0x6000002339f0_0 .net "out0", 31 0, L_0x600001b35960;  alias, 1 drivers
v0x600000233a80_0 .net "out1", 31 0, L_0x600001b359d0;  alias, 1 drivers
v0x600000233b10_0 .net "out2", 31 0, L_0x600001b35a40;  1 drivers
v0x600000233ba0_0 .net "out3", 31 0, L_0x600001b35ab0;  1 drivers
v0x600000233c30_0 .net "out4", 31 0, L_0x600001b35b20;  1 drivers
v0x600000233cc0_0 .net "out5", 31 0, L_0x600001b35b90;  1 drivers
S_0x149608830 .scope module, "executeBufferModule" "buffer" 3 85, 6 1 0, S_0x149609840;
 .timescale -9 -12;
    .port_info 0 /INPUT 1 "clk";
    .port_info 1 /INPUT 32 "in0";
    .port_info 2 /INPUT 32 "in1";
    .port_info 3 /INPUT 32 "in2";
    .port_info 4 /INPUT 32 "in3";
    .port_info 5 /INPUT 32 "in4";
    .port_info 6 /INPUT 32 "in5";
    .port_info 7 /OUTPUT 32 "out0";
    .port_info 8 /OUTPUT 32 "out1";
    .port_info 9 /OUTPUT 32 "out2";
    .port_info 10 /OUTPUT 32 "out3";
    .port_info 11 /OUTPUT 32 "out4";
    .port_info 12 /OUTPUT 32 "out5";
L_0x600001b35ce0 .functor BUFZ 32, v0x600000233d50_0, C4<00000000000000000000000000000000>, C4<00000000000000000000000000000000>, C4<00000000000000000000000000000000>;
L_0x600001b35d50 .functor BUFZ 32, v0x600000233de0_0, C4<00000000000000000000000000000000>, C4<00000000000000000000000000000000>, C4<00000000000000000000000000000000>;
L_0x600001b35dc0 .functor BUFZ 32, v0x600000233e70_0, C4<00000000000000000000000000000000>, C4<00000000000000000000000000000000>, C4<00000000000000000000000000000000>;
L_0x600001b35e30 .functor BUFZ 32, v0x600000233f00_0, C4<00000000000000000000000000000000>, C4<00000000000000000000000000000000>, C4<00000000000000000000000000000000>;
L_0x600001b35ea0 .functor BUFZ 32, v0x600000234000_0, C4<00000000000000000000000000000000>, C4<00000000000000000000000000000000>, C4<00000000000000000000000000000000>;
L_0x600001b35f10 .functor BUFZ 32, v0x600000234090_0, C4<00000000000000000000000000000000>, C4<00000000000000000000000000000000>, C4<00000000000000000000000000000000>;
v0x600000233d50_0 .var "buffer0", 31 0;
v0x600000233de0_0 .var "buffer1", 31 0;
v0x600000233e70_0 .var "buffer2", 31 0;
v0x600000233f00_0 .var "buffer3", 31 0;
v0x600000234000_0 .var "buffer4", 31 0;
v0x600000234090_0 .var "buffer5", 31 0;
v0x600000234120_0 .net "clk", 0 0, v0x60000023b720_0;  alias, 1 drivers
v0x6000002341b0_0 .net "in0", 31 0, L_0x600001b35960;  alias, 1 drivers
v0x600000234240_0 .net "in1", 31 0, L_0x600001b359d0;  alias, 1 drivers
v0x6000002342d0_0 .net "in2", 31 0, L_0x600001b35c00;  alias, 1 drivers
v0x600000234360_0 .net "in3", 31 0, L_0x600001b35c70;  alias, 1 drivers
v0x6000002343f0_0 .net "in4", 31 0, v0x600000234d80_0;  alias, 1 drivers
v0x600000234480_0 .net "in5", 31 0, L_0x600000130140;  alias, 1 drivers
v0x600000234510_0 .net "out0", 31 0, L_0x600001b35ce0;  alias, 1 drivers
v0x6000002345a0_0 .net "out1", 31 0, L_0x600001b35d50;  alias, 1 drivers
v0x600000234630_0 .net "out2", 31 0, L_0x600001b35dc0;  alias, 1 drivers
v0x6000002346c0_0 .net "out3", 31 0, L_0x600001b35e30;  alias, 1 drivers
v0x600000234750_0 .net "out4", 31 0, L_0x600001b35ea0;  alias, 1 drivers
v0x6000002347e0_0 .net "out5", 31 0, L_0x600001b35f10;  alias, 1 drivers
S_0x149607b70 .scope module, "instructionMemoryModule" "instructionMemory" 3 28, 7 1 0, S_0x149609840;
 .timescale -9 -12;
    .port_info 0 /INPUT 32 "address";
    .port_info 1 /OUTPUT 32 "instruction";
L_0x600001b358f0 .functor BUFZ 32, L_0x600000130a00, C4<00000000000000000000000000000000>, C4<00000000000000000000000000000000>, C4<00000000000000000000000000000000>;
v0x600000234870_0 .net *"_ivl_0", 31 0, L_0x600000130a00;  1 drivers
L_0x150078010 .functor BUFT 1, C4<00000000000000000000000000000100>, C4<0>, C4<0>, C4<0>;
v0x600000234900_0 .net/2u *"_ivl_2", 31 0, L_0x150078010;  1 drivers
v0x600000234990_0 .net *"_ivl_4", 31 0, L_0x600000130460;  1 drivers
v0x600000234a20_0 .net "address", 31 0, v0x600000237c30_0;  alias, 1 drivers
v0x600000234ab0_0 .var/i "i", 31 0;
v0x600000234b40 .array "imem", 2047 0, 31 0;
v0x600000234bd0_0 .net "instruction", 31 0, L_0x600001b358f0;  alias, 1 drivers
E_0x600003e2d800 .event edge, v0x600000233690_0;
L_0x600000130a00 .array/port v0x600000234b40, L_0x600000130460;
L_0x600000130460 .arith/div 32, v0x600000237c30_0, L_0x150078010;
S_0x149607ce0 .scope module, "ir1ControlModule" "control" 3 59, 8 1 0, S_0x149609840;
 .timescale -9 -12;
    .port_info 0 /INPUT 32 "ins";
    .port_info 1 /OUTPUT 5 "rs1";
    .port_info 2 /OUTPUT 5 "rs2";
    .port_info 3 /OUTPUT 32 "imm";
    .port_info 4 /OUTPUT 7 "opcode";
    .port_info 5 /OUTPUT 3 "funct3";
    .port_info 6 /OUTPUT 7 "funct7";
    .port_info 7 /OUTPUT 1 "memwrite";
    .port_info 8 /OUTPUT 2 "memarea";
    .port_info 9 /OUTPUT 2 "memsel";
    .port_info 10 /OUTPUT 1 "regwrite";
    .port_info 11 /OUTPUT 5 "rd";
v0x600000234c60_0 .var "funct3", 2 0;
v0x600000234cf0_0 .var "funct7", 6 0;
v0x600000234d80_0 .var "imm", 31 0;
v0x600000234e10_0 .net "ins", 31 0, L_0x600001b35960;  alias, 1 drivers
v0x600000234ea0_0 .var "memarea", 1 0;
v0x600000234f30_0 .var "memsel", 1 0;
v0x600000234fc0_0 .var "memwrite", 0 0;
v0x600000235050_0 .var "opcode", 6 0;
v0x6000002350e0_0 .var "rd", 4 0;
v0x600000235170_0 .var "regwrite", 0 0;
v0x600000235200_0 .var "rs1", 4 0;
v0x600000235290_0 .var "rs2", 4 0;
E_0x600003e2d830 .event edge, v0x6000002339f0_0, v0x600000235050_0, v0x600000234c60_0;
S_0x1496074b0 .scope module, "ir2ControlModule" "control" 3 103, 8 1 0, S_0x149609840;
 .timescale -9 -12;
    .port_info 0 /INPUT 32 "ins";
    .port_info 1 /OUTPUT 5 "rs1";
    .port_info 2 /OUTPUT 5 "rs2";
    .port_info 3 /OUTPUT 32 "imm";
    .port_info 4 /OUTPUT 7 "opcode";
    .port_info 5 /OUTPUT 3 "funct3";
    .port_info 6 /OUTPUT 7 "funct7";
    .port_info 7 /OUTPUT 1 "memwrite";
    .port_info 8 /OUTPUT 2 "memarea";
    .port_info 9 /OUTPUT 2 "memsel";
    .port_info 10 /OUTPUT 1 "regwrite";
    .port_info 11 /OUTPUT 5 "rd";
v0x600000235320_0 .var "funct3", 2 0;
v0x6000002353b0_0 .var "funct7", 6 0;
v0x600000235440_0 .var "imm", 31 0;
v0x6000002354d0_0 .net "ins", 31 0, L_0x600001b35ce0;  alias, 1 drivers
v0x600000235560_0 .var "memarea", 1 0;
v0x6000002355f0_0 .var "memsel", 1 0;
v0x600000235680_0 .var "memwrite", 0 0;
v0x600000235710_0 .var "opcode", 6 0;
v0x6000002357a0_0 .var "rd", 4 0;
v0x600000235830_0 .var "regwrite", 0 0;
v0x6000002358c0_0 .var "rs1", 4 0;
v0x600000235950_0 .var "rs2", 4 0;
E_0x600003e2d770 .event edge, v0x600000234510_0, v0x600000232490_0, v0x6000002322e0_0;
S_0x1496045d0 .scope module, "ir3ControlModule" "control" 3 142, 8 1 0, S_0x149609840;
 .timescale -9 -12;
    .port_info 0 /INPUT 32 "ins";
    .port_info 1 /OUTPUT 5 "rs1";
    .port_info 2 /OUTPUT 5 "rs2";
    .port_info 3 /OUTPUT 32 "imm";
    .port_info 4 /OUTPUT 7 "opcode";
    .port_info 5 /OUTPUT 3 "funct3";
    .port_info 6 /OUTPUT 7 "funct7";
    .port_info 7 /OUTPUT 1 "memwrite";
    .port_info 8 /OUTPUT 2 "memarea";
    .port_info 9 /OUTPUT 2 "memsel";
    .port_info 10 /OUTPUT 1 "regwrite";
    .port_info 11 /OUTPUT 5 "rd";
v0x6000002359e0_0 .var "funct3", 2 0;
v0x600000235a70_0 .var "funct7", 6 0;
v0x600000235b00_0 .var "imm", 31 0;
v0x600000235b90_0 .net "ins", 31 0, L_0x600001b35f80;  alias, 1 drivers
v0x600000235c20_0 .var "memarea", 1 0;
v0x600000235cb0_0 .var "memsel", 1 0;
v0x600000235d40_0 .var "memwrite", 0 0;
v0x600000235dd0_0 .var "opcode", 6 0;
v0x600000235e60_0 .var "rd", 4 0;
v0x600000235ef0_0 .var "regwrite", 0 0;
v0x600000235f80_0 .var "rs1", 4 0;
v0x600000236010_0 .var "rs2", 4 0;
E_0x600003e2d740 .event edge, v0x600000235b90_0, v0x600000235dd0_0, v0x6000002359e0_0;
S_0x149609f70 .scope module, "ir4ControlModule" "control" 3 178, 8 1 0, S_0x149609840;
 .timescale -9 -12;
    .port_info 0 /INPUT 32 "ins";
    .port_info 1 /OUTPUT 5 "rs1";
    .port_info 2 /OUTPUT 5 "rs2";
    .port_info 3 /OUTPUT 32 "imm";
    .port_info 4 /OUTPUT 7 "opcode";
    .port_info 5 /OUTPUT 3 "funct3";
    .port_info 6 /OUTPUT 7 "funct7";
    .port_info 7 /OUTPUT 1 "memwrite";
    .port_info 8 /OUTPUT 2 "memarea";
    .port_info 9 /OUTPUT 2 "memsel";
    .port_info 10 /OUTPUT 1 "regwrite";
    .port_info 11 /OUTPUT 5 "rd";
v0x6000002360a0_0 .var "funct3", 2 0;
v0x600000236130_0 .var "funct7", 6 0;
v0x6000002361c0_0 .var "imm", 31 0;
v0x600000236250_0 .net "ins", 31 0, L_0x600001b36220;  alias, 1 drivers
v0x6000002362e0_0 .var "memarea", 1 0;
v0x600000236370_0 .var "memsel", 1 0;
v0x600000236400_0 .var "memwrite", 0 0;
v0x600000236490_0 .var "opcode", 6 0;
v0x600000236520_0 .var "rd", 4 0;
v0x6000002365b0_0 .var "regwrite", 0 0;
v0x600000236640_0 .var "rs1", 4 0;
v0x6000002366d0_0 .var "rs2", 4 0;
E_0x600003e2d6b0 .event edge, v0x600000236250_0, v0x600000236490_0, v0x6000002360a0_0;
S_0x149606c10 .scope module, "memMultiplexerModule" "multiplexer4to1" 3 158, 9 1 0, S_0x149609840;
 .timescale -9 -12;
    .port_info 0 /INPUT 2 "sel";
    .port_info 1 /INPUT 32 "in1";
    .port_info 2 /INPUT 32 "in2";
    .port_info 3 /INPUT 32 "in3";
    .port_info 4 /INPUT 32 "in4";
    .port_info 5 /OUTPUT 32 "out";
v0x6000002367f0_0 .net "in1", 31 0, L_0x600001b360d0;  alias, 1 drivers
v0x600000236880_0 .net "in2", 31 0, L_0x600000130fa0;  alias, 1 drivers
v0x600000236910_0 .net "in3", 31 0, v0x600000236be0_0;  alias, 1 drivers
o0x150042410 .functor BUFZ 32, C4<zzzzzzzzzzzzzzzzzzzzzzzzzzzzzzzz>; HiZ drive
v0x6000002369a0_0 .net "in4", 31 0, o0x150042410;  0 drivers
v0x600000236a30_0 .var "out", 31 0;
v0x600000236ac0_0 .net "sel", 1 0, v0x600000235cb0_0;  alias, 1 drivers
E_0x600003e2d9b0/0 .event edge, v0x600000235cb0_0, v0x6000002367f0_0, v0x6000002330f0_0, v0x600000232eb0_0;
E_0x600003e2d9b0/1 .event edge, v0x6000002369a0_0;
E_0x600003e2d9b0 .event/or E_0x600003e2d9b0/0, E_0x600003e2d9b0/1;
S_0x149606d80 .scope module, "memoryBufferModule" "buffer" 3 128, 6 1 0, S_0x149609840;
 .timescale -9 -12;
    .port_info 0 /INPUT 1 "clk";
    .port_info 1 /INPUT 32 "in0";
    .port_info 2 /INPUT 32 "in1";
    .port_info 3 /INPUT 32 "in2";
    .port_info 4 /INPUT 32 "in3";
    .port_info 5 /INPUT 32 "in4";
    .port_info 6 /INPUT 32 "in5";
    .port_info 7 /OUTPUT 32 "out0";
    .port_info 8 /OUTPUT 32 "out1";
    .port_info 9 /OUTPUT 32 "out2";
    .port_info 10 /OUTPUT 32 "out3";
    .port_info 11 /OUTPUT 32 "out4";
    .port_info 12 /OUTPUT 32 "out5";
L_0x600001b35f80 .functor BUFZ 32, v0x600000236b50_0, C4<00000000000000000000000000000000>, C4<00000000000000000000000000000000>, C4<00000000000000000000000000000000>;
L_0x600001b36060 .functor BUFZ 32, v0x600000236c70_0, C4<00000000000000000000000000000000>, C4<00000000000000000000000000000000>, C4<00000000000000000000000000000000>;
L_0x600001b360d0 .functor BUFZ 32, v0x600000236d00_0, C4<00000000000000000000000000000000>, C4<00000000000000000000000000000000>, C4<00000000000000000000000000000000>;
L_0x600001b36140 .functor BUFZ 32, v0x600000236d90_0, C4<00000000000000000000000000000000>, C4<00000000000000000000000000000000>, C4<00000000000000000000000000000000>;
L_0x600001b361b0 .functor BUFZ 32, v0x600000236e20_0, C4<00000000000000000000000000000000>, C4<00000000000000000000000000000000>, C4<00000000000000000000000000000000>;
v0x600000236b50_0 .var "buffer0", 31 0;
v0x600000236be0_0 .var "buffer1", 31 0;
v0x600000236c70_0 .var "buffer2", 31 0;
v0x600000236d00_0 .var "buffer3", 31 0;
v0x600000236d90_0 .var "buffer4", 31 0;
v0x600000236e20_0 .var "buffer5", 31 0;
v0x600000236eb0_0 .net "clk", 0 0, v0x60000023b720_0;  alias, 1 drivers
v0x600000236f40_0 .net "in0", 31 0, L_0x600001b35ce0;  alias, 1 drivers
v0x600000236fd0_0 .net "in1", 31 0, v0x600000232520_0;  alias, 1 drivers
v0x600000237060_0 .net "in2", 31 0, L_0x600001b35e30;  alias, 1 drivers
v0x6000002370f0_0 .net "in3", 31 0, L_0x600001b35f10;  alias, 1 drivers
o0x1500426b0 .functor BUFZ 32, C4<zzzzzzzzzzzzzzzzzzzzzzzzzzzzzzzz>; HiZ drive
v0x600000237180_0 .net "in4", 31 0, o0x1500426b0;  0 drivers
o0x1500426e0 .functor BUFZ 32, C4<zzzzzzzzzzzzzzzzzzzzzzzzzzzzzzzz>; HiZ drive
v0x600000237210_0 .net "in5", 31 0, o0x1500426e0;  0 drivers
v0x6000002372a0_0 .net "out0", 31 0, L_0x600001b35f80;  alias, 1 drivers
v0x600000237330_0 .net "out1", 31 0, v0x600000236be0_0;  alias, 1 drivers
v0x6000002373c0_0 .net "out2", 31 0, L_0x600001b36060;  alias, 1 drivers
v0x600000237450_0 .net "out3", 31 0, L_0x600001b360d0;  alias, 1 drivers
v0x6000002374e0_0 .net "out4", 31 0, L_0x600001b36140;  1 drivers
v0x600000237570_0 .net "out5", 31 0, L_0x600001b361b0;  1 drivers
S_0x149606870 .scope module, "pcIncrementModule" "adder" 3 33, 10 1 0, S_0x149609840;
 .timescale -9 -12;
    .port_info 0 /INPUT 32 "in1";
    .port_info 1 /INPUT 32 "in2";
    .port_info 2 /OUTPUT 32 "out";
L_0x150078058 .functor BUFT 1, C4<00000000000000000000000000000100>, C4<0>, C4<0>, C4<0>;
v0x600000237600_0 .net "in1", 31 0, L_0x150078058;  1 drivers
v0x600000237690_0 .net "in2", 31 0, v0x600000237c30_0;  alias, 1 drivers
v0x600000237720_0 .net "out", 31 0, L_0x600000130140;  alias, 1 drivers
L_0x600000130140 .arith/sum 32, L_0x150078058, v0x600000237c30_0;
S_0x14961cbf0 .scope module, "pcMultiplexerModule" "multiplexer2to1" 3 39, 11 1 0, S_0x149609840;
 .timescale -9 -12;
    .port_info 0 /INPUT 1 "sel";
    .port_info 1 /INPUT 32 "in1";
    .port_info 2 /INPUT 32 "in2";
    .port_info 3 /OUTPUT 32 "out";
v0x6000002377b0_0 .net "in1", 31 0, L_0x600000130140;  alias, 1 drivers
v0x600000237840_0 .net "in2", 31 0, v0x600000232520_0;  alias, 1 drivers
v0x6000002378d0_0 .var "out", 31 0;
v0x600000237960_0 .net "sel", 0 0, v0x600000232760_0;  alias, 1 drivers
E_0x600003e2d680 .event edge, v0x600000232760_0, v0x600000234480_0, v0x600000232520_0;
S_0x14961cd60 .scope module, "pcRegisterModule" "pcRegister" 3 22, 12 1 0, S_0x149609840;
 .timescale -9 -12;
    .port_info 0 /INPUT 1 "clk";
    .port_info 1 /INPUT 32 "in";
    .port_info 2 /OUTPUT 32 "out";
v0x6000002379f0_0 .net "clk", 0 0, v0x60000023b720_0;  alias, 1 drivers
v0x600000237a80_0 .var/i "i", 31 0;
v0x600000237b10_0 .net "in", 31 0, v0x6000002378d0_0;  alias, 1 drivers
v0x600000237ba0_0 .net "out", 31 0, v0x600000237c30_0;  alias, 1 drivers
v0x600000237c30_0 .var "pc", 31 0;
S_0x1496267c0 .scope module, "registerBankModule" "registerBank" 3 67, 13 1 0, S_0x149609840;
 .timescale -9 -12;
    .port_info 0 /INPUT 1 "clk";
    .port_info 1 /INPUT 1 "regwrite";
    .port_info 2 /INPUT 5 "rdaddr";
    .port_info 3 /INPUT 32 "rddata";
    .port_info 4 /INPUT 5 "rs1addr";
    .port_info 5 /INPUT 5 "rs2addr";
    .port_info 6 /OUTPUT 32 "rs1";
    .port_info 7 /OUTPUT 32 "rs2";
L_0x600001b35c00 .functor BUFZ 32, L_0x600000130780, C4<00000000000000000000000000000000>, C4<00000000000000000000000000000000>, C4<00000000000000000000000000000000>;
L_0x600001b35c70 .functor BUFZ 32, L_0x600000130320, C4<00000000000000000000000000000000>, C4<00000000000000000000000000000000>, C4<00000000000000000000000000000000>;
v0x600000237cc0_0 .net *"_ivl_0", 31 0, L_0x600000130780;  1 drivers
v0x600000237d50_0 .net *"_ivl_10", 6 0, L_0x600000130b40;  1 drivers
L_0x1500780e8 .functor BUFT 1, C4<00>, C4<0>, C4<0>, C4<0>;
v0x600000237de0_0 .net *"_ivl_13", 1 0, L_0x1500780e8;  1 drivers
v0x600000237e70_0 .net *"_ivl_2", 6 0, L_0x6000001305a0;  1 drivers
L_0x1500780a0 .functor BUFT 1, C4<00>, C4<0>, C4<0>, C4<0>;
v0x600000237f00_0 .net *"_ivl_5", 1 0, L_0x1500780a0;  1 drivers
v0x600000238000_0 .net *"_ivl_8", 31 0, L_0x600000130320;  1 drivers
v0x600000238090_0 .net "clk", 0 0, v0x60000023b720_0;  alias, 1 drivers
v0x600000238120_0 .net "rdaddr", 4 0, v0x600000236520_0;  alias, 1 drivers
v0x6000002381b0_0 .net "rddata", 31 0, L_0x600001b36290;  alias, 1 drivers
v0x600000238240_0 .var "reg0", 31 0;
v0x6000002382d0_0 .var "reg1", 31 0;
v0x600000238360_0 .var "reg10", 31 0;
v0x6000002383f0_0 .var "reg11", 31 0;
v0x600000238480_0 .var "reg12", 31 0;
v0x600000238510_0 .var "reg13", 31 0;
v0x6000002385a0_0 .var "reg14", 31 0;
v0x600000238630_0 .var "reg15", 31 0;
v0x6000002386c0_0 .var "reg16", 31 0;
v0x600000238750_0 .var "reg17", 31 0;
v0x6000002387e0_0 .var "reg18", 31 0;
v0x600000238870_0 .var "reg19", 31 0;
v0x600000238900_0 .var "reg2", 31 0;
v0x600000238990_0 .var "reg20", 31 0;
v0x600000238a20_0 .var "reg21", 31 0;
v0x600000238ab0_0 .var "reg22", 31 0;
v0x600000238b40_0 .var "reg23", 31 0;
v0x600000238bd0_0 .var "reg24", 31 0;
v0x600000238c60_0 .var "reg25", 31 0;
v0x600000238cf0_0 .var "reg26", 31 0;
v0x600000238d80_0 .var "reg27", 31 0;
v0x600000238e10_0 .var "reg28", 31 0;
v0x600000238ea0_0 .var "reg29", 31 0;
v0x600000238f30_0 .var "reg3", 31 0;
v0x600000238fc0_0 .var "reg30", 31 0;
v0x600000239050_0 .var "reg31", 31 0;
v0x6000002390e0_0 .var "reg4", 31 0;
v0x600000239170_0 .var "reg5", 31 0;
v0x600000239200_0 .var "reg6", 31 0;
v0x600000239290_0 .var "reg7", 31 0;
v0x600000239320_0 .var "reg8", 31 0;
v0x6000002393b0_0 .var "reg9", 31 0;
v0x600000239440 .array "regs", 31 0, 31 0;
v0x6000002394d0_0 .net "regwrite", 0 0, v0x6000002365b0_0;  alias, 1 drivers
v0x600000239560_0 .net "rs1", 31 0, L_0x600001b35c00;  alias, 1 drivers
v0x6000002395f0_0 .net "rs1addr", 4 0, v0x600000235200_0;  alias, 1 drivers
v0x600000239680_0 .net "rs2", 31 0, L_0x600001b35c70;  alias, 1 drivers
v0x600000239710_0 .net "rs2addr", 4 0, v0x600000235290_0;  alias, 1 drivers
v0x600000239440_0 .array/port v0x600000239440, 0;
v0x600000239440_1 .array/port v0x600000239440, 1;
v0x600000239440_2 .array/port v0x600000239440, 2;
v0x600000239440_3 .array/port v0x600000239440, 3;
E_0x600003e2d620/0 .event edge, v0x600000239440_0, v0x600000239440_1, v0x600000239440_2, v0x600000239440_3;
v0x600000239440_4 .array/port v0x600000239440, 4;
v0x600000239440_5 .array/port v0x600000239440, 5;
v0x600000239440_6 .array/port v0x600000239440, 6;
v0x600000239440_7 .array/port v0x600000239440, 7;
E_0x600003e2d620/1 .event edge, v0x600000239440_4, v0x600000239440_5, v0x600000239440_6, v0x600000239440_7;
v0x600000239440_8 .array/port v0x600000239440, 8;
v0x600000239440_9 .array/port v0x600000239440, 9;
v0x600000239440_10 .array/port v0x600000239440, 10;
v0x600000239440_11 .array/port v0x600000239440, 11;
E_0x600003e2d620/2 .event edge, v0x600000239440_8, v0x600000239440_9, v0x600000239440_10, v0x600000239440_11;
v0x600000239440_12 .array/port v0x600000239440, 12;
v0x600000239440_13 .array/port v0x600000239440, 13;
v0x600000239440_14 .array/port v0x600000239440, 14;
v0x600000239440_15 .array/port v0x600000239440, 15;
E_0x600003e2d620/3 .event edge, v0x600000239440_12, v0x600000239440_13, v0x600000239440_14, v0x600000239440_15;
v0x600000239440_16 .array/port v0x600000239440, 16;
v0x600000239440_17 .array/port v0x600000239440, 17;
v0x600000239440_18 .array/port v0x600000239440, 18;
v0x600000239440_19 .array/port v0x600000239440, 19;
E_0x600003e2d620/4 .event edge, v0x600000239440_16, v0x600000239440_17, v0x600000239440_18, v0x600000239440_19;
v0x600000239440_20 .array/port v0x600000239440, 20;
v0x600000239440_21 .array/port v0x600000239440, 21;
v0x600000239440_22 .array/port v0x600000239440, 22;
v0x600000239440_23 .array/port v0x600000239440, 23;
E_0x600003e2d620/5 .event edge, v0x600000239440_20, v0x600000239440_21, v0x600000239440_22, v0x600000239440_23;
v0x600000239440_24 .array/port v0x600000239440, 24;
v0x600000239440_25 .array/port v0x600000239440, 25;
v0x600000239440_26 .array/port v0x600000239440, 26;
v0x600000239440_27 .array/port v0x600000239440, 27;
E_0x600003e2d620/6 .event edge, v0x600000239440_24, v0x600000239440_25, v0x600000239440_26, v0x600000239440_27;
v0x600000239440_28 .array/port v0x600000239440, 28;
v0x600000239440_29 .array/port v0x600000239440, 29;
v0x600000239440_30 .array/port v0x600000239440, 30;
v0x600000239440_31 .array/port v0x600000239440, 31;
E_0x600003e2d620/7 .event edge, v0x600000239440_28, v0x600000239440_29, v0x600000239440_30, v0x600000239440_31;
E_0x600003e2d620 .event/or E_0x600003e2d620/0, E_0x600003e2d620/1, E_0x600003e2d620/2, E_0x600003e2d620/3, E_0x600003e2d620/4, E_0x600003e2d620/5, E_0x600003e2d620/6, E_0x600003e2d620/7;
L_0x600000130780 .array/port v0x600000239440, L_0x6000001305a0;
L_0x6000001305a0 .concat [ 5 2 0 0], v0x600000235200_0, L_0x1500780a0;
L_0x600000130320 .array/port v0x600000239440, L_0x600000130b40;
L_0x600000130b40 .concat [ 5 2 0 0], v0x600000235290_0, L_0x1500780e8;
S_0x149626b30 .scope module, "writebackBufferModule" "buffer" 3 169, 6 1 0, S_0x149609840;
 .timescale -9 -12;
    .port_info 0 /INPUT 1 "clk";
    .port_info 1 /INPUT 32 "in0";
    .port_info 2 /INPUT 32 "in1";
    .port_info 3 /INPUT 32 "in2";
    .port_info 4 /INPUT 32 "in3";
    .port_info 5 /INPUT 32 "in4";
    .port_info 6 /INPUT 32 "in5";
    .port_info 7 /OUTPUT 32 "out0";
    .port_info 8 /OUTPUT 32 "out1";
    .port_info 9 /OUTPUT 32 "out2";
    .port_info 10 /OUTPUT 32 "out3";
    .port_info 11 /OUTPUT 32 "out4";
    .port_info 12 /OUTPUT 32 "out5";
L_0x600001b36220 .functor BUFZ 32, v0x6000002397a0_0, C4<00000000000000000000000000000000>, C4<00000000000000000000000000000000>, C4<00000000000000000000000000000000>;
L_0x600001b36290 .functor BUFZ 32, v0x600000239830_0, C4<00000000000000000000000000000000>, C4<00000000000000000000000000000000>, C4<00000000000000000000000000000000>;
L_0x600001b36300 .functor BUFZ 32, v0x6000002398c0_0, C4<00000000000000000000000000000000>, C4<00000000000000000000000000000000>, C4<00000000000000000000000000000000>;
L_0x600001b36370 .functor BUFZ 32, v0x600000239950_0, C4<00000000000000000000000000000000>, C4<00000000000000000000000000000000>, C4<00000000000000000000000000000000>;
L_0x600001b363e0 .functor BUFZ 32, v0x6000002399e0_0, C4<00000000000000000000000000000000>, C4<00000000000000000000000000000000>, C4<00000000000000000000000000000000>;
L_0x600001b36450 .functor BUFZ 32, v0x600000239a70_0, C4<00000000000000000000000000000000>, C4<00000000000000000000000000000000>, C4<00000000000000000000000000000000>;
v0x6000002397a0_0 .var "buffer0", 31 0;
v0x600000239830_0 .var "buffer1", 31 0;
v0x6000002398c0_0 .var "buffer2", 31 0;
v0x600000239950_0 .var "buffer3", 31 0;
v0x6000002399e0_0 .var "buffer4", 31 0;
v0x600000239a70_0 .var "buffer5", 31 0;
v0x600000239b00_0 .net "clk", 0 0, v0x60000023b720_0;  alias, 1 drivers
v0x600000239b90_0 .net "in0", 31 0, L_0x600001b35f80;  alias, 1 drivers
v0x600000239c20_0 .net "in1", 31 0, v0x600000236a30_0;  alias, 1 drivers
o0x150043c70 .functor BUFZ 32, C4<zzzzzzzzzzzzzzzzzzzzzzzzzzzzzzzz>; HiZ drive
v0x600000239cb0_0 .net "in2", 31 0, o0x150043c70;  0 drivers
o0x150043ca0 .functor BUFZ 32, C4<zzzzzzzzzzzzzzzzzzzzzzzzzzzzzzzz>; HiZ drive
v0x600000239d40_0 .net "in3", 31 0, o0x150043ca0;  0 drivers
o0x150043cd0 .functor BUFZ 32, C4<zzzzzzzzzzzzzzzzzzzzzzzzzzzzzzzz>; HiZ drive
v0x600000239dd0_0 .net "in4", 31 0, o0x150043cd0;  0 drivers
o0x150043d00 .functor BUFZ 32, C4<zzzzzzzzzzzzzzzzzzzzzzzzzzzzzzzz>; HiZ drive
v0x600000239e60_0 .net "in5", 31 0, o0x150043d00;  0 drivers
v0x600000239ef0_0 .net "out0", 31 0, L_0x600001b36220;  alias, 1 drivers
v0x600000239f80_0 .net "out1", 31 0, L_0x600001b36290;  alias, 1 drivers
v0x60000023a010_0 .net "out2", 31 0, L_0x600001b36300;  1 drivers
v0x60000023a0a0_0 .net "out3", 31 0, L_0x600001b36370;  1 drivers
v0x60000023a130_0 .net "out4", 31 0, L_0x600001b363e0;  1 drivers
v0x60000023a1c0_0 .net "out5", 31 0, L_0x600001b36450;  1 drivers
    .scope S_0x14961cd60;
T_0 ;
    %pushi/vec4 0, 0, 32;
    %store/vec4 v0x600000237c30_0, 0, 32;
    %pushi/vec4 0, 0, 32;
    %store/vec4 v0x600000237a80_0, 0, 32;
    %end;
    .thread T_0;
    .scope S_0x14961cd60;
T_1 ;
    %wait E_0x600003e2d8c0;
    %load/vec4 v0x600000237a80_0;
    %addi 1, 0, 32;
    %store/vec4 v0x600000237a80_0, 0, 32;
    %load/vec4 v0x600000237b10_0;
    %assign/vec4 v0x600000237c30_0, 0;
    %jmp T_1;
    .thread T_1;
    .scope S_0x149607b70;
T_2 ;
    %pushi/vec4 0, 0, 32;
    %store/vec4 v0x600000234ab0_0, 0, 32;
    %end;
    .thread T_2;
    .scope S_0x149607b70;
T_3 ;
    %wait E_0x600003e2d800;
    %load/vec4 v0x600000234bd0_0;
    %cmpi/e 3221229683, 0, 32;
    %jmp/0xz  T_3.0, 4;
    %vpi_call 7 10 "$display", "**** PASSED ****" {0 0 0};
T_3.0 ;
    %jmp T_3;
    .thread T_3, $push;
    .scope S_0x149607b70;
T_4 ;
    %pushi/vec4 38, 0, 32;
    %dup/vec4;
    %pushi/vec4 0, 0, 32;
    %cmp/u;
    %jmp/1 T_4.0, 6;
    %dup/vec4;
    %pushi/vec4 1, 0, 32;
    %cmp/u;
    %jmp/1 T_4.1, 6;
    %dup/vec4;
    %pushi/vec4 2, 0, 32;
    %cmp/u;
    %jmp/1 T_4.2, 6;
    %dup/vec4;
    %pushi/vec4 3, 0, 32;
    %cmp/u;
    %jmp/1 T_4.3, 6;
    %dup/vec4;
    %pushi/vec4 4, 0, 32;
    %cmp/u;
    %jmp/1 T_4.4, 6;
    %dup/vec4;
    %pushi/vec4 5, 0, 32;
    %cmp/u;
    %jmp/1 T_4.5, 6;
    %dup/vec4;
    %pushi/vec4 6, 0, 32;
    %cmp/u;
    %jmp/1 T_4.6, 6;
    %dup/vec4;
    %pushi/vec4 7, 0, 32;
    %cmp/u;
    %jmp/1 T_4.7, 6;
    %dup/vec4;
    %pushi/vec4 8, 0, 32;
    %cmp/u;
    %jmp/1 T_4.8, 6;
    %dup/vec4;
    %pushi/vec4 9, 0, 32;
    %cmp/u;
    %jmp/1 T_4.9, 6;
    %dup/vec4;
    %pushi/vec4 10, 0, 32;
    %cmp/u;
    %jmp/1 T_4.10, 6;
    %dup/vec4;
    %pushi/vec4 11, 0, 32;
    %cmp/u;
    %jmp/1 T_4.11, 6;
    %dup/vec4;
    %pushi/vec4 12, 0, 32;
    %cmp/u;
    %jmp/1 T_4.12, 6;
    %dup/vec4;
    %pushi/vec4 13, 0, 32;
    %cmp/u;
    %jmp/1 T_4.13, 6;
    %dup/vec4;
    %pushi/vec4 14, 0, 32;
    %cmp/u;
    %jmp/1 T_4.14, 6;
    %dup/vec4;
    %pushi/vec4 15, 0, 32;
    %cmp/u;
    %jmp/1 T_4.15, 6;
    %dup/vec4;
    %pushi/vec4 16, 0, 32;
    %cmp/u;
    %jmp/1 T_4.16, 6;
    %dup/vec4;
    %pushi/vec4 17, 0, 32;
    %cmp/u;
    %jmp/1 T_4.17, 6;
    %dup/vec4;
    %pushi/vec4 18, 0, 32;
    %cmp/u;
    %jmp/1 T_4.18, 6;
    %dup/vec4;
    %pushi/vec4 19, 0, 32;
    %cmp/u;
    %jmp/1 T_4.19, 6;
    %dup/vec4;
    %pushi/vec4 20, 0, 32;
    %cmp/u;
    %jmp/1 T_4.20, 6;
    %dup/vec4;
    %pushi/vec4 21, 0, 32;
    %cmp/u;
    %jmp/1 T_4.21, 6;
    %dup/vec4;
    %pushi/vec4 22, 0, 32;
    %cmp/u;
    %jmp/1 T_4.22, 6;
    %dup/vec4;
    %pushi/vec4 23, 0, 32;
    %cmp/u;
    %jmp/1 T_4.23, 6;
    %dup/vec4;
    %pushi/vec4 24, 0, 32;
    %cmp/u;
    %jmp/1 T_4.24, 6;
    %dup/vec4;
    %pushi/vec4 25, 0, 32;
    %cmp/u;
    %jmp/1 T_4.25, 6;
    %dup/vec4;
    %pushi/vec4 26, 0, 32;
    %cmp/u;
    %jmp/1 T_4.26, 6;
    %dup/vec4;
    %pushi/vec4 27, 0, 32;
    %cmp/u;
    %jmp/1 T_4.27, 6;
    %dup/vec4;
    %pushi/vec4 28, 0, 32;
    %cmp/u;
    %jmp/1 T_4.28, 6;
    %dup/vec4;
    %pushi/vec4 29, 0, 32;
    %cmp/u;
    %jmp/1 T_4.29, 6;
    %dup/vec4;
    %pushi/vec4 30, 0, 32;
    %cmp/u;
    %jmp/1 T_4.30, 6;
    %dup/vec4;
    %pushi/vec4 31, 0, 32;
    %cmp/u;
    %jmp/1 T_4.31, 6;
    %dup/vec4;
    %pushi/vec4 32, 0, 32;
    %cmp/u;
    %jmp/1 T_4.32, 6;
    %dup/vec4;
    %pushi/vec4 33, 0, 32;
    %cmp/u;
    %jmp/1 T_4.33, 6;
    %dup/vec4;
    %pushi/vec4 34, 0, 32;
    %cmp/u;
    %jmp/1 T_4.34, 6;
    %dup/vec4;
    %pushi/vec4 35, 0, 32;
    %cmp/u;
    %jmp/1 T_4.35, 6;
    %dup/vec4;
    %pushi/vec4 36, 0, 32;
    %cmp/u;
    %jmp/1 T_4.36, 6;
    %dup/vec4;
    %pushi/vec4 37, 0, 32;
    %cmp/u;
    %jmp/1 T_4.37, 6;
    %dup/vec4;
    %pushi/vec4 38, 0, 32;
    %cmp/u;
    %jmp/1 T_4.38, 6;
    %jmp T_4.39;
T_4.0 ;
    %vpi_call 7 18 "$readmemh", "mytests/add-res.txt", v0x600000234b40 {0 0 0};
    %jmp T_4.39;
T_4.1 ;
    %vpi_call 7 19 "$readmemh", "mytests/addi-res.txt", v0x600000234b40 {0 0 0};
    %jmp T_4.39;
T_4.2 ;
    %vpi_call 7 20 "$readmemh", "mytests/and-res.txt", v0x600000234b40 {0 0 0};
    %jmp T_4.39;
T_4.3 ;
    %vpi_call 7 21 "$readmemh", "mytests/andi-res.txt", v0x600000234b40 {0 0 0};
    %jmp T_4.39;
T_4.4 ;
    %vpi_call 7 22 "$readmemh", "mytests/auipc-res.txt", v0x600000234b40 {0 0 0};
    %jmp T_4.39;
T_4.5 ;
    %vpi_call 7 23 "$readmemh", "mytests/beq-res.txt", v0x600000234b40 {0 0 0};
    %jmp T_4.39;
T_4.6 ;
    %vpi_call 7 24 "$readmemh", "mytests/bge-res.txt", v0x600000234b40 {0 0 0};
    %jmp T_4.39;
T_4.7 ;
    %vpi_call 7 25 "$readmemh", "mytests/bgeu-res.txt", v0x600000234b40 {0 0 0};
    %jmp T_4.39;
T_4.8 ;
    %vpi_call 7 26 "$readmemh", "mytests/blt-res.txt", v0x600000234b40 {0 0 0};
    %jmp T_4.39;
T_4.9 ;
    %vpi_call 7 27 "$readmemh", "mytests/bltu-res.txt", v0x600000234b40 {0 0 0};
    %jmp T_4.39;
T_4.10 ;
    %vpi_call 7 28 "$readmemh", "mytests/bne-res.txt", v0x600000234b40 {0 0 0};
    %jmp T_4.39;
T_4.11 ;
    %vpi_call 7 29 "$readmemh", "mytests/fence_i-res.txt", v0x600000234b40 {0 0 0};
    %jmp T_4.39;
T_4.12 ;
    %vpi_call 7 30 "$readmemh", "mytests/jal-res.txt", v0x600000234b40 {0 0 0};
    %jmp T_4.39;
T_4.13 ;
    %vpi_call 7 31 "$readmemh", "mytests/jalr-res.txt", v0x600000234b40 {0 0 0};
    %jmp T_4.39;
T_4.14 ;
    %vpi_call 7 32 "$readmemh", "mytests/lb-res.txt", v0x600000234b40 {0 0 0};
    %jmp T_4.39;
T_4.15 ;
    %vpi_call 7 33 "$readmemh", "mytests/lbu-res.txt", v0x600000234b40 {0 0 0};
    %jmp T_4.39;
T_4.16 ;
    %vpi_call 7 34 "$readmemh", "mytests/lh-res.txt", v0x600000234b40 {0 0 0};
    %jmp T_4.39;
T_4.17 ;
    %vpi_call 7 35 "$readmemh", "mytests/lhu-res.txt", v0x600000234b40 {0 0 0};
    %jmp T_4.39;
T_4.18 ;
    %vpi_call 7 36 "$readmemh", "mytests/lui-res.txt", v0x600000234b40 {0 0 0};
    %jmp T_4.39;
T_4.19 ;
    %vpi_call 7 37 "$readmemh", "mytests/lw-res.txt", v0x600000234b40 {0 0 0};
    %jmp T_4.39;
T_4.20 ;
    %vpi_call 7 38 "$readmemh", "mytests/or-res.txt", v0x600000234b40 {0 0 0};
    %jmp T_4.39;
T_4.21 ;
    %vpi_call 7 39 "$readmemh", "mytests/ori-res.txt", v0x600000234b40 {0 0 0};
    %jmp T_4.39;
T_4.22 ;
    %vpi_call 7 40 "$readmemh", "mytests/sb-res.txt", v0x600000234b40 {0 0 0};
    %jmp T_4.39;
T_4.23 ;
    %vpi_call 7 41 "$readmemh", "mytests/sh-res.txt", v0x600000234b40 {0 0 0};
    %jmp T_4.39;
T_4.24 ;
    %vpi_call 7 42 "$readmemh", "mytests/simple-res.txt", v0x600000234b40 {0 0 0};
    %jmp T_4.39;
T_4.25 ;
    %vpi_call 7 43 "$readmemh", "mytests/sll-res.txt", v0x600000234b40 {0 0 0};
    %jmp T_4.39;
T_4.26 ;
    %vpi_call 7 44 "$readmemh", "mytests/slli-res.txt", v0x600000234b40 {0 0 0};
    %jmp T_4.39;
T_4.27 ;
    %vpi_call 7 45 "$readmemh", "mytests/slt-res.txt", v0x600000234b40 {0 0 0};
    %jmp T_4.39;
T_4.28 ;
    %vpi_call 7 46 "$readmemh", "mytests/slti-res.txt", v0x600000234b40 {0 0 0};
    %jmp T_4.39;
T_4.29 ;
    %vpi_call 7 47 "$readmemh", "mytests/sltiu-res.txt", v0x600000234b40 {0 0 0};
    %jmp T_4.39;
T_4.30 ;
    %vpi_call 7 48 "$readmemh", "mytests/sltu-res.txt", v0x600000234b40 {0 0 0};
    %jmp T_4.39;
T_4.31 ;
    %vpi_call 7 49 "$readmemh", "mytests/sra-res.txt", v0x600000234b40 {0 0 0};
    %jmp T_4.39;
T_4.32 ;
    %vpi_call 7 50 "$readmemh", "mytests/srai-res.txt", v0x600000234b40 {0 0 0};
    %jmp T_4.39;
T_4.33 ;
    %vpi_call 7 51 "$readmemh", "mytests/srl-res.txt", v0x600000234b40 {0 0 0};
    %jmp T_4.39;
T_4.34 ;
    %vpi_call 7 52 "$readmemh", "mytests/srli-res.txt", v0x600000234b40 {0 0 0};
    %jmp T_4.39;
T_4.35 ;
    %vpi_call 7 53 "$readmemh", "mytests/sub-res.txt", v0x600000234b40 {0 0 0};
    %jmp T_4.39;
T_4.36 ;
    %vpi_call 7 54 "$readmemh", "mytests/sw-res.txt", v0x600000234b40 {0 0 0};
    %jmp T_4.39;
T_4.37 ;
    %vpi_call 7 55 "$readmemh", "mytests/xor-res.txt", v0x600000234b40 {0 0 0};
    %jmp T_4.39;
T_4.38 ;
    %vpi_call 7 56 "$readmemh", "mytests/xori-res.txt", v0x600000234b40 {0 0 0};
    %jmp T_4.39;
T_4.39 ;
    %pop/vec4 1;
    %vpi_call 7 58 "$display", "**** TEST:%2d ****", 32'sb00000000000000000000000000100110 {0 0 0};
    %pushi/vec4 0, 0, 32;
    %store/vec4 v0x600000234ab0_0, 0, 32;
T_4.40 ;
    %load/vec4 v0x600000234ab0_0;
    %cmpi/s 511, 0, 32;
    %jmp/0xz T_4.41, 5;
    %load/vec4 v0x600000234ab0_0;
    %addi 1, 0, 32;
    %store/vec4 v0x600000234ab0_0, 0, 32;
    %load/vec4 v0x600000234ab0_0;
    %addi 3, 0, 32;
    %store/vec4 v0x600000234ab0_0, 0, 32;
    %jmp T_4.40;
T_4.41 ;
    %end;
    .thread T_4;
    .scope S_0x14961cbf0;
T_5 ;
    %wait E_0x600003e2d680;
    %load/vec4 v0x600000237960_0;
    %dup/vec4;
    %pushi/vec4 0, 0, 1;
    %cmp/u;
    %jmp/1 T_5.0, 6;
    %dup/vec4;
    %pushi/vec4 1, 0, 1;
    %cmp/u;
    %jmp/1 T_5.1, 6;
    %jmp T_5.2;
T_5.0 ;
    %load/vec4 v0x6000002377b0_0;
    %store/vec4 v0x6000002378d0_0, 0, 32;
    %jmp T_5.2;
T_5.1 ;
    %load/vec4 v0x600000237840_0;
    %store/vec4 v0x6000002378d0_0, 0, 32;
    %jmp T_5.2;
T_5.2 ;
    %pop/vec4 1;
    %jmp T_5;
    .thread T_5, $push;
    .scope S_0x149608d10;
T_6 ;
    %wait E_0x600003e2d8c0;
    %load/vec4 v0x600000233690_0;
    %assign/vec4 v0x6000002332a0_0, 0;
    %load/vec4 v0x600000233720_0;
    %assign/vec4 v0x600000233330_0, 0;
    %load/vec4 v0x6000002337b0_0;
    %assign/vec4 v0x6000002333c0_0, 0;
    %load/vec4 v0x600000233840_0;
    %assign/vec4 v0x600000233450_0, 0;
    %load/vec4 v0x6000002338d0_0;
    %assign/vec4 v0x6000002334e0_0, 0;
    %load/vec4 v0x600000233960_0;
    %assign/vec4 v0x600000233570_0, 0;
    %jmp T_6;
    .thread T_6;
    .scope S_0x149607ce0;
T_7 ;
    %wait E_0x600003e2d830;
    %load/vec4 v0x600000234e10_0;
    %parti/s 7, 0, 2;
    %store/vec4 v0x600000235050_0, 0, 7;
    %load/vec4 v0x600000235050_0;
    %pushi/vec4 23, 0, 7;
    %cmp/ne;
    %flag_get/vec4 4;
    %load/vec4 v0x600000235050_0;
    %pushi/vec4 55, 0, 7;
    %cmp/ne;
    %flag_get/vec4 4;
    %and;
    %load/vec4 v0x600000235050_0;
    %pushi/vec4 111, 0, 7;
    %cmp/ne;
    %flag_get/vec4 4;
    %and;
    %flag_set/vec4 8;
    %jmp/0 T_7.0, 8;
    %load/vec4 v0x600000234e10_0;
    %parti/s 3, 12, 5;
    %pad/u 32;
    %jmp/1 T_7.1, 8;
T_7.0 ; End of true expr.
    %pushi/vec4 0, 4294967295, 32;
    %jmp/0 T_7.1, 8;
 ; End of false expr.
    %blend;
T_7.1;
    %pad/u 3;
    %store/vec4 v0x600000234c60_0, 0, 3;
    %load/vec4 v0x600000234e10_0;
    %parti/s 7, 25, 6;
    %store/vec4 v0x600000234cf0_0, 0, 7;
    %load/vec4 v0x600000235050_0;
    %pushi/vec4 23, 0, 7;
    %cmp/ne;
    %flag_get/vec4 4;
    %load/vec4 v0x600000235050_0;
    %pushi/vec4 55, 0, 7;
    %cmp/ne;
    %flag_get/vec4 4;
    %and;
    %load/vec4 v0x600000235050_0;
    %pushi/vec4 111, 0, 7;
    %cmp/ne;
    %flag_get/vec4 4;
    %and;
    %flag_set/vec4 8;
    %jmp/0 T_7.2, 8;
    %load/vec4 v0x600000234e10_0;
    %parti/s 5, 15, 5;
    %pad/u 32;
    %jmp/1 T_7.3, 8;
T_7.2 ; End of true expr.
    %pushi/vec4 0, 4294967295, 32;
    %jmp/0 T_7.3, 8;
 ; End of false expr.
    %blend;
T_7.3;
    %pad/u 5;
    %store/vec4 v0x600000235200_0, 0, 5;
    %load/vec4 v0x600000235050_0;
    %pushi/vec4 99, 0, 7;
    %cmp/e;
    %flag_get/vec4 4;
    %load/vec4 v0x600000235050_0;
    %pushi/vec4 35, 0, 7;
    %cmp/e;
    %flag_get/vec4 4;
    %or;
    %load/vec4 v0x600000235050_0;
    %pushi/vec4 51, 0, 7;
    %cmp/e;
    %flag_get/vec4 4;
    %or;
    %flag_set/vec4 8;
    %jmp/0 T_7.4, 8;
    %load/vec4 v0x600000234e10_0;
    %parti/s 5, 20, 6;
    %pad/u 32;
    %jmp/1 T_7.5, 8;
T_7.4 ; End of true expr.
    %pushi/vec4 0, 4294967295, 32;
    %jmp/0 T_7.5, 8;
 ; End of false expr.
    %blend;
T_7.5;
    %pad/u 5;
    %store/vec4 v0x600000235290_0, 0, 5;
    %load/vec4 v0x600000235050_0;
    %dup/vec4;
    %pushi/vec4 23, 0, 7;
    %cmp/u;
    %jmp/1 T_7.6, 6;
    %dup/vec4;
    %pushi/vec4 55, 0, 7;
    %cmp/u;
    %jmp/1 T_7.7, 6;
    %dup/vec4;
    %pushi/vec4 111, 0, 7;
    %cmp/u;
    %jmp/1 T_7.8, 6;
    %dup/vec4;
    %pushi/vec4 103, 0, 7;
    %cmp/u;
    %jmp/1 T_7.9, 6;
    %dup/vec4;
    %pushi/vec4 3, 0, 7;
    %cmp/u;
    %jmp/1 T_7.10, 6;
    %dup/vec4;
    %pushi/vec4 19, 0, 7;
    %cmp/u;
    %jmp/1 T_7.11, 6;
    %dup/vec4;
    %pushi/vec4 99, 0, 7;
    %cmp/u;
    %jmp/1 T_7.12, 6;
    %dup/vec4;
    %pushi/vec4 35, 0, 7;
    %cmp/u;
    %jmp/1 T_7.13, 6;
    %dup/vec4;
    %pushi/vec4 51, 0, 7;
    %cmp/u;
    %jmp/1 T_7.14, 6;
    %jmp T_7.15;
T_7.6 ;
    %load/vec4 v0x600000234e10_0;
    %parti/s 20, 12, 5;
    %pad/u 32;
    %store/vec4 v0x600000234d80_0, 0, 32;
    %jmp T_7.15;
T_7.7 ;
    %load/vec4 v0x600000234e10_0;
    %parti/s 20, 12, 5;
    %pad/u 32;
    %store/vec4 v0x600000234d80_0, 0, 32;
    %jmp T_7.15;
T_7.8 ;
    %load/vec4 v0x600000234e10_0;
    %parti/s 1, 31, 6;
    %load/vec4 v0x600000234e10_0;
    %parti/s 8, 12, 5;
    %concat/vec4; draw_concat_vec4
    %load/vec4 v0x600000234e10_0;
    %parti/s 1, 20, 6;
    %concat/vec4; draw_concat_vec4
    %load/vec4 v0x600000234e10_0;
    %parti/s 10, 21, 6;
    %concat/vec4; draw_concat_vec4
    %concati/vec4 0, 0, 1;
    %pad/u 32;
    %store/vec4 v0x600000234d80_0, 0, 32;
    %jmp T_7.15;
T_7.9 ;
    %load/vec4 v0x600000234e10_0;
    %parti/s 12, 20, 6;
    %pad/u 32;
    %store/vec4 v0x600000234d80_0, 0, 32;
    %jmp T_7.15;
T_7.10 ;
    %load/vec4 v0x600000234e10_0;
    %parti/s 12, 20, 6;
    %pad/u 32;
    %store/vec4 v0x600000234d80_0, 0, 32;
    %jmp T_7.15;
T_7.11 ;
    %load/vec4 v0x600000234c60_0;
    %pushi/vec4 1, 0, 3;
    %cmp/e;
    %flag_get/vec4 4;
    %load/vec4 v0x600000234c60_0;
    %pushi/vec4 5, 0, 3;
    %cmp/e;
    %flag_get/vec4 4;
    %or;
    %flag_set/vec4 8;
    %jmp/0xz  T_7.16, 8;
    %load/vec4 v0x600000234e10_0;
    %parti/s 5, 20, 6;
    %pad/u 32;
    %store/vec4 v0x600000234d80_0, 0, 32;
    %jmp T_7.17;
T_7.16 ;
    %load/vec4 v0x600000234e10_0;
    %parti/s 12, 20, 6;
    %pad/u 32;
    %store/vec4 v0x600000234d80_0, 0, 32;
T_7.17 ;
    %jmp T_7.15;
T_7.12 ;
    %load/vec4 v0x600000234e10_0;
    %parti/s 1, 31, 6;
    %load/vec4 v0x600000234e10_0;
    %parti/s 1, 7, 4;
    %concat/vec4; draw_concat_vec4
    %load/vec4 v0x600000234e10_0;
    %parti/s 6, 25, 6;
    %concat/vec4; draw_concat_vec4
    %load/vec4 v0x600000234e10_0;
    %parti/s 4, 8, 5;
    %concat/vec4; draw_concat_vec4
    %concati/vec4 0, 0, 1;
    %pad/u 32;
    %store/vec4 v0x600000234d80_0, 0, 32;
    %jmp T_7.15;
T_7.13 ;
    %load/vec4 v0x600000234e10_0;
    %parti/s 7, 25, 6;
    %load/vec4 v0x600000234e10_0;
    %parti/s 5, 7, 4;
    %concat/vec4; draw_concat_vec4
    %pad/u 32;
    %store/vec4 v0x600000234d80_0, 0, 32;
    %jmp T_7.15;
T_7.14 ;
    %pushi/vec4 0, 4294967295, 32;
    %store/vec4 v0x600000234d80_0, 0, 32;
    %jmp T_7.15;
T_7.15 ;
    %pop/vec4 1;
    %load/vec4 v0x600000235050_0;
    %cmpi/e 35, 0, 7;
    %flag_mov 8, 4;
    %jmp/0 T_7.18, 8;
    %pushi/vec4 1, 0, 1;
    %jmp/1 T_7.19, 8;
T_7.18 ; End of true expr.
    %pushi/vec4 0, 0, 1;
    %jmp/0 T_7.19, 8;
 ; End of false expr.
    %blend;
T_7.19;
    %store/vec4 v0x600000234fc0_0, 0, 1;
    %load/vec4 v0x600000235050_0;
    %pushi/vec4 3, 0, 7;
    %cmp/e;
    %flag_get/vec4 4;
    %load/vec4 v0x600000235050_0;
    %pushi/vec4 35, 0, 7;
    %cmp/e;
    %flag_get/vec4 4;
    %or;
    %flag_set/vec4 8;
    %jmp/0xz  T_7.20, 8;
    %load/vec4 v0x600000234c60_0;
    %dup/vec4;
    %pushi/vec4 0, 0, 3;
    %cmp/u;
    %jmp/1 T_7.22, 6;
    %dup/vec4;
    %pushi/vec4 4, 0, 3;
    %cmp/u;
    %jmp/1 T_7.23, 6;
    %dup/vec4;
    %pushi/vec4 1, 0, 3;
    %cmp/u;
    %jmp/1 T_7.24, 6;
    %dup/vec4;
    %pushi/vec4 5, 0, 3;
    %cmp/u;
    %jmp/1 T_7.25, 6;
    %dup/vec4;
    %pushi/vec4 2, 0, 3;
    %cmp/u;
    %jmp/1 T_7.26, 6;
    %jmp T_7.27;
T_7.22 ;
    %pushi/vec4 0, 0, 2;
    %store/vec4 v0x600000234ea0_0, 0, 2;
    %jmp T_7.27;
T_7.23 ;
    %pushi/vec4 0, 0, 2;
    %store/vec4 v0x600000234ea0_0, 0, 2;
    %jmp T_7.27;
T_7.24 ;
    %pushi/vec4 1, 0, 2;
    %store/vec4 v0x600000234ea0_0, 0, 2;
    %jmp T_7.27;
T_7.25 ;
    %pushi/vec4 1, 0, 2;
    %store/vec4 v0x600000234ea0_0, 0, 2;
    %jmp T_7.27;
T_7.26 ;
    %pushi/vec4 1, 0, 2;
    %store/vec4 v0x600000234ea0_0, 0, 2;
    %jmp T_7.27;
T_7.27 ;
    %pop/vec4 1;
    %jmp T_7.21;
T_7.20 ;
    %pushi/vec4 0, 3, 2;
    %store/vec4 v0x600000234ea0_0, 0, 2;
T_7.21 ;
    %load/vec4 v0x600000235050_0;
    %pushi/vec4 111, 0, 7;
    %cmp/e;
    %flag_get/vec4 4;
    %load/vec4 v0x600000235050_0;
    %pushi/vec4 103, 0, 7;
    %cmp/e;
    %flag_get/vec4 4;
    %or;
    %flag_set/vec4 8;
    %jmp/0xz  T_7.28, 8;
    %pushi/vec4 0, 0, 2;
    %store/vec4 v0x600000234f30_0, 0, 2;
    %jmp T_7.29;
T_7.28 ;
    %load/vec4 v0x600000235050_0;
    %cmpi/e 3, 0, 7;
    %jmp/0xz  T_7.30, 4;
    %pushi/vec4 1, 0, 2;
    %store/vec4 v0x600000234f30_0, 0, 2;
    %jmp T_7.31;
T_7.30 ;
    %pushi/vec4 2, 0, 2;
    %store/vec4 v0x600000234f30_0, 0, 2;
T_7.31 ;
T_7.29 ;
    %load/vec4 v0x600000235050_0;
    %pushi/vec4 99, 0, 7;
    %cmp/ne;
    %flag_get/vec4 4;
    %load/vec4 v0x600000235050_0;
    %pushi/vec4 35, 0, 7;
    %cmp/ne;
    %flag_get/vec4 4;
    %and;
    %flag_set/vec4 8;
    %jmp/0 T_7.32, 8;
    %pushi/vec4 1, 0, 1;
    %jmp/1 T_7.33, 8;
T_7.32 ; End of true expr.
    %pushi/vec4 0, 0, 1;
    %jmp/0 T_7.33, 8;
 ; End of false expr.
    %blend;
T_7.33;
    %store/vec4 v0x600000235170_0, 0, 1;
    %load/vec4 v0x600000235050_0;
    %pushi/vec4 99, 0, 7;
    %cmp/ne;
    %flag_get/vec4 4;
    %load/vec4 v0x600000235050_0;
    %pushi/vec4 35, 0, 7;
    %cmp/ne;
    %flag_get/vec4 4;
    %and;
    %flag_set/vec4 8;
    %jmp/0 T_7.34, 8;
    %load/vec4 v0x600000234e10_0;
    %parti/s 5, 7, 4;
    %pad/u 32;
    %jmp/1 T_7.35, 8;
T_7.34 ; End of true expr.
    %pushi/vec4 0, 4294967295, 32;
    %jmp/0 T_7.35, 8;
 ; End of false expr.
    %blend;
T_7.35;
    %pad/u 5;
    %store/vec4 v0x6000002350e0_0, 0, 5;
    %jmp T_7;
    .thread T_7, $push;
    .scope S_0x1496267c0;
T_8 ;
    %wait E_0x600003e2d8c0;
    %load/vec4 v0x6000002394d0_0;
    %load/vec4 v0x600000238120_0;
    %pad/u 32;
    %pushi/vec4 0, 0, 32;
    %cmp/ne;
    %flag_get/vec4 4;
    %and;
    %flag_set/vec4 8;
    %jmp/0xz  T_8.0, 8;
    %load/vec4 v0x6000002381b0_0;
    %load/vec4 v0x600000238120_0;
    %pad/u 7;
    %ix/vec4 3;
    %ix/load 4, 0, 0; Constant delay
    %assign/vec4/a/d v0x600000239440, 0, 4;
T_8.0 ;
    %jmp T_8;
    .thread T_8;
    .scope S_0x1496267c0;
T_9 ;
    %pushi/vec4 0, 0, 32;
    %ix/load 3, 0, 0;
    %flag_set/imm 4, 0;
    %ix/load 4, 0, 0; Constant delay
    %assign/vec4/a/d v0x600000239440, 0, 4;
    %end;
    .thread T_9;
    .scope S_0x1496267c0;
T_10 ;
    %wait E_0x600003e2d620;
    %ix/load 4, 0, 0;
    %flag_set/imm 4, 0;
    %load/vec4a v0x600000239440, 4;
    %store/vec4 v0x600000238240_0, 0, 32;
    %ix/load 4, 1, 0;
    %flag_set/imm 4, 0;
    %load/vec4a v0x600000239440, 4;
    %store/vec4 v0x6000002382d0_0, 0, 32;
    %ix/load 4, 2, 0;
    %flag_set/imm 4, 0;
    %load/vec4a v0x600000239440, 4;
    %store/vec4 v0x600000238900_0, 0, 32;
    %ix/load 4, 3, 0;
    %flag_set/imm 4, 0;
    %load/vec4a v0x600000239440, 4;
    %store/vec4 v0x600000238f30_0, 0, 32;
    %ix/load 4, 4, 0;
    %flag_set/imm 4, 0;
    %load/vec4a v0x600000239440, 4;
    %store/vec4 v0x6000002390e0_0, 0, 32;
    %ix/load 4, 5, 0;
    %flag_set/imm 4, 0;
    %load/vec4a v0x600000239440, 4;
    %store/vec4 v0x600000239170_0, 0, 32;
    %ix/load 4, 6, 0;
    %flag_set/imm 4, 0;
    %load/vec4a v0x600000239440, 4;
    %store/vec4 v0x600000239200_0, 0, 32;
    %ix/load 4, 7, 0;
    %flag_set/imm 4, 0;
    %load/vec4a v0x600000239440, 4;
    %store/vec4 v0x600000239290_0, 0, 32;
    %ix/load 4, 8, 0;
    %flag_set/imm 4, 0;
    %load/vec4a v0x600000239440, 4;
    %store/vec4 v0x600000239320_0, 0, 32;
    %ix/load 4, 9, 0;
    %flag_set/imm 4, 0;
    %load/vec4a v0x600000239440, 4;
    %store/vec4 v0x6000002393b0_0, 0, 32;
    %ix/load 4, 10, 0;
    %flag_set/imm 4, 0;
    %load/vec4a v0x600000239440, 4;
    %store/vec4 v0x600000238360_0, 0, 32;
    %ix/load 4, 11, 0;
    %flag_set/imm 4, 0;
    %load/vec4a v0x600000239440, 4;
    %store/vec4 v0x6000002383f0_0, 0, 32;
    %ix/load 4, 12, 0;
    %flag_set/imm 4, 0;
    %load/vec4a v0x600000239440, 4;
    %store/vec4 v0x600000238480_0, 0, 32;
    %ix/load 4, 13, 0;
    %flag_set/imm 4, 0;
    %load/vec4a v0x600000239440, 4;
    %store/vec4 v0x600000238510_0, 0, 32;
    %ix/load 4, 14, 0;
    %flag_set/imm 4, 0;
    %load/vec4a v0x600000239440, 4;
    %store/vec4 v0x6000002385a0_0, 0, 32;
    %ix/load 4, 15, 0;
    %flag_set/imm 4, 0;
    %load/vec4a v0x600000239440, 4;
    %store/vec4 v0x600000238630_0, 0, 32;
    %ix/load 4, 16, 0;
    %flag_set/imm 4, 0;
    %load/vec4a v0x600000239440, 4;
    %store/vec4 v0x6000002386c0_0, 0, 32;
    %ix/load 4, 17, 0;
    %flag_set/imm 4, 0;
    %load/vec4a v0x600000239440, 4;
    %store/vec4 v0x600000238750_0, 0, 32;
    %ix/load 4, 18, 0;
    %flag_set/imm 4, 0;
    %load/vec4a v0x600000239440, 4;
    %store/vec4 v0x6000002387e0_0, 0, 32;
    %ix/load 4, 19, 0;
    %flag_set/imm 4, 0;
    %load/vec4a v0x600000239440, 4;
    %store/vec4 v0x600000238870_0, 0, 32;
    %ix/load 4, 20, 0;
    %flag_set/imm 4, 0;
    %load/vec4a v0x600000239440, 4;
    %store/vec4 v0x600000238990_0, 0, 32;
    %ix/load 4, 21, 0;
    %flag_set/imm 4, 0;
    %load/vec4a v0x600000239440, 4;
    %store/vec4 v0x600000238a20_0, 0, 32;
    %ix/load 4, 22, 0;
    %flag_set/imm 4, 0;
    %load/vec4a v0x600000239440, 4;
    %store/vec4 v0x600000238ab0_0, 0, 32;
    %ix/load 4, 23, 0;
    %flag_set/imm 4, 0;
    %load/vec4a v0x600000239440, 4;
    %store/vec4 v0x600000238b40_0, 0, 32;
    %ix/load 4, 24, 0;
    %flag_set/imm 4, 0;
    %load/vec4a v0x600000239440, 4;
    %store/vec4 v0x600000238bd0_0, 0, 32;
    %ix/load 4, 25, 0;
    %flag_set/imm 4, 0;
    %load/vec4a v0x600000239440, 4;
    %store/vec4 v0x600000238c60_0, 0, 32;
    %ix/load 4, 26, 0;
    %flag_set/imm 4, 0;
    %load/vec4a v0x600000239440, 4;
    %store/vec4 v0x600000238cf0_0, 0, 32;
    %ix/load 4, 27, 0;
    %flag_set/imm 4, 0;
    %load/vec4a v0x600000239440, 4;
    %store/vec4 v0x600000238d80_0, 0, 32;
    %ix/load 4, 28, 0;
    %flag_set/imm 4, 0;
    %load/vec4a v0x600000239440, 4;
    %store/vec4 v0x600000238e10_0, 0, 32;
    %ix/load 4, 29, 0;
    %flag_set/imm 4, 0;
    %load/vec4a v0x600000239440, 4;
    %store/vec4 v0x600000238ea0_0, 0, 32;
    %ix/load 4, 30, 0;
    %flag_set/imm 4, 0;
    %load/vec4a v0x600000239440, 4;
    %store/vec4 v0x600000238fc0_0, 0, 32;
    %ix/load 4, 31, 0;
    %flag_set/imm 4, 0;
    %load/vec4a v0x600000239440, 4;
    %store/vec4 v0x600000239050_0, 0, 32;
    %jmp T_10;
    .thread T_10, $push;
    .scope S_0x149608830;
T_11 ;
    %wait E_0x600003e2d8c0;
    %load/vec4 v0x6000002341b0_0;
    %assign/vec4 v0x600000233d50_0, 0;
    %load/vec4 v0x600000234240_0;
    %assign/vec4 v0x600000233de0_0, 0;
    %load/vec4 v0x6000002342d0_0;
    %assign/vec4 v0x600000233e70_0, 0;
    %load/vec4 v0x600000234360_0;
    %assign/vec4 v0x600000233f00_0, 0;
    %load/vec4 v0x6000002343f0_0;
    %assign/vec4 v0x600000234000_0, 0;
    %load/vec4 v0x600000234480_0;
    %assign/vec4 v0x600000234090_0, 0;
    %jmp T_11;
    .thread T_11;
    .scope S_0x1496074b0;
T_12 ;
    %wait E_0x600003e2d770;
    %load/vec4 v0x6000002354d0_0;
    %parti/s 7, 0, 2;
    %store/vec4 v0x600000235710_0, 0, 7;
    %load/vec4 v0x600000235710_0;
    %pushi/vec4 23, 0, 7;
    %cmp/ne;
    %flag_get/vec4 4;
    %load/vec4 v0x600000235710_0;
    %pushi/vec4 55, 0, 7;
    %cmp/ne;
    %flag_get/vec4 4;
    %and;
    %load/vec4 v0x600000235710_0;
    %pushi/vec4 111, 0, 7;
    %cmp/ne;
    %flag_get/vec4 4;
    %and;
    %flag_set/vec4 8;
    %jmp/0 T_12.0, 8;
    %load/vec4 v0x6000002354d0_0;
    %parti/s 3, 12, 5;
    %pad/u 32;
    %jmp/1 T_12.1, 8;
T_12.0 ; End of true expr.
    %pushi/vec4 0, 4294967295, 32;
    %jmp/0 T_12.1, 8;
 ; End of false expr.
    %blend;
T_12.1;
    %pad/u 3;
    %store/vec4 v0x600000235320_0, 0, 3;
    %load/vec4 v0x6000002354d0_0;
    %parti/s 7, 25, 6;
    %store/vec4 v0x6000002353b0_0, 0, 7;
    %load/vec4 v0x600000235710_0;
    %pushi/vec4 23, 0, 7;
    %cmp/ne;
    %flag_get/vec4 4;
    %load/vec4 v0x600000235710_0;
    %pushi/vec4 55, 0, 7;
    %cmp/ne;
    %flag_get/vec4 4;
    %and;
    %load/vec4 v0x600000235710_0;
    %pushi/vec4 111, 0, 7;
    %cmp/ne;
    %flag_get/vec4 4;
    %and;
    %flag_set/vec4 8;
    %jmp/0 T_12.2, 8;
    %load/vec4 v0x6000002354d0_0;
    %parti/s 5, 15, 5;
    %pad/u 32;
    %jmp/1 T_12.3, 8;
T_12.2 ; End of true expr.
    %pushi/vec4 0, 4294967295, 32;
    %jmp/0 T_12.3, 8;
 ; End of false expr.
    %blend;
T_12.3;
    %pad/u 5;
    %store/vec4 v0x6000002358c0_0, 0, 5;
    %load/vec4 v0x600000235710_0;
    %pushi/vec4 99, 0, 7;
    %cmp/e;
    %flag_get/vec4 4;
    %load/vec4 v0x600000235710_0;
    %pushi/vec4 35, 0, 7;
    %cmp/e;
    %flag_get/vec4 4;
    %or;
    %load/vec4 v0x600000235710_0;
    %pushi/vec4 51, 0, 7;
    %cmp/e;
    %flag_get/vec4 4;
    %or;
    %flag_set/vec4 8;
    %jmp/0 T_12.4, 8;
    %load/vec4 v0x6000002354d0_0;
    %parti/s 5, 20, 6;
    %pad/u 32;
    %jmp/1 T_12.5, 8;
T_12.4 ; End of true expr.
    %pushi/vec4 0, 4294967295, 32;
    %jmp/0 T_12.5, 8;
 ; End of false expr.
    %blend;
T_12.5;
    %pad/u 5;
    %store/vec4 v0x600000235950_0, 0, 5;
    %load/vec4 v0x600000235710_0;
    %dup/vec4;
    %pushi/vec4 23, 0, 7;
    %cmp/u;
    %jmp/1 T_12.6, 6;
    %dup/vec4;
    %pushi/vec4 55, 0, 7;
    %cmp/u;
    %jmp/1 T_12.7, 6;
    %dup/vec4;
    %pushi/vec4 111, 0, 7;
    %cmp/u;
    %jmp/1 T_12.8, 6;
    %dup/vec4;
    %pushi/vec4 103, 0, 7;
    %cmp/u;
    %jmp/1 T_12.9, 6;
    %dup/vec4;
    %pushi/vec4 3, 0, 7;
    %cmp/u;
    %jmp/1 T_12.10, 6;
    %dup/vec4;
    %pushi/vec4 19, 0, 7;
    %cmp/u;
    %jmp/1 T_12.11, 6;
    %dup/vec4;
    %pushi/vec4 99, 0, 7;
    %cmp/u;
    %jmp/1 T_12.12, 6;
    %dup/vec4;
    %pushi/vec4 35, 0, 7;
    %cmp/u;
    %jmp/1 T_12.13, 6;
    %dup/vec4;
    %pushi/vec4 51, 0, 7;
    %cmp/u;
    %jmp/1 T_12.14, 6;
    %jmp T_12.15;
T_12.6 ;
    %load/vec4 v0x6000002354d0_0;
    %parti/s 20, 12, 5;
    %pad/u 32;
    %store/vec4 v0x600000235440_0, 0, 32;
    %jmp T_12.15;
T_12.7 ;
    %load/vec4 v0x6000002354d0_0;
    %parti/s 20, 12, 5;
    %pad/u 32;
    %store/vec4 v0x600000235440_0, 0, 32;
    %jmp T_12.15;
T_12.8 ;
    %load/vec4 v0x6000002354d0_0;
    %parti/s 1, 31, 6;
    %load/vec4 v0x6000002354d0_0;
    %parti/s 8, 12, 5;
    %concat/vec4; draw_concat_vec4
    %load/vec4 v0x6000002354d0_0;
    %parti/s 1, 20, 6;
    %concat/vec4; draw_concat_vec4
    %load/vec4 v0x6000002354d0_0;
    %parti/s 10, 21, 6;
    %concat/vec4; draw_concat_vec4
    %concati/vec4 0, 0, 1;
    %pad/u 32;
    %store/vec4 v0x600000235440_0, 0, 32;
    %jmp T_12.15;
T_12.9 ;
    %load/vec4 v0x6000002354d0_0;
    %parti/s 12, 20, 6;
    %pad/u 32;
    %store/vec4 v0x600000235440_0, 0, 32;
    %jmp T_12.15;
T_12.10 ;
    %load/vec4 v0x6000002354d0_0;
    %parti/s 12, 20, 6;
    %pad/u 32;
    %store/vec4 v0x600000235440_0, 0, 32;
    %jmp T_12.15;
T_12.11 ;
    %load/vec4 v0x600000235320_0;
    %pushi/vec4 1, 0, 3;
    %cmp/e;
    %flag_get/vec4 4;
    %load/vec4 v0x600000235320_0;
    %pushi/vec4 5, 0, 3;
    %cmp/e;
    %flag_get/vec4 4;
    %or;
    %flag_set/vec4 8;
    %jmp/0xz  T_12.16, 8;
    %load/vec4 v0x6000002354d0_0;
    %parti/s 5, 20, 6;
    %pad/u 32;
    %store/vec4 v0x600000235440_0, 0, 32;
    %jmp T_12.17;
T_12.16 ;
    %load/vec4 v0x6000002354d0_0;
    %parti/s 12, 20, 6;
    %pad/u 32;
    %store/vec4 v0x600000235440_0, 0, 32;
T_12.17 ;
    %jmp T_12.15;
T_12.12 ;
    %load/vec4 v0x6000002354d0_0;
    %parti/s 1, 31, 6;
    %load/vec4 v0x6000002354d0_0;
    %parti/s 1, 7, 4;
    %concat/vec4; draw_concat_vec4
    %load/vec4 v0x6000002354d0_0;
    %parti/s 6, 25, 6;
    %concat/vec4; draw_concat_vec4
    %load/vec4 v0x6000002354d0_0;
    %parti/s 4, 8, 5;
    %concat/vec4; draw_concat_vec4
    %concati/vec4 0, 0, 1;
    %pad/u 32;
    %store/vec4 v0x600000235440_0, 0, 32;
    %jmp T_12.15;
T_12.13 ;
    %load/vec4 v0x6000002354d0_0;
    %parti/s 7, 25, 6;
    %load/vec4 v0x6000002354d0_0;
    %parti/s 5, 7, 4;
    %concat/vec4; draw_concat_vec4
    %pad/u 32;
    %store/vec4 v0x600000235440_0, 0, 32;
    %jmp T_12.15;
T_12.14 ;
    %pushi/vec4 0, 4294967295, 32;
    %store/vec4 v0x600000235440_0, 0, 32;
    %jmp T_12.15;
T_12.15 ;
    %pop/vec4 1;
    %load/vec4 v0x600000235710_0;
    %cmpi/e 35, 0, 7;
    %flag_mov 8, 4;
    %jmp/0 T_12.18, 8;
    %pushi/vec4 1, 0, 1;
    %jmp/1 T_12.19, 8;
T_12.18 ; End of true expr.
    %pushi/vec4 0, 0, 1;
    %jmp/0 T_12.19, 8;
 ; End of false expr.
    %blend;
T_12.19;
    %store/vec4 v0x600000235680_0, 0, 1;
    %load/vec4 v0x600000235710_0;
    %pushi/vec4 3, 0, 7;
    %cmp/e;
    %flag_get/vec4 4;
    %load/vec4 v0x600000235710_0;
    %pushi/vec4 35, 0, 7;
    %cmp/e;
    %flag_get/vec4 4;
    %or;
    %flag_set/vec4 8;
    %jmp/0xz  T_12.20, 8;
    %load/vec4 v0x600000235320_0;
    %dup/vec4;
    %pushi/vec4 0, 0, 3;
    %cmp/u;
    %jmp/1 T_12.22, 6;
    %dup/vec4;
    %pushi/vec4 4, 0, 3;
    %cmp/u;
    %jmp/1 T_12.23, 6;
    %dup/vec4;
    %pushi/vec4 1, 0, 3;
    %cmp/u;
    %jmp/1 T_12.24, 6;
    %dup/vec4;
    %pushi/vec4 5, 0, 3;
    %cmp/u;
    %jmp/1 T_12.25, 6;
    %dup/vec4;
    %pushi/vec4 2, 0, 3;
    %cmp/u;
    %jmp/1 T_12.26, 6;
    %jmp T_12.27;
T_12.22 ;
    %pushi/vec4 0, 0, 2;
    %store/vec4 v0x600000235560_0, 0, 2;
    %jmp T_12.27;
T_12.23 ;
    %pushi/vec4 0, 0, 2;
    %store/vec4 v0x600000235560_0, 0, 2;
    %jmp T_12.27;
T_12.24 ;
    %pushi/vec4 1, 0, 2;
    %store/vec4 v0x600000235560_0, 0, 2;
    %jmp T_12.27;
T_12.25 ;
    %pushi/vec4 1, 0, 2;
    %store/vec4 v0x600000235560_0, 0, 2;
    %jmp T_12.27;
T_12.26 ;
    %pushi/vec4 1, 0, 2;
    %store/vec4 v0x600000235560_0, 0, 2;
    %jmp T_12.27;
T_12.27 ;
    %pop/vec4 1;
    %jmp T_12.21;
T_12.20 ;
    %pushi/vec4 0, 3, 2;
    %store/vec4 v0x600000235560_0, 0, 2;
T_12.21 ;
    %load/vec4 v0x600000235710_0;
    %pushi/vec4 111, 0, 7;
    %cmp/e;
    %flag_get/vec4 4;
    %load/vec4 v0x600000235710_0;
    %pushi/vec4 103, 0, 7;
    %cmp/e;
    %flag_get/vec4 4;
    %or;
    %flag_set/vec4 8;
    %jmp/0xz  T_12.28, 8;
    %pushi/vec4 0, 0, 2;
    %store/vec4 v0x6000002355f0_0, 0, 2;
    %jmp T_12.29;
T_12.28 ;
    %load/vec4 v0x600000235710_0;
    %cmpi/e 3, 0, 7;
    %jmp/0xz  T_12.30, 4;
    %pushi/vec4 1, 0, 2;
    %store/vec4 v0x6000002355f0_0, 0, 2;
    %jmp T_12.31;
T_12.30 ;
    %pushi/vec4 2, 0, 2;
    %store/vec4 v0x6000002355f0_0, 0, 2;
T_12.31 ;
T_12.29 ;
    %load/vec4 v0x600000235710_0;
    %pushi/vec4 99, 0, 7;
    %cmp/ne;
    %flag_get/vec4 4;
    %load/vec4 v0x600000235710_0;
    %pushi/vec4 35, 0, 7;
    %cmp/ne;
    %flag_get/vec4 4;
    %and;
    %flag_set/vec4 8;
    %jmp/0 T_12.32, 8;
    %pushi/vec4 1, 0, 1;
    %jmp/1 T_12.33, 8;
T_12.32 ; End of true expr.
    %pushi/vec4 0, 0, 1;
    %jmp/0 T_12.33, 8;
 ; End of false expr.
    %blend;
T_12.33;
    %store/vec4 v0x600000235830_0, 0, 1;
    %load/vec4 v0x600000235710_0;
    %pushi/vec4 99, 0, 7;
    %cmp/ne;
    %flag_get/vec4 4;
    %load/vec4 v0x600000235710_0;
    %pushi/vec4 35, 0, 7;
    %cmp/ne;
    %flag_get/vec4 4;
    %and;
    %flag_set/vec4 8;
    %jmp/0 T_12.34, 8;
    %load/vec4 v0x6000002354d0_0;
    %parti/s 5, 7, 4;
    %pad/u 32;
    %jmp/1 T_12.35, 8;
T_12.34 ; End of true expr.
    %pushi/vec4 0, 4294967295, 32;
    %jmp/0 T_12.35, 8;
 ; End of false expr.
    %blend;
T_12.35;
    %pad/u 5;
    %store/vec4 v0x6000002357a0_0, 0, 5;
    %jmp T_12;
    .thread T_12, $push;
    .scope S_0x1496091f0;
T_13 ;
    %wait E_0x600003e2cb10;
    %pushi/vec4 0, 0, 1;
    %store/vec4 v0x600000232760_0, 0, 1;
    %load/vec4 v0x600000232490_0;
    %dup/vec4;
    %pushi/vec4 51, 0, 7;
    %cmp/u;
    %jmp/1 T_13.0, 6;
    %dup/vec4;
    %pushi/vec4 19, 0, 7;
    %cmp/u;
    %jmp/1 T_13.1, 6;
    %dup/vec4;
    %pushi/vec4 111, 0, 7;
    %cmp/u;
    %jmp/1 T_13.2, 6;
    %dup/vec4;
    %pushi/vec4 103, 0, 7;
    %cmp/u;
    %jmp/1 T_13.3, 6;
    %dup/vec4;
    %pushi/vec4 99, 0, 7;
    %cmp/u;
    %jmp/1 T_13.4, 6;
    %dup/vec4;
    %pushi/vec4 23, 0, 7;
    %cmp/u;
    %jmp/1 T_13.5, 6;
    %dup/vec4;
    %pushi/vec4 55, 0, 7;
    %cmp/u;
    %jmp/1 T_13.6, 6;
    %dup/vec4;
    %pushi/vec4 3, 0, 7;
    %cmp/u;
    %jmp/1 T_13.7, 6;
    %dup/vec4;
    %pushi/vec4 35, 0, 7;
    %cmp/u;
    %jmp/1 T_13.8, 6;
    %jmp T_13.9;
T_13.0 ;
    %load/vec4 v0x6000002322e0_0;
    %dup/vec4;
    %pushi/vec4 0, 0, 3;
    %cmp/u;
    %jmp/1 T_13.10, 6;
    %dup/vec4;
    %pushi/vec4 1, 0, 3;
    %cmp/u;
    %jmp/1 T_13.11, 6;
    %dup/vec4;
    %pushi/vec4 2, 0, 3;
    %cmp/u;
    %jmp/1 T_13.12, 6;
    %dup/vec4;
    %pushi/vec4 3, 0, 3;
    %cmp/u;
    %jmp/1 T_13.13, 6;
    %dup/vec4;
    %pushi/vec4 4, 0, 3;
    %cmp/u;
    %jmp/1 T_13.14, 6;
    %dup/vec4;
    %pushi/vec4 5, 0, 3;
    %cmp/u;
    %jmp/1 T_13.15, 6;
    %dup/vec4;
    %pushi/vec4 6, 0, 3;
    %cmp/u;
    %jmp/1 T_13.16, 6;
    %dup/vec4;
    %pushi/vec4 7, 0, 3;
    %cmp/u;
    %jmp/1 T_13.17, 6;
    %jmp T_13.18;
T_13.10 ;
    %load/vec4 v0x600000232370_0;
    %cmpi/e 0, 0, 7;
    %flag_mov 8, 4;
    %jmp/0 T_13.19, 8;
    %load/vec4 v0x600000232640_0;
    %load/vec4 v0x6000002326d0_0;
    %add;
    %jmp/1 T_13.20, 8;
T_13.19 ; End of true expr.
    %load/vec4 v0x600000232640_0;
    %load/vec4 v0x6000002326d0_0;
    %sub;
    %jmp/0 T_13.20, 8;
 ; End of false expr.
    %blend;
T_13.20;
    %store/vec4 v0x600000232520_0, 0, 32;
    %jmp T_13.18;
T_13.11 ;
    %load/vec4 v0x600000232640_0;
    %ix/getv 4, v0x6000002326d0_0;
    %shiftl 4;
    %pushi/vec4 4294967295, 0, 32;
    %and;
    %store/vec4 v0x600000232520_0, 0, 32;
    %jmp T_13.18;
T_13.12 ;
    %load/vec4 v0x600000232640_0;
    %load/vec4 v0x6000002326d0_0;
    %cmp/s;
    %flag_mov 8, 5;
    %jmp/0 T_13.21, 8;
    %pushi/vec4 1, 0, 32;
    %jmp/1 T_13.22, 8;
T_13.21 ; End of true expr.
    %pushi/vec4 0, 0, 32;
    %jmp/0 T_13.22, 8;
 ; End of false expr.
    %blend;
T_13.22;
    %store/vec4 v0x600000232520_0, 0, 32;
    %jmp T_13.18;
T_13.13 ;
    %load/vec4 v0x600000232640_0;
    %load/vec4 v0x6000002326d0_0;
    %cmp/u;
    %flag_mov 8, 5;
    %jmp/0 T_13.23, 8;
    %pushi/vec4 1, 0, 32;
    %jmp/1 T_13.24, 8;
T_13.23 ; End of true expr.
    %pushi/vec4 0, 0, 32;
    %jmp/0 T_13.24, 8;
 ; End of false expr.
    %blend;
T_13.24;
    %store/vec4 v0x600000232520_0, 0, 32;
    %jmp T_13.18;
T_13.14 ;
    %load/vec4 v0x600000232640_0;
    %load/vec4 v0x6000002326d0_0;
    %xor;
    %store/vec4 v0x600000232520_0, 0, 32;
    %jmp T_13.18;
T_13.15 ;
    %load/vec4 v0x600000232370_0;
    %cmpi/e 0, 0, 7;
    %flag_mov 8, 4;
    %jmp/0 T_13.25, 8;
    %load/vec4 v0x600000232640_0;
    %ix/getv 4, v0x6000002326d0_0;
    %shiftr 4;
    %jmp/1 T_13.26, 8;
T_13.25 ; End of true expr.
    %load/vec4 v0x600000232640_0;
    %ix/getv 4, v0x6000002326d0_0;
    %shiftr 4;
    %jmp/0 T_13.26, 8;
 ; End of false expr.
    %blend;
T_13.26;
    %store/vec4 v0x600000232520_0, 0, 32;
    %jmp T_13.18;
T_13.16 ;
    %load/vec4 v0x600000232640_0;
    %load/vec4 v0x6000002326d0_0;
    %or;
    %store/vec4 v0x600000232520_0, 0, 32;
    %jmp T_13.18;
T_13.17 ;
    %load/vec4 v0x600000232640_0;
    %load/vec4 v0x6000002326d0_0;
    %and;
    %store/vec4 v0x600000232520_0, 0, 32;
    %jmp T_13.18;
T_13.18 ;
    %pop/vec4 1;
    %jmp T_13.9;
T_13.1 ;
    %load/vec4 v0x6000002322e0_0;
    %dup/vec4;
    %pushi/vec4 0, 0, 3;
    %cmp/u;
    %jmp/1 T_13.27, 6;
    %dup/vec4;
    %pushi/vec4 1, 0, 3;
    %cmp/u;
    %jmp/1 T_13.28, 6;
    %dup/vec4;
    %pushi/vec4 2, 0, 3;
    %cmp/u;
    %jmp/1 T_13.29, 6;
    %dup/vec4;
    %pushi/vec4 3, 0, 3;
    %cmp/u;
    %jmp/1 T_13.30, 6;
    %dup/vec4;
    %pushi/vec4 4, 0, 3;
    %cmp/u;
    %jmp/1 T_13.31, 6;
    %dup/vec4;
    %pushi/vec4 5, 0, 3;
    %cmp/u;
    %jmp/1 T_13.32, 6;
    %dup/vec4;
    %pushi/vec4 6, 0, 3;
    %cmp/u;
    %jmp/1 T_13.33, 6;
    %dup/vec4;
    %pushi/vec4 7, 0, 3;
    %cmp/u;
    %jmp/1 T_13.34, 6;
    %jmp T_13.35;
T_13.27 ;
    %load/vec4 v0x600000232370_0;
    %cmpi/e 0, 0, 7;
    %flag_mov 8, 4;
    %jmp/0 T_13.36, 8;
    %load/vec4 v0x600000232640_0;
    %load/vec4 v0x600000232400_0;
    %add;
    %jmp/1 T_13.37, 8;
T_13.36 ; End of true expr.
    %load/vec4 v0x600000232640_0;
    %load/vec4 v0x600000232400_0;
    %sub;
    %jmp/0 T_13.37, 8;
 ; End of false expr.
    %blend;
T_13.37;
    %store/vec4 v0x600000232520_0, 0, 32;
    %jmp T_13.35;
T_13.28 ;
    %load/vec4 v0x600000232640_0;
    %ix/getv 4, v0x600000232400_0;
    %shiftl 4;
    %pushi/vec4 4294967295, 0, 32;
    %and;
    %store/vec4 v0x600000232520_0, 0, 32;
    %jmp T_13.35;
T_13.29 ;
    %load/vec4 v0x600000232640_0;
    %load/vec4 v0x600000232400_0;
    %cmp/s;
    %flag_mov 8, 5;
    %jmp/0 T_13.38, 8;
    %pushi/vec4 1, 0, 32;
    %jmp/1 T_13.39, 8;
T_13.38 ; End of true expr.
    %pushi/vec4 0, 0, 32;
    %jmp/0 T_13.39, 8;
 ; End of false expr.
    %blend;
T_13.39;
    %store/vec4 v0x600000232520_0, 0, 32;
    %jmp T_13.35;
T_13.30 ;
    %load/vec4 v0x600000232640_0;
    %load/vec4 v0x600000232400_0;
    %cmp/u;
    %flag_mov 8, 5;
    %jmp/0 T_13.40, 8;
    %pushi/vec4 1, 0, 32;
    %jmp/1 T_13.41, 8;
T_13.40 ; End of true expr.
    %pushi/vec4 0, 0, 32;
    %jmp/0 T_13.41, 8;
 ; End of false expr.
    %blend;
T_13.41;
    %store/vec4 v0x600000232520_0, 0, 32;
    %jmp T_13.35;
T_13.31 ;
    %load/vec4 v0x600000232640_0;
    %load/vec4 v0x600000232400_0;
    %xor;
    %store/vec4 v0x600000232520_0, 0, 32;
    %jmp T_13.35;
T_13.32 ;
    %load/vec4 v0x600000232370_0;
    %cmpi/e 0, 0, 7;
    %flag_mov 8, 4;
    %jmp/0 T_13.42, 8;
    %load/vec4 v0x600000232640_0;
    %ix/getv 4, v0x600000232400_0;
    %shiftr 4;
    %jmp/1 T_13.43, 8;
T_13.42 ; End of true expr.
    %load/vec4 v0x600000232640_0;
    %ix/getv 4, v0x600000232400_0;
    %shiftr 4;
    %jmp/0 T_13.43, 8;
 ; End of false expr.
    %blend;
T_13.43;
    %store/vec4 v0x600000232520_0, 0, 32;
    %jmp T_13.35;
T_13.33 ;
    %load/vec4 v0x600000232640_0;
    %load/vec4 v0x600000232400_0;
    %or;
    %store/vec4 v0x600000232520_0, 0, 32;
    %jmp T_13.35;
T_13.34 ;
    %load/vec4 v0x600000232640_0;
    %load/vec4 v0x600000232400_0;
    %and;
    %store/vec4 v0x600000232520_0, 0, 32;
    %jmp T_13.35;
T_13.35 ;
    %pop/vec4 1;
    %jmp T_13.9;
T_13.2 ;
    %pushi/vec4 1, 0, 1;
    %store/vec4 v0x600000232760_0, 0, 1;
    %load/vec4 v0x6000002325b0_0;
    %load/vec4 v0x600000232400_0;
    %parti/s 21, 0, 2;
    %pad/s 32;
    %add;
    %store/vec4 v0x600000232520_0, 0, 32;
    %jmp T_13.9;
T_13.3 ;
    %pushi/vec4 1, 0, 1;
    %store/vec4 v0x600000232760_0, 0, 1;
    %load/vec4 v0x600000232640_0;
    %load/vec4 v0x600000232400_0;
    %parti/s 12, 0, 2;
    %pad/s 32;
    %add;
    %store/vec4 v0x600000232520_0, 0, 32;
    %jmp T_13.9;
T_13.4 ;
    %load/vec4 v0x6000002325b0_0;
    %load/vec4 v0x600000232400_0;
    %parti/s 13, 0, 2;
    %pad/s 32;
    %add;
    %store/vec4 v0x600000232520_0, 0, 32;
    %load/vec4 v0x6000002322e0_0;
    %dup/vec4;
    %pushi/vec4 0, 0, 3;
    %cmp/u;
    %jmp/1 T_13.44, 6;
    %dup/vec4;
    %pushi/vec4 1, 0, 3;
    %cmp/u;
    %jmp/1 T_13.45, 6;
    %dup/vec4;
    %pushi/vec4 4, 0, 3;
    %cmp/u;
    %jmp/1 T_13.46, 6;
    %dup/vec4;
    %pushi/vec4 5, 0, 3;
    %cmp/u;
    %jmp/1 T_13.47, 6;
    %dup/vec4;
    %pushi/vec4 6, 0, 3;
    %cmp/u;
    %jmp/1 T_13.48, 6;
    %dup/vec4;
    %pushi/vec4 7, 0, 3;
    %cmp/u;
    %jmp/1 T_13.49, 6;
    %jmp T_13.50;
T_13.44 ;
    %load/vec4 v0x600000232640_0;
    %load/vec4 v0x6000002326d0_0;
    %cmp/e;
    %jmp/0xz  T_13.51, 4;
    %pushi/vec4 1, 0, 1;
    %store/vec4 v0x600000232760_0, 0, 1;
    %jmp T_13.52;
T_13.51 ;
    %pushi/vec4 0, 0, 1;
    %store/vec4 v0x600000232760_0, 0, 1;
T_13.52 ;
    %jmp T_13.50;
T_13.45 ;
    %load/vec4 v0x600000232640_0;
    %load/vec4 v0x6000002326d0_0;
    %cmp/ne;
    %jmp/0xz  T_13.53, 4;
    %pushi/vec4 1, 0, 1;
    %store/vec4 v0x600000232760_0, 0, 1;
    %jmp T_13.54;
T_13.53 ;
    %pushi/vec4 0, 0, 1;
    %store/vec4 v0x600000232760_0, 0, 1;
T_13.54 ;
    %jmp T_13.50;
T_13.46 ;
    %load/vec4 v0x600000232640_0;
    %load/vec4 v0x6000002326d0_0;
    %cmp/s;
    %jmp/0xz  T_13.55, 5;
    %pushi/vec4 1, 0, 1;
    %store/vec4 v0x600000232760_0, 0, 1;
    %jmp T_13.56;
T_13.55 ;
    %pushi/vec4 0, 0, 1;
    %store/vec4 v0x600000232760_0, 0, 1;
T_13.56 ;
    %jmp T_13.50;
T_13.47 ;
    %load/vec4 v0x6000002326d0_0;
    %load/vec4 v0x600000232640_0;
    %cmp/s;
    %flag_or 5, 4;
    %jmp/0xz  T_13.57, 5;
    %pushi/vec4 1, 0, 1;
    %store/vec4 v0x600000232760_0, 0, 1;
    %jmp T_13.58;
T_13.57 ;
    %pushi/vec4 0, 0, 1;
    %store/vec4 v0x600000232760_0, 0, 1;
T_13.58 ;
    %jmp T_13.50;
T_13.48 ;
    %load/vec4 v0x600000232640_0;
    %load/vec4 v0x6000002326d0_0;
    %cmp/u;
    %jmp/0xz  T_13.59, 5;
    %pushi/vec4 1, 0, 1;
    %store/vec4 v0x600000232760_0, 0, 1;
    %jmp T_13.60;
T_13.59 ;
    %pushi/vec4 0, 0, 1;
    %store/vec4 v0x600000232760_0, 0, 1;
T_13.60 ;
    %jmp T_13.50;
T_13.49 ;
    %load/vec4 v0x6000002326d0_0;
    %load/vec4 v0x600000232640_0;
    %cmp/u;
    %flag_or 5, 4;
    %jmp/0xz  T_13.61, 5;
    %pushi/vec4 1, 0, 1;
    %store/vec4 v0x600000232760_0, 0, 1;
    %jmp T_13.62;
T_13.61 ;
    %pushi/vec4 0, 0, 1;
    %store/vec4 v0x600000232760_0, 0, 1;
T_13.62 ;
    %jmp T_13.50;
T_13.50 ;
    %pop/vec4 1;
    %jmp T_13.9;
T_13.5 ;
    %load/vec4 v0x600000232400_0;
    %ix/load 4, 12, 0;
    %flag_set/imm 4, 0;
    %shiftl 4;
    %store/vec4 v0x600000232520_0, 0, 32;
    %jmp T_13.9;
T_13.6 ;
    %load/vec4 v0x6000002325b0_0;
    %load/vec4 v0x600000232400_0;
    %ix/load 4, 12, 0;
    %flag_set/imm 4, 0;
    %shiftl 4;
    %add;
    %store/vec4 v0x600000232520_0, 0, 32;
    %jmp T_13.9;
T_13.7 ;
    %load/vec4 v0x600000232640_0;
    %load/vec4 v0x600000232400_0;
    %add;
    %store/vec4 v0x600000232520_0, 0, 32;
    %jmp T_13.9;
T_13.8 ;
    %load/vec4 v0x600000232640_0;
    %load/vec4 v0x600000232400_0;
    %add;
    %store/vec4 v0x600000232520_0, 0, 32;
    %jmp T_13.9;
T_13.9 ;
    %pop/vec4 1;
    %jmp T_13;
    .thread T_13, $push;
    .scope S_0x149606d80;
T_14 ;
    %wait E_0x600003e2d8c0;
    %load/vec4 v0x600000236f40_0;
    %assign/vec4 v0x600000236b50_0, 0;
    %load/vec4 v0x600000236fd0_0;
    %assign/vec4 v0x600000236be0_0, 0;
    %load/vec4 v0x600000237060_0;
    %assign/vec4 v0x600000236c70_0, 0;
    %load/vec4 v0x6000002370f0_0;
    %assign/vec4 v0x600000236d00_0, 0;
    %load/vec4 v0x600000237180_0;
    %assign/vec4 v0x600000236d90_0, 0;
    %load/vec4 v0x600000237210_0;
    %assign/vec4 v0x600000236e20_0, 0;
    %jmp T_14;
    .thread T_14;
    .scope S_0x1496045d0;
T_15 ;
    %wait E_0x600003e2d740;
    %load/vec4 v0x600000235b90_0;
    %parti/s 7, 0, 2;
    %store/vec4 v0x600000235dd0_0, 0, 7;
    %load/vec4 v0x600000235dd0_0;
    %pushi/vec4 23, 0, 7;
    %cmp/ne;
    %flag_get/vec4 4;
    %load/vec4 v0x600000235dd0_0;
    %pushi/vec4 55, 0, 7;
    %cmp/ne;
    %flag_get/vec4 4;
    %and;
    %load/vec4 v0x600000235dd0_0;
    %pushi/vec4 111, 0, 7;
    %cmp/ne;
    %flag_get/vec4 4;
    %and;
    %flag_set/vec4 8;
    %jmp/0 T_15.0, 8;
    %load/vec4 v0x600000235b90_0;
    %parti/s 3, 12, 5;
    %pad/u 32;
    %jmp/1 T_15.1, 8;
T_15.0 ; End of true expr.
    %pushi/vec4 0, 4294967295, 32;
    %jmp/0 T_15.1, 8;
 ; End of false expr.
    %blend;
T_15.1;
    %pad/u 3;
    %store/vec4 v0x6000002359e0_0, 0, 3;
    %load/vec4 v0x600000235b90_0;
    %parti/s 7, 25, 6;
    %store/vec4 v0x600000235a70_0, 0, 7;
    %load/vec4 v0x600000235dd0_0;
    %pushi/vec4 23, 0, 7;
    %cmp/ne;
    %flag_get/vec4 4;
    %load/vec4 v0x600000235dd0_0;
    %pushi/vec4 55, 0, 7;
    %cmp/ne;
    %flag_get/vec4 4;
    %and;
    %load/vec4 v0x600000235dd0_0;
    %pushi/vec4 111, 0, 7;
    %cmp/ne;
    %flag_get/vec4 4;
    %and;
    %flag_set/vec4 8;
    %jmp/0 T_15.2, 8;
    %load/vec4 v0x600000235b90_0;
    %parti/s 5, 15, 5;
    %pad/u 32;
    %jmp/1 T_15.3, 8;
T_15.2 ; End of true expr.
    %pushi/vec4 0, 4294967295, 32;
    %jmp/0 T_15.3, 8;
 ; End of false expr.
    %blend;
T_15.3;
    %pad/u 5;
    %store/vec4 v0x600000235f80_0, 0, 5;
    %load/vec4 v0x600000235dd0_0;
    %pushi/vec4 99, 0, 7;
    %cmp/e;
    %flag_get/vec4 4;
    %load/vec4 v0x600000235dd0_0;
    %pushi/vec4 35, 0, 7;
    %cmp/e;
    %flag_get/vec4 4;
    %or;
    %load/vec4 v0x600000235dd0_0;
    %pushi/vec4 51, 0, 7;
    %cmp/e;
    %flag_get/vec4 4;
    %or;
    %flag_set/vec4 8;
    %jmp/0 T_15.4, 8;
    %load/vec4 v0x600000235b90_0;
    %parti/s 5, 20, 6;
    %pad/u 32;
    %jmp/1 T_15.5, 8;
T_15.4 ; End of true expr.
    %pushi/vec4 0, 4294967295, 32;
    %jmp/0 T_15.5, 8;
 ; End of false expr.
    %blend;
T_15.5;
    %pad/u 5;
    %store/vec4 v0x600000236010_0, 0, 5;
    %load/vec4 v0x600000235dd0_0;
    %dup/vec4;
    %pushi/vec4 23, 0, 7;
    %cmp/u;
    %jmp/1 T_15.6, 6;
    %dup/vec4;
    %pushi/vec4 55, 0, 7;
    %cmp/u;
    %jmp/1 T_15.7, 6;
    %dup/vec4;
    %pushi/vec4 111, 0, 7;
    %cmp/u;
    %jmp/1 T_15.8, 6;
    %dup/vec4;
    %pushi/vec4 103, 0, 7;
    %cmp/u;
    %jmp/1 T_15.9, 6;
    %dup/vec4;
    %pushi/vec4 3, 0, 7;
    %cmp/u;
    %jmp/1 T_15.10, 6;
    %dup/vec4;
    %pushi/vec4 19, 0, 7;
    %cmp/u;
    %jmp/1 T_15.11, 6;
    %dup/vec4;
    %pushi/vec4 99, 0, 7;
    %cmp/u;
    %jmp/1 T_15.12, 6;
    %dup/vec4;
    %pushi/vec4 35, 0, 7;
    %cmp/u;
    %jmp/1 T_15.13, 6;
    %dup/vec4;
    %pushi/vec4 51, 0, 7;
    %cmp/u;
    %jmp/1 T_15.14, 6;
    %jmp T_15.15;
T_15.6 ;
    %load/vec4 v0x600000235b90_0;
    %parti/s 20, 12, 5;
    %pad/u 32;
    %store/vec4 v0x600000235b00_0, 0, 32;
    %jmp T_15.15;
T_15.7 ;
    %load/vec4 v0x600000235b90_0;
    %parti/s 20, 12, 5;
    %pad/u 32;
    %store/vec4 v0x600000235b00_0, 0, 32;
    %jmp T_15.15;
T_15.8 ;
    %load/vec4 v0x600000235b90_0;
    %parti/s 1, 31, 6;
    %load/vec4 v0x600000235b90_0;
    %parti/s 8, 12, 5;
    %concat/vec4; draw_concat_vec4
    %load/vec4 v0x600000235b90_0;
    %parti/s 1, 20, 6;
    %concat/vec4; draw_concat_vec4
    %load/vec4 v0x600000235b90_0;
    %parti/s 10, 21, 6;
    %concat/vec4; draw_concat_vec4
    %concati/vec4 0, 0, 1;
    %pad/u 32;
    %store/vec4 v0x600000235b00_0, 0, 32;
    %jmp T_15.15;
T_15.9 ;
    %load/vec4 v0x600000235b90_0;
    %parti/s 12, 20, 6;
    %pad/u 32;
    %store/vec4 v0x600000235b00_0, 0, 32;
    %jmp T_15.15;
T_15.10 ;
    %load/vec4 v0x600000235b90_0;
    %parti/s 12, 20, 6;
    %pad/u 32;
    %store/vec4 v0x600000235b00_0, 0, 32;
    %jmp T_15.15;
T_15.11 ;
    %load/vec4 v0x6000002359e0_0;
    %pushi/vec4 1, 0, 3;
    %cmp/e;
    %flag_get/vec4 4;
    %load/vec4 v0x6000002359e0_0;
    %pushi/vec4 5, 0, 3;
    %cmp/e;
    %flag_get/vec4 4;
    %or;
    %flag_set/vec4 8;
    %jmp/0xz  T_15.16, 8;
    %load/vec4 v0x600000235b90_0;
    %parti/s 5, 20, 6;
    %pad/u 32;
    %store/vec4 v0x600000235b00_0, 0, 32;
    %jmp T_15.17;
T_15.16 ;
    %load/vec4 v0x600000235b90_0;
    %parti/s 12, 20, 6;
    %pad/u 32;
    %store/vec4 v0x600000235b00_0, 0, 32;
T_15.17 ;
    %jmp T_15.15;
T_15.12 ;
    %load/vec4 v0x600000235b90_0;
    %parti/s 1, 31, 6;
    %load/vec4 v0x600000235b90_0;
    %parti/s 1, 7, 4;
    %concat/vec4; draw_concat_vec4
    %load/vec4 v0x600000235b90_0;
    %parti/s 6, 25, 6;
    %concat/vec4; draw_concat_vec4
    %load/vec4 v0x600000235b90_0;
    %parti/s 4, 8, 5;
    %concat/vec4; draw_concat_vec4
    %concati/vec4 0, 0, 1;
    %pad/u 32;
    %store/vec4 v0x600000235b00_0, 0, 32;
    %jmp T_15.15;
T_15.13 ;
    %load/vec4 v0x600000235b90_0;
    %parti/s 7, 25, 6;
    %load/vec4 v0x600000235b90_0;
    %parti/s 5, 7, 4;
    %concat/vec4; draw_concat_vec4
    %pad/u 32;
    %store/vec4 v0x600000235b00_0, 0, 32;
    %jmp T_15.15;
T_15.14 ;
    %pushi/vec4 0, 4294967295, 32;
    %store/vec4 v0x600000235b00_0, 0, 32;
    %jmp T_15.15;
T_15.15 ;
    %pop/vec4 1;
    %load/vec4 v0x600000235dd0_0;
    %cmpi/e 35, 0, 7;
    %flag_mov 8, 4;
    %jmp/0 T_15.18, 8;
    %pushi/vec4 1, 0, 1;
    %jmp/1 T_15.19, 8;
T_15.18 ; End of true expr.
    %pushi/vec4 0, 0, 1;
    %jmp/0 T_15.19, 8;
 ; End of false expr.
    %blend;
T_15.19;
    %store/vec4 v0x600000235d40_0, 0, 1;
    %load/vec4 v0x600000235dd0_0;
    %pushi/vec4 3, 0, 7;
    %cmp/e;
    %flag_get/vec4 4;
    %load/vec4 v0x600000235dd0_0;
    %pushi/vec4 35, 0, 7;
    %cmp/e;
    %flag_get/vec4 4;
    %or;
    %flag_set/vec4 8;
    %jmp/0xz  T_15.20, 8;
    %load/vec4 v0x6000002359e0_0;
    %dup/vec4;
    %pushi/vec4 0, 0, 3;
    %cmp/u;
    %jmp/1 T_15.22, 6;
    %dup/vec4;
    %pushi/vec4 4, 0, 3;
    %cmp/u;
    %jmp/1 T_15.23, 6;
    %dup/vec4;
    %pushi/vec4 1, 0, 3;
    %cmp/u;
    %jmp/1 T_15.24, 6;
    %dup/vec4;
    %pushi/vec4 5, 0, 3;
    %cmp/u;
    %jmp/1 T_15.25, 6;
    %dup/vec4;
    %pushi/vec4 2, 0, 3;
    %cmp/u;
    %jmp/1 T_15.26, 6;
    %jmp T_15.27;
T_15.22 ;
    %pushi/vec4 0, 0, 2;
    %store/vec4 v0x600000235c20_0, 0, 2;
    %jmp T_15.27;
T_15.23 ;
    %pushi/vec4 0, 0, 2;
    %store/vec4 v0x600000235c20_0, 0, 2;
    %jmp T_15.27;
T_15.24 ;
    %pushi/vec4 1, 0, 2;
    %store/vec4 v0x600000235c20_0, 0, 2;
    %jmp T_15.27;
T_15.25 ;
    %pushi/vec4 1, 0, 2;
    %store/vec4 v0x600000235c20_0, 0, 2;
    %jmp T_15.27;
T_15.26 ;
    %pushi/vec4 1, 0, 2;
    %store/vec4 v0x600000235c20_0, 0, 2;
    %jmp T_15.27;
T_15.27 ;
    %pop/vec4 1;
    %jmp T_15.21;
T_15.20 ;
    %pushi/vec4 0, 3, 2;
    %store/vec4 v0x600000235c20_0, 0, 2;
T_15.21 ;
    %load/vec4 v0x600000235dd0_0;
    %pushi/vec4 111, 0, 7;
    %cmp/e;
    %flag_get/vec4 4;
    %load/vec4 v0x600000235dd0_0;
    %pushi/vec4 103, 0, 7;
    %cmp/e;
    %flag_get/vec4 4;
    %or;
    %flag_set/vec4 8;
    %jmp/0xz  T_15.28, 8;
    %pushi/vec4 0, 0, 2;
    %store/vec4 v0x600000235cb0_0, 0, 2;
    %jmp T_15.29;
T_15.28 ;
    %load/vec4 v0x600000235dd0_0;
    %cmpi/e 3, 0, 7;
    %jmp/0xz  T_15.30, 4;
    %pushi/vec4 1, 0, 2;
    %store/vec4 v0x600000235cb0_0, 0, 2;
    %jmp T_15.31;
T_15.30 ;
    %pushi/vec4 2, 0, 2;
    %store/vec4 v0x600000235cb0_0, 0, 2;
T_15.31 ;
T_15.29 ;
    %load/vec4 v0x600000235dd0_0;
    %pushi/vec4 99, 0, 7;
    %cmp/ne;
    %flag_get/vec4 4;
    %load/vec4 v0x600000235dd0_0;
    %pushi/vec4 35, 0, 7;
    %cmp/ne;
    %flag_get/vec4 4;
    %and;
    %flag_set/vec4 8;
    %jmp/0 T_15.32, 8;
    %pushi/vec4 1, 0, 1;
    %jmp/1 T_15.33, 8;
T_15.32 ; End of true expr.
    %pushi/vec4 0, 0, 1;
    %jmp/0 T_15.33, 8;
 ; End of false expr.
    %blend;
T_15.33;
    %store/vec4 v0x600000235ef0_0, 0, 1;
    %load/vec4 v0x600000235dd0_0;
    %pushi/vec4 99, 0, 7;
    %cmp/ne;
    %flag_get/vec4 4;
    %load/vec4 v0x600000235dd0_0;
    %pushi/vec4 35, 0, 7;
    %cmp/ne;
    %flag_get/vec4 4;
    %and;
    %flag_set/vec4 8;
    %jmp/0 T_15.34, 8;
    %load/vec4 v0x600000235b90_0;
    %parti/s 5, 7, 4;
    %pad/u 32;
    %jmp/1 T_15.35, 8;
T_15.34 ; End of true expr.
    %pushi/vec4 0, 4294967295, 32;
    %jmp/0 T_15.35, 8;
 ; End of false expr.
    %blend;
T_15.35;
    %pad/u 5;
    %store/vec4 v0x600000235e60_0, 0, 5;
    %jmp T_15;
    .thread T_15, $push;
    .scope S_0x149609360;
T_16 ;
    %wait E_0x600003e2d8c0;
    %load/vec4 v0x600000233210_0;
    %flag_set/vec4 8;
    %jmp/0xz  T_16.0, 8;
    %load/vec4 v0x600000233060_0;
    %pushi/vec4 2, 0, 32;
    %pushi/vec4 3, 0, 32;
    %load/vec4 v0x600000232f40_0;
    %pad/u 32;
    %add;
    %pow;
    %subi 1, 0, 32;
    %part/s 1;
    %pad/u 32;
    %ix/getv 3, v0x600000232eb0_0;
    %ix/load 4, 0, 0; Constant delay
    %assign/vec4/a/d v0x600000233180, 0, 4;
T_16.0 ;
    %jmp T_16;
    .thread T_16;
    .scope S_0x149606c10;
T_17 ;
    %wait E_0x600003e2d9b0;
    %load/vec4 v0x600000236ac0_0;
    %dup/vec4;
    %pushi/vec4 0, 0, 2;
    %cmp/u;
    %jmp/1 T_17.0, 6;
    %dup/vec4;
    %pushi/vec4 1, 0, 2;
    %cmp/u;
    %jmp/1 T_17.1, 6;
    %dup/vec4;
    %pushi/vec4 2, 0, 2;
    %cmp/u;
    %jmp/1 T_17.2, 6;
    %dup/vec4;
    %pushi/vec4 3, 0, 2;
    %cmp/u;
    %jmp/1 T_17.3, 6;
    %jmp T_17.4;
T_17.0 ;
    %load/vec4 v0x6000002367f0_0;
    %store/vec4 v0x600000236a30_0, 0, 32;
    %jmp T_17.4;
T_17.1 ;
    %load/vec4 v0x6000002367f0_0;
    %subi 4, 0, 32;
    %load/vec4 v0x600000236880_0;
    %add;
    %store/vec4 v0x600000236a30_0, 0, 32;
    %jmp T_17.4;
T_17.2 ;
    %load/vec4 v0x600000236910_0;
    %store/vec4 v0x600000236a30_0, 0, 32;
    %jmp T_17.4;
T_17.3 ;
    %load/vec4 v0x6000002369a0_0;
    %store/vec4 v0x600000236a30_0, 0, 32;
    %jmp T_17.4;
T_17.4 ;
    %pop/vec4 1;
    %jmp T_17;
    .thread T_17, $push;
    .scope S_0x149626b30;
T_18 ;
    %wait E_0x600003e2d8c0;
    %load/vec4 v0x600000239b90_0;
    %assign/vec4 v0x6000002397a0_0, 0;
    %load/vec4 v0x600000239c20_0;
    %assign/vec4 v0x600000239830_0, 0;
    %load/vec4 v0x600000239cb0_0;
    %assign/vec4 v0x6000002398c0_0, 0;
    %load/vec4 v0x600000239d40_0;
    %assign/vec4 v0x600000239950_0, 0;
    %load/vec4 v0x600000239dd0_0;
    %assign/vec4 v0x6000002399e0_0, 0;
    %load/vec4 v0x600000239e60_0;
    %assign/vec4 v0x600000239a70_0, 0;
    %jmp T_18;
    .thread T_18;
    .scope S_0x149609f70;
T_19 ;
    %wait E_0x600003e2d6b0;
    %load/vec4 v0x600000236250_0;
    %parti/s 7, 0, 2;
    %store/vec4 v0x600000236490_0, 0, 7;
    %load/vec4 v0x600000236490_0;
    %pushi/vec4 23, 0, 7;
    %cmp/ne;
    %flag_get/vec4 4;
    %load/vec4 v0x600000236490_0;
    %pushi/vec4 55, 0, 7;
    %cmp/ne;
    %flag_get/vec4 4;
    %and;
    %load/vec4 v0x600000236490_0;
    %pushi/vec4 111, 0, 7;
    %cmp/ne;
    %flag_get/vec4 4;
    %and;
    %flag_set/vec4 8;
    %jmp/0 T_19.0, 8;
    %load/vec4 v0x600000236250_0;
    %parti/s 3, 12, 5;
    %pad/u 32;
    %jmp/1 T_19.1, 8;
T_19.0 ; End of true expr.
    %pushi/vec4 0, 4294967295, 32;
    %jmp/0 T_19.1, 8;
 ; End of false expr.
    %blend;
T_19.1;
    %pad/u 3;
    %store/vec4 v0x6000002360a0_0, 0, 3;
    %load/vec4 v0x600000236250_0;
    %parti/s 7, 25, 6;
    %store/vec4 v0x600000236130_0, 0, 7;
    %load/vec4 v0x600000236490_0;
    %pushi/vec4 23, 0, 7;
    %cmp/ne;
    %flag_get/vec4 4;
    %load/vec4 v0x600000236490_0;
    %pushi/vec4 55, 0, 7;
    %cmp/ne;
    %flag_get/vec4 4;
    %and;
    %load/vec4 v0x600000236490_0;
    %pushi/vec4 111, 0, 7;
    %cmp/ne;
    %flag_get/vec4 4;
    %and;
    %flag_set/vec4 8;
    %jmp/0 T_19.2, 8;
    %load/vec4 v0x600000236250_0;
    %parti/s 5, 15, 5;
    %pad/u 32;
    %jmp/1 T_19.3, 8;
T_19.2 ; End of true expr.
    %pushi/vec4 0, 4294967295, 32;
    %jmp/0 T_19.3, 8;
 ; End of false expr.
    %blend;
T_19.3;
    %pad/u 5;
    %store/vec4 v0x600000236640_0, 0, 5;
    %load/vec4 v0x600000236490_0;
    %pushi/vec4 99, 0, 7;
    %cmp/e;
    %flag_get/vec4 4;
    %load/vec4 v0x600000236490_0;
    %pushi/vec4 35, 0, 7;
    %cmp/e;
    %flag_get/vec4 4;
    %or;
    %load/vec4 v0x600000236490_0;
    %pushi/vec4 51, 0, 7;
    %cmp/e;
    %flag_get/vec4 4;
    %or;
    %flag_set/vec4 8;
    %jmp/0 T_19.4, 8;
    %load/vec4 v0x600000236250_0;
    %parti/s 5, 20, 6;
    %pad/u 32;
    %jmp/1 T_19.5, 8;
T_19.4 ; End of true expr.
    %pushi/vec4 0, 4294967295, 32;
    %jmp/0 T_19.5, 8;
 ; End of false expr.
    %blend;
T_19.5;
    %pad/u 5;
    %store/vec4 v0x6000002366d0_0, 0, 5;
    %load/vec4 v0x600000236490_0;
    %dup/vec4;
    %pushi/vec4 23, 0, 7;
    %cmp/u;
    %jmp/1 T_19.6, 6;
    %dup/vec4;
    %pushi/vec4 55, 0, 7;
    %cmp/u;
    %jmp/1 T_19.7, 6;
    %dup/vec4;
    %pushi/vec4 111, 0, 7;
    %cmp/u;
    %jmp/1 T_19.8, 6;
    %dup/vec4;
    %pushi/vec4 103, 0, 7;
    %cmp/u;
    %jmp/1 T_19.9, 6;
    %dup/vec4;
    %pushi/vec4 3, 0, 7;
    %cmp/u;
    %jmp/1 T_19.10, 6;
    %dup/vec4;
    %pushi/vec4 19, 0, 7;
    %cmp/u;
    %jmp/1 T_19.11, 6;
    %dup/vec4;
    %pushi/vec4 99, 0, 7;
    %cmp/u;
    %jmp/1 T_19.12, 6;
    %dup/vec4;
    %pushi/vec4 35, 0, 7;
    %cmp/u;
    %jmp/1 T_19.13, 6;
    %dup/vec4;
    %pushi/vec4 51, 0, 7;
    %cmp/u;
    %jmp/1 T_19.14, 6;
    %jmp T_19.15;
T_19.6 ;
    %load/vec4 v0x600000236250_0;
    %parti/s 20, 12, 5;
    %pad/u 32;
    %store/vec4 v0x6000002361c0_0, 0, 32;
    %jmp T_19.15;
T_19.7 ;
    %load/vec4 v0x600000236250_0;
    %parti/s 20, 12, 5;
    %pad/u 32;
    %store/vec4 v0x6000002361c0_0, 0, 32;
    %jmp T_19.15;
T_19.8 ;
    %load/vec4 v0x600000236250_0;
    %parti/s 1, 31, 6;
    %load/vec4 v0x600000236250_0;
    %parti/s 8, 12, 5;
    %concat/vec4; draw_concat_vec4
    %load/vec4 v0x600000236250_0;
    %parti/s 1, 20, 6;
    %concat/vec4; draw_concat_vec4
    %load/vec4 v0x600000236250_0;
    %parti/s 10, 21, 6;
    %concat/vec4; draw_concat_vec4
    %concati/vec4 0, 0, 1;
    %pad/u 32;
    %store/vec4 v0x6000002361c0_0, 0, 32;
    %jmp T_19.15;
T_19.9 ;
    %load/vec4 v0x600000236250_0;
    %parti/s 12, 20, 6;
    %pad/u 32;
    %store/vec4 v0x6000002361c0_0, 0, 32;
    %jmp T_19.15;
T_19.10 ;
    %load/vec4 v0x600000236250_0;
    %parti/s 12, 20, 6;
    %pad/u 32;
    %store/vec4 v0x6000002361c0_0, 0, 32;
    %jmp T_19.15;
T_19.11 ;
    %load/vec4 v0x6000002360a0_0;
    %pushi/vec4 1, 0, 3;
    %cmp/e;
    %flag_get/vec4 4;
    %load/vec4 v0x6000002360a0_0;
    %pushi/vec4 5, 0, 3;
    %cmp/e;
    %flag_get/vec4 4;
    %or;
    %flag_set/vec4 8;
    %jmp/0xz  T_19.16, 8;
    %load/vec4 v0x600000236250_0;
    %parti/s 5, 20, 6;
    %pad/u 32;
    %store/vec4 v0x6000002361c0_0, 0, 32;
    %jmp T_19.17;
T_19.16 ;
    %load/vec4 v0x600000236250_0;
    %parti/s 12, 20, 6;
    %pad/u 32;
    %store/vec4 v0x6000002361c0_0, 0, 32;
T_19.17 ;
    %jmp T_19.15;
T_19.12 ;
    %load/vec4 v0x600000236250_0;
    %parti/s 1, 31, 6;
    %load/vec4 v0x600000236250_0;
    %parti/s 1, 7, 4;
    %concat/vec4; draw_concat_vec4
    %load/vec4 v0x600000236250_0;
    %parti/s 6, 25, 6;
    %concat/vec4; draw_concat_vec4
    %load/vec4 v0x600000236250_0;
    %parti/s 4, 8, 5;
    %concat/vec4; draw_concat_vec4
    %concati/vec4 0, 0, 1;
    %pad/u 32;
    %store/vec4 v0x6000002361c0_0, 0, 32;
    %jmp T_19.15;
T_19.13 ;
    %load/vec4 v0x600000236250_0;
    %parti/s 7, 25, 6;
    %load/vec4 v0x600000236250_0;
    %parti/s 5, 7, 4;
    %concat/vec4; draw_concat_vec4
    %pad/u 32;
    %store/vec4 v0x6000002361c0_0, 0, 32;
    %jmp T_19.15;
T_19.14 ;
    %pushi/vec4 0, 4294967295, 32;
    %store/vec4 v0x6000002361c0_0, 0, 32;
    %jmp T_19.15;
T_19.15 ;
    %pop/vec4 1;
    %load/vec4 v0x600000236490_0;
    %cmpi/e 35, 0, 7;
    %flag_mov 8, 4;
    %jmp/0 T_19.18, 8;
    %pushi/vec4 1, 0, 1;
    %jmp/1 T_19.19, 8;
T_19.18 ; End of true expr.
    %pushi/vec4 0, 0, 1;
    %jmp/0 T_19.19, 8;
 ; End of false expr.
    %blend;
T_19.19;
    %store/vec4 v0x600000236400_0, 0, 1;
    %load/vec4 v0x600000236490_0;
    %pushi/vec4 3, 0, 7;
    %cmp/e;
    %flag_get/vec4 4;
    %load/vec4 v0x600000236490_0;
    %pushi/vec4 35, 0, 7;
    %cmp/e;
    %flag_get/vec4 4;
    %or;
    %flag_set/vec4 8;
    %jmp/0xz  T_19.20, 8;
    %load/vec4 v0x6000002360a0_0;
    %dup/vec4;
    %pushi/vec4 0, 0, 3;
    %cmp/u;
    %jmp/1 T_19.22, 6;
    %dup/vec4;
    %pushi/vec4 4, 0, 3;
    %cmp/u;
    %jmp/1 T_19.23, 6;
    %dup/vec4;
    %pushi/vec4 1, 0, 3;
    %cmp/u;
    %jmp/1 T_19.24, 6;
    %dup/vec4;
    %pushi/vec4 5, 0, 3;
    %cmp/u;
    %jmp/1 T_19.25, 6;
    %dup/vec4;
    %pushi/vec4 2, 0, 3;
    %cmp/u;
    %jmp/1 T_19.26, 6;
    %jmp T_19.27;
T_19.22 ;
    %pushi/vec4 0, 0, 2;
    %store/vec4 v0x6000002362e0_0, 0, 2;
    %jmp T_19.27;
T_19.23 ;
    %pushi/vec4 0, 0, 2;
    %store/vec4 v0x6000002362e0_0, 0, 2;
    %jmp T_19.27;
T_19.24 ;
    %pushi/vec4 1, 0, 2;
    %store/vec4 v0x6000002362e0_0, 0, 2;
    %jmp T_19.27;
T_19.25 ;
    %pushi/vec4 1, 0, 2;
    %store/vec4 v0x6000002362e0_0, 0, 2;
    %jmp T_19.27;
T_19.26 ;
    %pushi/vec4 1, 0, 2;
    %store/vec4 v0x6000002362e0_0, 0, 2;
    %jmp T_19.27;
T_19.27 ;
    %pop/vec4 1;
    %jmp T_19.21;
T_19.20 ;
    %pushi/vec4 0, 3, 2;
    %store/vec4 v0x6000002362e0_0, 0, 2;
T_19.21 ;
    %load/vec4 v0x600000236490_0;
    %pushi/vec4 111, 0, 7;
    %cmp/e;
    %flag_get/vec4 4;
    %load/vec4 v0x600000236490_0;
    %pushi/vec4 103, 0, 7;
    %cmp/e;
    %flag_get/vec4 4;
    %or;
    %flag_set/vec4 8;
    %jmp/0xz  T_19.28, 8;
    %pushi/vec4 0, 0, 2;
    %store/vec4 v0x600000236370_0, 0, 2;
    %jmp T_19.29;
T_19.28 ;
    %load/vec4 v0x600000236490_0;
    %cmpi/e 3, 0, 7;
    %jmp/0xz  T_19.30, 4;
    %pushi/vec4 1, 0, 2;
    %store/vec4 v0x600000236370_0, 0, 2;
    %jmp T_19.31;
T_19.30 ;
    %pushi/vec4 2, 0, 2;
    %store/vec4 v0x600000236370_0, 0, 2;
T_19.31 ;
T_19.29 ;
    %load/vec4 v0x600000236490_0;
    %pushi/vec4 99, 0, 7;
    %cmp/ne;
    %flag_get/vec4 4;
    %load/vec4 v0x600000236490_0;
    %pushi/vec4 35, 0, 7;
    %cmp/ne;
    %flag_get/vec4 4;
    %and;
    %flag_set/vec4 8;
    %jmp/0 T_19.32, 8;
    %pushi/vec4 1, 0, 1;
    %jmp/1 T_19.33, 8;
T_19.32 ; End of true expr.
    %pushi/vec4 0, 0, 1;
    %jmp/0 T_19.33, 8;
 ; End of false expr.
    %blend;
T_19.33;
    %store/vec4 v0x6000002365b0_0, 0, 1;
    %load/vec4 v0x600000236490_0;
    %pushi/vec4 99, 0, 7;
    %cmp/ne;
    %flag_get/vec4 4;
    %load/vec4 v0x600000236490_0;
    %pushi/vec4 35, 0, 7;
    %cmp/ne;
    %flag_get/vec4 4;
    %and;
    %flag_set/vec4 8;
    %jmp/0 T_19.34, 8;
    %load/vec4 v0x600000236250_0;
    %parti/s 5, 7, 4;
    %pad/u 32;
    %jmp/1 T_19.35, 8;
T_19.34 ; End of true expr.
    %pushi/vec4 0, 4294967295, 32;
    %jmp/0 T_19.35, 8;
 ; End of false expr.
    %blend;
T_19.35;
    %pad/u 5;
    %store/vec4 v0x600000236520_0, 0, 5;
    %jmp T_19;
    .thread T_19, $push;
    .scope S_0x1496096d0;
T_20 ;
    %pushi/vec4 0, 0, 1;
    %store/vec4 v0x60000023b720_0, 0, 1;
    %pushi/vec4 0, 0, 1;
    %store/vec4 v0x60000023b7b0_0, 0, 1;
    %end;
    .thread T_20;
    .scope S_0x1496096d0;
T_21 ;
    %delay 10000, 0;
    %load/vec4 v0x60000023b720_0;
    %inv;
    %assign/vec4 v0x60000023b720_0, 0;
    %jmp T_21;
    .thread T_21;
    .scope S_0x1496096d0;
T_22 ;
    %vpi_call 2 11 "$dumpfile", "cpu.vcd" {0 0 0};
    %vpi_call 2 12 "$dumpvars", 32'sb00000000000000000000000000000000 {0 0 0};
    %delay 100000000, 0;
    %vpi_call 2 14 "$finish" {0 0 0};
    %end;
    .thread T_22;
# The file index is used to find the file name in the following table.
:file_names 14;
    "N/A";
    "<interactive>";
    "cpuTB.v";
    "cpu.v";
    "./modules/alu.v";
    "./modules/dataMemory.v";
    "./modules/buffer.v";
    "./modules/instructionMemory.v";
    "./modules/control.v";
    "./modules/multiplexer4to1.v";
    "./modules/adder.v";
    "./modules/multiplexer2to1.v";
    "./modules/pcRegister.v";
    "./modules/registerBank.v";
