#! /opt/homebrew/Cellar/icarus-verilog/11.0/bin/vvp
:ivl_version "11.0 (stable)";
:ivl_delay_selection "TYPICAL";
:vpi_time_precision - 12;
:vpi_module "/opt/homebrew/Cellar/icarus-verilog/11.0/lib/ivl/system.vpi";
:vpi_module "/opt/homebrew/Cellar/icarus-verilog/11.0/lib/ivl/vhdl_sys.vpi";
:vpi_module "/opt/homebrew/Cellar/icarus-verilog/11.0/lib/ivl/vhdl_textio.vpi";
:vpi_module "/opt/homebrew/Cellar/icarus-verilog/11.0/lib/ivl/v2005_math.vpi";
:vpi_module "/opt/homebrew/Cellar/icarus-verilog/11.0/lib/ivl/va_math.vpi";
S_0x12d604710 .scope module, "uartTB" "uartTB" 2 5;
 .timescale -9 -12;
P_0x6000027aff00 .param/l "bitlength" 0 2 6, +C4<00000000000000011001011011100110>;
v0x6000000accf0_0 .var "clk1", 0 0;
v0x6000000acd80_0 .var/i "i", 31 0;
v0x6000000ace10_0 .var "num1", 7 0;
v0x6000000acea0_0 .var "num2", 7 0;
v0x6000000acf30_0 .var "rx1", 0 0;
v0x6000000acfc0_0 .var "transon1", 0 0;
v0x6000000ad050_0 .net "tx1", 0 0, L_0x6000003ac1e0;  1 drivers
S_0x12d606350 .scope task, "recieveNum" "recieveNum" 2 34, 2 34 0, S_0x12d604710;
 .timescale -9 -12;
v0x6000000ac360_0 .var "val", 7 0;
TD_uartTB.recieveNum ;
    %delay 104166000, 0;
    %pushi/vec4 0, 0, 1;
    %store/vec4 v0x6000000acf30_0, 0, 1;
    %pushi/vec4 7, 0, 32;
    %store/vec4 v0x6000000acd80_0, 0, 32;
T_0.0 ;
    %load/vec4 v0x6000000acd80_0;
    %cmpi/s 0, 0, 32;
    %flag_inv 5; GE is !LT
    %jmp/0xz T_0.1, 5;
    %delay 104166000, 0;
    %load/vec4 v0x6000000ac360_0;
    %load/vec4 v0x6000000acd80_0;
    %part/s 1;
    %store/vec4 v0x6000000acf30_0, 0, 1;
    %load/vec4 v0x6000000acd80_0;
    %subi 1, 0, 32;
    %store/vec4 v0x6000000acd80_0, 0, 32;
    %jmp T_0.0;
T_0.1 ;
    %delay 104166000, 0;
    %pushi/vec4 1, 0, 1;
    %store/vec4 v0x6000000acf30_0, 0, 1;
    %end;
S_0x12d6064c0 .scope module, "uart1" "uart" 2 15, 3 72 0, S_0x12d604710;
 .timescale -9 -12;
    .port_info 0 /INPUT 1 "transon";
    .port_info 1 /INPUT 1 "clk";
    .port_info 2 /INPUT 1 "rx";
    .port_info 3 /OUTPUT 1 "tx";
v0x6000000acab0_0 .net "clk", 0 0, v0x6000000accf0_0;  1 drivers
v0x6000000acb40_0 .net "rx", 0 0, v0x6000000acf30_0;  1 drivers
v0x6000000acbd0_0 .net "transon", 0 0, v0x6000000acfc0_0;  1 drivers
v0x6000000acc60_0 .net "tx", 0 0, L_0x6000003ac1e0;  alias, 1 drivers
S_0x12d6058d0 .scope module, "recieverModule" "reciever" 3 78, 3 3 0, S_0x12d6064c0;
 .timescale -9 -12;
    .port_info 0 /INPUT 1 "clk";
    .port_info 1 /INPUT 1 "rx";
P_0x600001cad680 .param/l "datasize" 0 3 7, +C4<00000000000000000000000000001000>;
P_0x600001cad6c0 .param/l "samplerate" 0 3 8, +C4<00000000000000000000000000010000>;
v0x6000000ac3f0_0 .net "clk", 0 0, v0x6000000accf0_0;  alias, 1 drivers
v0x6000000ac480_0 .var "cnt", 7 0;
v0x6000000ac510_0 .var "recieve", 0 0;
v0x6000000ac5a0_0 .var "rreg", 7 0;
v0x6000000ac630_0 .net "rx", 0 0, v0x6000000acf30_0;  alias, 1 drivers
E_0x600003ca80f0 .event posedge, v0x6000000ac3f0_0;
S_0x12d605a40 .scope module, "transmitterModule" "transmitter" 3 79, 3 30 0, S_0x12d6064c0;
 .timescale -9 -12;
    .port_info 0 /INPUT 1 "clk";
    .port_info 1 /INPUT 1 "transmit";
    .port_info 2 /OUTPUT 1 "tx";
P_0x600001cad800 .param/l "datasize" 0 3 35, +C4<00000000000000000000000000001000>;
P_0x600001cad840 .param/l "samplerate" 0 3 36, +C4<00000000000000000000000000010000>;
v0x6000000ac6c0_0 .net "clk", 0 0, v0x6000000accf0_0;  alias, 1 drivers
v0x6000000ac750_0 .var "cnt", 7 0;
v0x6000000ac7e0_0 .var "num", 7 0;
v0x6000000ac870_0 .net "transmit", 0 0, v0x6000000acfc0_0;  alias, 1 drivers
v0x6000000ac900_0 .var "transon", 0 0;
v0x6000000ac990_0 .net "tx", 0 0, L_0x6000003ac1e0;  alias, 1 drivers
v0x6000000aca20_0 .var "txreg", 7 0;
L_0x6000003ac1e0 .part v0x6000000aca20_0, 0, 1;
    .scope S_0x12d6058d0;
T_1 ;
    %pushi/vec4 0, 0, 1;
    %store/vec4 v0x6000000ac510_0, 0, 1;
    %end;
    .thread T_1;
    .scope S_0x12d6058d0;
T_2 ;
    %wait E_0x600003ca80f0;
    %load/vec4 v0x6000000ac630_0;
    %pad/u 32;
    %pushi/vec4 0, 0, 32;
    %cmp/e;
    %flag_get/vec4 4;
    %load/vec4 v0x6000000ac510_0;
    %pad/u 32;
    %pushi/vec4 0, 0, 32;
    %cmp/e;
    %flag_get/vec4 4;
    %and;
    %flag_set/vec4 8;
    %jmp/0xz  T_2.0, 8;
    %pushi/vec4 1, 0, 1;
    %assign/vec4 v0x6000000ac510_0, 0;
    %pushi/vec4 0, 0, 8;
    %assign/vec4 v0x6000000ac480_0, 0;
T_2.0 ;
    %load/vec4 v0x6000000ac510_0;
    %flag_set/vec4 8;
    %jmp/0xz  T_2.2, 8;
    %load/vec4 v0x6000000ac480_0;
    %pad/u 32;
    %cmpi/e 144, 0, 32;
    %jmp/0xz  T_2.4, 4;
    %pushi/vec4 0, 0, 1;
    %assign/vec4 v0x6000000ac510_0, 0;
    %jmp T_2.5;
T_2.4 ;
    %load/vec4 v0x6000000ac480_0;
    %addi 1, 0, 8;
    %assign/vec4 v0x6000000ac480_0, 0;
T_2.5 ;
    %load/vec4 v0x6000000ac480_0;
    %pad/u 32;
    %pushi/vec4 16, 0, 32;
    %mod;
    %cmpi/e 8, 0, 32;
    %jmp/0xz  T_2.6, 4;
    %load/vec4 v0x6000000ac5a0_0;
    %ix/load 4, 1, 0;
    %flag_set/imm 4, 0;
    %shiftl 4;
    %load/vec4 v0x6000000ac630_0;
    %pad/u 8;
    %or;
    %assign/vec4 v0x6000000ac5a0_0, 0;
T_2.6 ;
T_2.2 ;
    %jmp T_2;
    .thread T_2;
    .scope S_0x12d605a40;
T_3 ;
    %pushi/vec4 0, 0, 8;
    %store/vec4 v0x6000000ac750_0, 0, 8;
    %pushi/vec4 170, 0, 8;
    %store/vec4 v0x6000000ac7e0_0, 0, 8;
    %end;
    .thread T_3;
    .scope S_0x12d605a40;
T_4 ;
    %wait E_0x600003ca80f0;
    %load/vec4 v0x6000000ac870_0;
    %flag_set/vec4 8;
    %jmp/0xz  T_4.0, 8;
    %pushi/vec4 1, 0, 1;
    %assign/vec4 v0x6000000ac900_0, 0;
T_4.0 ;
    %load/vec4 v0x6000000ac900_0;
    %flag_set/vec4 8;
    %jmp/0xz  T_4.2, 8;
    %load/vec4 v0x6000000ac750_0;
    %addi 1, 0, 8;
    %assign/vec4 v0x6000000ac750_0, 0;
    %load/vec4 v0x6000000ac750_0;
    %pad/u 32;
    %pushi/vec4 16, 0, 32;
    %mod;
    %cmpi/e 0, 0, 32;
    %jmp/0xz  T_4.4, 4;
    %load/vec4 v0x6000000ac750_0;
    %pad/u 32;
    %pushi/vec4 16, 0, 32;
    %div;
    %dup/vec4;
    %pushi/vec4 0, 0, 32;
    %cmp/u;
    %jmp/1 T_4.6, 6;
    %dup/vec4;
    %pushi/vec4 1, 0, 32;
    %cmp/u;
    %jmp/1 T_4.7, 6;
    %dup/vec4;
    %pushi/vec4 2, 0, 32;
    %cmp/u;
    %jmp/1 T_4.8, 6;
    %dup/vec4;
    %pushi/vec4 3, 0, 32;
    %cmp/u;
    %jmp/1 T_4.9, 6;
    %dup/vec4;
    %pushi/vec4 4, 0, 32;
    %cmp/u;
    %jmp/1 T_4.10, 6;
    %dup/vec4;
    %pushi/vec4 5, 0, 32;
    %cmp/u;
    %jmp/1 T_4.11, 6;
    %dup/vec4;
    %pushi/vec4 6, 0, 32;
    %cmp/u;
    %jmp/1 T_4.12, 6;
    %dup/vec4;
    %pushi/vec4 7, 0, 32;
    %cmp/u;
    %jmp/1 T_4.13, 6;
    %dup/vec4;
    %pushi/vec4 8, 0, 32;
    %cmp/u;
    %jmp/1 T_4.14, 6;
    %dup/vec4;
    %pushi/vec4 9, 0, 32;
    %cmp/u;
    %jmp/1 T_4.15, 6;
    %jmp T_4.16;
T_4.6 ;
    %pushi/vec4 0, 0, 8;
    %assign/vec4 v0x6000000aca20_0, 0;
    %jmp T_4.16;
T_4.7 ;
    %load/vec4 v0x6000000ac7e0_0;
    %parti/s 1, 7, 4;
    %pad/u 8;
    %assign/vec4 v0x6000000aca20_0, 0;
    %jmp T_4.16;
T_4.8 ;
    %load/vec4 v0x6000000ac7e0_0;
    %parti/s 1, 6, 4;
    %pad/u 8;
    %assign/vec4 v0x6000000aca20_0, 0;
    %jmp T_4.16;
T_4.9 ;
    %load/vec4 v0x6000000ac7e0_0;
    %parti/s 1, 5, 4;
    %pad/u 8;
    %assign/vec4 v0x6000000aca20_0, 0;
    %jmp T_4.16;
T_4.10 ;
    %load/vec4 v0x6000000ac7e0_0;
    %parti/s 1, 4, 4;
    %pad/u 8;
    %assign/vec4 v0x6000000aca20_0, 0;
    %jmp T_4.16;
T_4.11 ;
    %load/vec4 v0x6000000ac7e0_0;
    %parti/s 1, 3, 3;
    %pad/u 8;
    %assign/vec4 v0x6000000aca20_0, 0;
    %jmp T_4.16;
T_4.12 ;
    %load/vec4 v0x6000000ac7e0_0;
    %parti/s 1, 2, 3;
    %pad/u 8;
    %assign/vec4 v0x6000000aca20_0, 0;
    %jmp T_4.16;
T_4.13 ;
    %load/vec4 v0x6000000ac7e0_0;
    %parti/s 1, 1, 2;
    %pad/u 8;
    %assign/vec4 v0x6000000aca20_0, 0;
    %jmp T_4.16;
T_4.14 ;
    %load/vec4 v0x6000000ac7e0_0;
    %parti/s 1, 0, 2;
    %pad/u 8;
    %assign/vec4 v0x6000000aca20_0, 0;
    %jmp T_4.16;
T_4.15 ;
    %pushi/vec4 1, 0, 8;
    %assign/vec4 v0x6000000aca20_0, 0;
    %pushi/vec4 0, 0, 8;
    %assign/vec4 v0x6000000ac750_0, 0;
    %pushi/vec4 0, 0, 1;
    %assign/vec4 v0x6000000ac900_0, 0;
    %jmp T_4.16;
T_4.16 ;
    %pop/vec4 1;
T_4.4 ;
T_4.2 ;
    %jmp T_4;
    .thread T_4;
    .scope S_0x12d604710;
T_5 ;
    %pushi/vec4 0, 0, 1;
    %store/vec4 v0x6000000accf0_0, 0, 1;
    %pushi/vec4 170, 0, 8;
    %store/vec4 v0x6000000ace10_0, 0, 8;
    %pushi/vec4 240, 0, 8;
    %store/vec4 v0x6000000acea0_0, 0, 8;
    %end;
    .thread T_5;
    .scope S_0x12d604710;
T_6 ;
    %delay 3255000, 0;
    %load/vec4 v0x6000000accf0_0;
    %inv;
    %assign/vec4 v0x6000000accf0_0, 0;
    %jmp T_6;
    .thread T_6;
    .scope S_0x12d604710;
T_7 ;
    %vpi_call 2 48 "$dumpfile", "uart.vcd" {0 0 0};
    %vpi_call 2 49 "$dumpvars", 32'sb00000000000000000000000000000000 {0 0 0};
    %pushi/vec4 1, 0, 1;
    %store/vec4 v0x6000000acf30_0, 0, 1;
    %delay 100000, 0;
    %load/vec4 v0x6000000ace10_0;
    %store/vec4 v0x6000000ac360_0, 0, 8;
    %fork TD_uartTB.recieveNum, S_0x12d606350;
    %join;
    %delay 100000000, 0;
    %pushi/vec4 1, 0, 1;
    %store/vec4 v0x6000000acfc0_0, 0, 1;
    %delay 1000000, 0;
    %pushi/vec4 0, 0, 1;
    %store/vec4 v0x6000000acfc0_0, 0, 1;
    %delay 1000000000, 0;
    %vpi_call 2 60 "$finish" {0 0 0};
    %end;
    .thread T_7;
# The file index is used to find the file name in the following table.
:file_names 4;
    "N/A";
    "<interactive>";
    "uartTB.v";
    "uart.v";
