#! /opt/homebrew/Cellar/icarus-verilog/11.0/bin/vvp
:ivl_version "11.0 (stable)";
:ivl_delay_selection "TYPICAL";
:vpi_time_precision - 9;
:vpi_module "/opt/homebrew/Cellar/icarus-verilog/11.0/lib/ivl/system.vpi";
:vpi_module "/opt/homebrew/Cellar/icarus-verilog/11.0/lib/ivl/vhdl_sys.vpi";
:vpi_module "/opt/homebrew/Cellar/icarus-verilog/11.0/lib/ivl/vhdl_textio.vpi";
:vpi_module "/opt/homebrew/Cellar/icarus-verilog/11.0/lib/ivl/v2005_math.vpi";
:vpi_module "/opt/homebrew/Cellar/icarus-verilog/11.0/lib/ivl/va_math.vpi";
S_0x117e046c0 .scope module, "ledBlinkTB" "ledBlinkTB" 2 5;
 .timescale -6 -9;
v0x600001b2c240_0 .var "clk", 0 0;
S_0x117e04830 .scope module, "ledBlinkModule" "ledBlink" 2 9, 3 1 0, S_0x117e046c0;
 .timescale -6 -9;
    .port_info 0 /INPUT 1 "clk";
    .port_info 1 /OUTPUT 1 "led";
L_0x60000022c150 .functor BUFZ 1, v0x600001b2c1b0_0, C4<0>, C4<0>, C4<0>;
v0x600001b2c000_0 .net "clk", 0 0, v0x600001b2c240_0;  1 drivers
v0x600001b2c090_0 .var "counter", 15 0;
v0x600001b2c120_0 .net "led", 0 0, L_0x60000022c150;  1 drivers
v0x600001b2c1b0_0 .var "state", 0 0;
E_0x60000272c150 .event posedge, v0x600001b2c000_0;
    .scope S_0x117e04830;
T_0 ;
    %pushi/vec4 0, 0, 16;
    %store/vec4 v0x600001b2c090_0, 0, 16;
    %pushi/vec4 0, 0, 1;
    %store/vec4 v0x600001b2c1b0_0, 0, 1;
    %end;
    .thread T_0;
    .scope S_0x117e04830;
T_1 ;
    %wait E_0x60000272c150;
    %load/vec4 v0x600001b2c090_0;
    %addi 1, 0, 16;
    %assign/vec4 v0x600001b2c090_0, 0;
    %load/vec4 v0x600001b2c090_0;
    %cmpi/e 25000, 0, 16;
    %jmp/0xz  T_1.0, 4;
    %load/vec4 v0x600001b2c1b0_0;
    %inv;
    %assign/vec4 v0x600001b2c1b0_0, 0;
    %pushi/vec4 0, 0, 16;
    %assign/vec4 v0x600001b2c090_0, 0;
T_1.0 ;
    %jmp T_1;
    .thread T_1;
    .scope S_0x117e046c0;
T_2 ;
    %pushi/vec4 0, 0, 1;
    %store/vec4 v0x600001b2c240_0, 0, 1;
    %end;
    .thread T_2;
    .scope S_0x117e046c0;
T_3 ;
    %delay 10000, 0;
    %load/vec4 v0x600001b2c240_0;
    %inv;
    %assign/vec4 v0x600001b2c240_0, 0;
    %jmp T_3;
    .thread T_3;
    .scope S_0x117e046c0;
T_4 ;
    %vpi_call 2 12 "$dumpfile", "ledBlink.vcd" {0 0 0};
    %vpi_call 2 13 "$dumpvars", 32'sb00000000000000000000000000000000 {0 0 0};
    %delay 1410065408, 2;
    %vpi_call 2 15 "$finish" {0 0 0};
    %end;
    .thread T_4;
# The file index is used to find the file name in the following table.
:file_names 4;
    "N/A";
    "<interactive>";
    "ledBlinkTB.v";
    "ledBlink.v";
